INFO - 2023-04-17 06:10:49 --> Session: Class initialized using 'CodeIgniter\Session\Handlers\FileHandler' driver.
ERROR - 2023-04-17 06:10:49 --> mysqli_sql_exception: You have an error in your SQL syntax; check the manual that corresponds to your MariaDB server version for the right syntax to use near '' at line 4 in E:\Jobs\UK Jobs\BenGhana\smartInvests\system\Database\MySQLi\Connection.php:295
Stack trace:
#0 E:\Jobs\UK Jobs\BenGhana\smartInvests\system\Database\MySQLi\Connection.php(295): mysqli->query('SELECT meesage_...', 0)
#1 E:\Jobs\UK Jobs\BenGhana\smartInvests\system\Database\BaseConnection.php(691): CodeIgniter\Database\MySQLi\Connection->execute('SELECT meesage_...')
#2 E:\Jobs\UK Jobs\BenGhana\smartInvests\system\Database\BaseConnection.php(605): CodeIgniter\Database\BaseConnection->simpleQuery('SELECT meesage_...')
#3 E:\Jobs\UK Jobs\BenGhana\smartInvests\app\Controllers\MessagesController.php(23): CodeIgniter\Database\BaseConnection->query('SELECT meesage_...')
#4 E:\Jobs\UK Jobs\BenGhana\smartInvests\system\CodeIgniter.php(934): App\Controllers\MessagesController->index()
#5 E:\Jobs\UK Jobs\BenGhana\smartInvests\system\CodeIgniter.php(499): CodeIgniter\CodeIgniter->runController(Object(App\Controllers\MessagesController))
#6 E:\Jobs\UK Jobs\BenGhana\smartInvests\system\CodeIgniter.php(368): CodeIgniter\CodeIgniter->handleRequest(NULL, Object(Config\Cache), false)
#7 E:\Jobs\UK Jobs\BenGhana\smartInvests\public\index.php(67): CodeIgniter\CodeIgniter->run()
#8 E:\Jobs\UK Jobs\BenGhana\smartInvests\system\Commands\Server\rewrite.php(47): require_once('E:\\Jobs\\UK Jobs...')
#9 {main}
CRITICAL - 2023-04-17 06:10:49 --> You have an error in your SQL syntax; check the manual that corresponds to your MariaDB server version for the right syntax to use near '' at line 4
in SYSTEMPATH\Database\BaseConnection.php on line 645.
 1 APPPATH\Controllers\MessagesController.php(23): CodeIgniter\Database\BaseConnection->query('SELECT meesage_id, usertable.fullName as sender, messages.message as message
        FROM messages 
        JOIN usertable on usertable.id = messages.sender 
        WHERE receiver = ')
 2 SYSTEMPATH\CodeIgniter.php(934): App\Controllers\MessagesController->index()
 3 SYSTEMPATH\CodeIgniter.php(499): CodeIgniter\CodeIgniter->runController(Object(App\Controllers\MessagesController))
 4 SYSTEMPATH\CodeIgniter.php(368): CodeIgniter\CodeIgniter->handleRequest(null, Object(Config\Cache), false)
 5 FCPATH\index.php(67): CodeIgniter\CodeIgniter->run()
 6 SYSTEMPATH\Commands\Server\rewrite.php(47): require_once('FCPATH\\index.php')
INFO - 2023-04-17 06:11:08 --> Session: Class initialized using 'CodeIgniter\Session\Handlers\FileHandler' driver.
ERROR - 2023-04-17 06:11:08 --> mysqli_sql_exception: You have an error in your SQL syntax; check the manual that corresponds to your MariaDB server version for the right syntax to use near '' at line 4 in E:\Jobs\UK Jobs\BenGhana\smartInvests\system\Database\MySQLi\Connection.php:295
Stack trace:
#0 E:\Jobs\UK Jobs\BenGhana\smartInvests\system\Database\MySQLi\Connection.php(295): mysqli->query('SELECT meesage_...', 0)
#1 E:\Jobs\UK Jobs\BenGhana\smartInvests\system\Database\BaseConnection.php(691): CodeIgniter\Database\MySQLi\Connection->execute('SELECT meesage_...')
#2 E:\Jobs\UK Jobs\BenGhana\smartInvests\system\Database\BaseConnection.php(605): CodeIgniter\Database\BaseConnection->simpleQuery('SELECT meesage_...')
#3 E:\Jobs\UK Jobs\BenGhana\smartInvests\app\Controllers\MessagesController.php(23): CodeIgniter\Database\BaseConnection->query('SELECT meesage_...')
#4 E:\Jobs\UK Jobs\BenGhana\smartInvests\system\CodeIgniter.php(934): App\Controllers\MessagesController->index()
#5 E:\Jobs\UK Jobs\BenGhana\smartInvests\system\CodeIgniter.php(499): CodeIgniter\CodeIgniter->runController(Object(App\Controllers\MessagesController))
#6 E:\Jobs\UK Jobs\BenGhana\smartInvests\system\CodeIgniter.php(368): CodeIgniter\CodeIgniter->handleRequest(NULL, Object(Config\Cache), false)
#7 E:\Jobs\UK Jobs\BenGhana\smartInvests\public\index.php(67): CodeIgniter\CodeIgniter->run()
#8 E:\Jobs\UK Jobs\BenGhana\smartInvests\system\Commands\Server\rewrite.php(47): require_once('E:\\Jobs\\UK Jobs...')
#9 {main}
CRITICAL - 2023-04-17 06:11:08 --> You have an error in your SQL syntax; check the manual that corresponds to your MariaDB server version for the right syntax to use near '' at line 4
in SYSTEMPATH\Database\BaseConnection.php on line 645.
 1 APPPATH\Controllers\MessagesController.php(23): CodeIgniter\Database\BaseConnection->query('SELECT meesage_id, usertable.fullName as sender, messages.message as message
        FROM messages 
        JOIN usertable on usertable.id = messages.sender 
        WHERE receiver = ')
 2 SYSTEMPATH\CodeIgniter.php(934): App\Controllers\MessagesController->index()
 3 SYSTEMPATH\CodeIgniter.php(499): CodeIgniter\CodeIgniter->runController(Object(App\Controllers\MessagesController))
 4 SYSTEMPATH\CodeIgniter.php(368): CodeIgniter\CodeIgniter->handleRequest(null, Object(Config\Cache), false)
 5 FCPATH\index.php(67): CodeIgniter\CodeIgniter->run()
 6 SYSTEMPATH\Commands\Server\rewrite.php(47): require_once('FCPATH\\index.php')
INFO - 2023-04-17 06:11:33 --> Session: Class initialized using 'CodeIgniter\Session\Handlers\FileHandler' driver.
ERROR - 2023-04-17 06:11:33 --> mysqli_sql_exception: You have an error in your SQL syntax; check the manual that corresponds to your MariaDB server version for the right syntax to use near '' at line 4 in E:\Jobs\UK Jobs\BenGhana\smartInvests\system\Database\MySQLi\Connection.php:295
Stack trace:
#0 E:\Jobs\UK Jobs\BenGhana\smartInvests\system\Database\MySQLi\Connection.php(295): mysqli->query('SELECT meesage_...', 0)
#1 E:\Jobs\UK Jobs\BenGhana\smartInvests\system\Database\BaseConnection.php(691): CodeIgniter\Database\MySQLi\Connection->execute('SELECT meesage_...')
#2 E:\Jobs\UK Jobs\BenGhana\smartInvests\system\Database\BaseConnection.php(605): CodeIgniter\Database\BaseConnection->simpleQuery('SELECT meesage_...')
#3 E:\Jobs\UK Jobs\BenGhana\smartInvests\app\Controllers\MessagesController.php(23): CodeIgniter\Database\BaseConnection->query('SELECT meesage_...')
#4 E:\Jobs\UK Jobs\BenGhana\smartInvests\system\CodeIgniter.php(934): App\Controllers\MessagesController->index()
#5 E:\Jobs\UK Jobs\BenGhana\smartInvests\system\CodeIgniter.php(499): CodeIgniter\CodeIgniter->runController(Object(App\Controllers\MessagesController))
#6 E:\Jobs\UK Jobs\BenGhana\smartInvests\system\CodeIgniter.php(368): CodeIgniter\CodeIgniter->handleRequest(NULL, Object(Config\Cache), false)
#7 E:\Jobs\UK Jobs\BenGhana\smartInvests\public\index.php(67): CodeIgniter\CodeIgniter->run()
#8 E:\Jobs\UK Jobs\BenGhana\smartInvests\system\Commands\Server\rewrite.php(47): require_once('E:\\Jobs\\UK Jobs...')
#9 {main}
CRITICAL - 2023-04-17 06:11:33 --> You have an error in your SQL syntax; check the manual that corresponds to your MariaDB server version for the right syntax to use near '' at line 4
in SYSTEMPATH\Database\BaseConnection.php on line 645.
 1 APPPATH\Controllers\MessagesController.php(23): CodeIgniter\Database\BaseConnection->query('SELECT meesage_id, usertable.fullName as sender, messages.message as message
        FROM messages 
        JOIN usertable on usertable.id = messages.sender 
        WHERE receiver = ')
 2 SYSTEMPATH\CodeIgniter.php(934): App\Controllers\MessagesController->index()
 3 SYSTEMPATH\CodeIgniter.php(499): CodeIgniter\CodeIgniter->runController(Object(App\Controllers\MessagesController))
 4 SYSTEMPATH\CodeIgniter.php(368): CodeIgniter\CodeIgniter->handleRequest(null, Object(Config\Cache), false)
 5 FCPATH\index.php(67): CodeIgniter\CodeIgniter->run()
 6 SYSTEMPATH\Commands\Server\rewrite.php(47): require_once('FCPATH\\index.php')
INFO - 2023-04-17 06:20:28 --> Session: Class initialized using 'CodeIgniter\Session\Handlers\FileHandler' driver.
ERROR - 2023-04-17 06:20:28 --> mysqli_sql_exception: You have an error in your SQL syntax; check the manual that corresponds to your MariaDB server version for the right syntax to use near '' at line 4 in E:\Jobs\UK Jobs\BenGhana\smartInvests\system\Database\MySQLi\Connection.php:295
Stack trace:
#0 E:\Jobs\UK Jobs\BenGhana\smartInvests\system\Database\MySQLi\Connection.php(295): mysqli->query('SELECT meesage_...', 0)
#1 E:\Jobs\UK Jobs\BenGhana\smartInvests\system\Database\BaseConnection.php(691): CodeIgniter\Database\MySQLi\Connection->execute('SELECT meesage_...')
#2 E:\Jobs\UK Jobs\BenGhana\smartInvests\system\Database\BaseConnection.php(605): CodeIgniter\Database\BaseConnection->simpleQuery('SELECT meesage_...')
#3 E:\Jobs\UK Jobs\BenGhana\smartInvests\app\Controllers\MessagesController.php(23): CodeIgniter\Database\BaseConnection->query('SELECT meesage_...')
#4 E:\Jobs\UK Jobs\BenGhana\smartInvests\system\CodeIgniter.php(934): App\Controllers\MessagesController->index()
#5 E:\Jobs\UK Jobs\BenGhana\smartInvests\system\CodeIgniter.php(499): CodeIgniter\CodeIgniter->runController(Object(App\Controllers\MessagesController))
#6 E:\Jobs\UK Jobs\BenGhana\smartInvests\system\CodeIgniter.php(368): CodeIgniter\CodeIgniter->handleRequest(NULL, Object(Config\Cache), false)
#7 E:\Jobs\UK Jobs\BenGhana\smartInvests\public\index.php(67): CodeIgniter\CodeIgniter->run()
#8 E:\Jobs\UK Jobs\BenGhana\smartInvests\system\Commands\Server\rewrite.php(47): require_once('E:\\Jobs\\UK Jobs...')
#9 {main}
CRITICAL - 2023-04-17 06:20:28 --> You have an error in your SQL syntax; check the manual that corresponds to your MariaDB server version for the right syntax to use near '' at line 4
in SYSTEMPATH\Database\BaseConnection.php on line 645.
 1 APPPATH\Controllers\MessagesController.php(23): CodeIgniter\Database\BaseConnection->query('SELECT meesage_id, usertable.fullName as sender, messages.message as message
        FROM messages 
        JOIN usertable on usertable.id = messages.sender 
        WHERE receiver = ')
 2 SYSTEMPATH\CodeIgniter.php(934): App\Controllers\MessagesController->index()
 3 SYSTEMPATH\CodeIgniter.php(499): CodeIgniter\CodeIgniter->runController(Object(App\Controllers\MessagesController))
 4 SYSTEMPATH\CodeIgniter.php(368): CodeIgniter\CodeIgniter->handleRequest(null, Object(Config\Cache), false)
 5 FCPATH\index.php(67): CodeIgniter\CodeIgniter->run()
 6 SYSTEMPATH\Commands\Server\rewrite.php(47): require_once('FCPATH\\index.php')
INFO - 2023-04-17 06:20:28 --> Session: Class initialized using 'CodeIgniter\Session\Handlers\FileHandler' driver.
ERROR - 2023-04-17 06:20:28 --> mysqli_sql_exception: You have an error in your SQL syntax; check the manual that corresponds to your MariaDB server version for the right syntax to use near '' at line 4 in E:\Jobs\UK Jobs\BenGhana\smartInvests\system\Database\MySQLi\Connection.php:295
Stack trace:
#0 E:\Jobs\UK Jobs\BenGhana\smartInvests\system\Database\MySQLi\Connection.php(295): mysqli->query('SELECT meesage_...', 0)
#1 E:\Jobs\UK Jobs\BenGhana\smartInvests\system\Database\BaseConnection.php(691): CodeIgniter\Database\MySQLi\Connection->execute('SELECT meesage_...')
#2 E:\Jobs\UK Jobs\BenGhana\smartInvests\system\Database\BaseConnection.php(605): CodeIgniter\Database\BaseConnection->simpleQuery('SELECT meesage_...')
#3 E:\Jobs\UK Jobs\BenGhana\smartInvests\app\Controllers\MessagesController.php(23): CodeIgniter\Database\BaseConnection->query('SELECT meesage_...')
#4 E:\Jobs\UK Jobs\BenGhana\smartInvests\system\CodeIgniter.php(934): App\Controllers\MessagesController->index()
#5 E:\Jobs\UK Jobs\BenGhana\smartInvests\system\CodeIgniter.php(499): CodeIgniter\CodeIgniter->runController(Object(App\Controllers\MessagesController))
#6 E:\Jobs\UK Jobs\BenGhana\smartInvests\system\CodeIgniter.php(368): CodeIgniter\CodeIgniter->handleRequest(NULL, Object(Config\Cache), false)
#7 E:\Jobs\UK Jobs\BenGhana\smartInvests\public\index.php(67): CodeIgniter\CodeIgniter->run()
#8 E:\Jobs\UK Jobs\BenGhana\smartInvests\system\Commands\Server\rewrite.php(47): require_once('E:\\Jobs\\UK Jobs...')
#9 {main}
CRITICAL - 2023-04-17 06:20:28 --> You have an error in your SQL syntax; check the manual that corresponds to your MariaDB server version for the right syntax to use near '' at line 4
in SYSTEMPATH\Database\BaseConnection.php on line 645.
 1 APPPATH\Controllers\MessagesController.php(23): CodeIgniter\Database\BaseConnection->query('SELECT meesage_id, usertable.fullName as sender, messages.message as message
        FROM messages 
        JOIN usertable on usertable.id = messages.sender 
        WHERE receiver = ')
 2 SYSTEMPATH\CodeIgniter.php(934): App\Controllers\MessagesController->index()
 3 SYSTEMPATH\CodeIgniter.php(499): CodeIgniter\CodeIgniter->runController(Object(App\Controllers\MessagesController))
 4 SYSTEMPATH\CodeIgniter.php(368): CodeIgniter\CodeIgniter->handleRequest(null, Object(Config\Cache), false)
 5 FCPATH\index.php(67): CodeIgniter\CodeIgniter->run()
 6 SYSTEMPATH\Commands\Server\rewrite.php(47): require_once('FCPATH\\index.php')
INFO - 2023-04-17 06:20:28 --> Session: Class initialized using 'CodeIgniter\Session\Handlers\FileHandler' driver.
ERROR - 2023-04-17 06:20:28 --> mysqli_sql_exception: You have an error in your SQL syntax; check the manual that corresponds to your MariaDB server version for the right syntax to use near '' at line 4 in E:\Jobs\UK Jobs\BenGhana\smartInvests\system\Database\MySQLi\Connection.php:295
Stack trace:
#0 E:\Jobs\UK Jobs\BenGhana\smartInvests\system\Database\MySQLi\Connection.php(295): mysqli->query('SELECT meesage_...', 0)
#1 E:\Jobs\UK Jobs\BenGhana\smartInvests\system\Database\BaseConnection.php(691): CodeIgniter\Database\MySQLi\Connection->execute('SELECT meesage_...')
#2 E:\Jobs\UK Jobs\BenGhana\smartInvests\system\Database\BaseConnection.php(605): CodeIgniter\Database\BaseConnection->simpleQuery('SELECT meesage_...')
#3 E:\Jobs\UK Jobs\BenGhana\smartInvests\app\Controllers\MessagesController.php(23): CodeIgniter\Database\BaseConnection->query('SELECT meesage_...')
#4 E:\Jobs\UK Jobs\BenGhana\smartInvests\system\CodeIgniter.php(934): App\Controllers\MessagesController->index()
#5 E:\Jobs\UK Jobs\BenGhana\smartInvests\system\CodeIgniter.php(499): CodeIgniter\CodeIgniter->runController(Object(App\Controllers\MessagesController))
#6 E:\Jobs\UK Jobs\BenGhana\smartInvests\system\CodeIgniter.php(368): CodeIgniter\CodeIgniter->handleRequest(NULL, Object(Config\Cache), false)
#7 E:\Jobs\UK Jobs\BenGhana\smartInvests\public\index.php(67): CodeIgniter\CodeIgniter->run()
#8 E:\Jobs\UK Jobs\BenGhana\smartInvests\system\Commands\Server\rewrite.php(47): require_once('E:\\Jobs\\UK Jobs...')
#9 {main}
CRITICAL - 2023-04-17 06:20:28 --> You have an error in your SQL syntax; check the manual that corresponds to your MariaDB server version for the right syntax to use near '' at line 4
in SYSTEMPATH\Database\BaseConnection.php on line 645.
 1 APPPATH\Controllers\MessagesController.php(23): CodeIgniter\Database\BaseConnection->query('SELECT meesage_id, usertable.fullName as sender, messages.message as message
        FROM messages 
        JOIN usertable on usertable.id = messages.sender 
        WHERE receiver = ')
 2 SYSTEMPATH\CodeIgniter.php(934): App\Controllers\MessagesController->index()
 3 SYSTEMPATH\CodeIgniter.php(499): CodeIgniter\CodeIgniter->runController(Object(App\Controllers\MessagesController))
 4 SYSTEMPATH\CodeIgniter.php(368): CodeIgniter\CodeIgniter->handleRequest(null, Object(Config\Cache), false)
 5 FCPATH\index.php(67): CodeIgniter\CodeIgniter->run()
 6 SYSTEMPATH\Commands\Server\rewrite.php(47): require_once('FCPATH\\index.php')
INFO - 2023-04-17 06:21:41 --> Session: Class initialized using 'CodeIgniter\Session\Handlers\FileHandler' driver.
ERROR - 2023-04-17 06:21:41 --> mysqli_sql_exception: You have an error in your SQL syntax; check the manual that corresponds to your MariaDB server version for the right syntax to use near '' at line 4 in E:\Jobs\UK Jobs\BenGhana\smartInvests\system\Database\MySQLi\Connection.php:295
Stack trace:
#0 E:\Jobs\UK Jobs\BenGhana\smartInvests\system\Database\MySQLi\Connection.php(295): mysqli->query('SELECT meesage_...', 0)
#1 E:\Jobs\UK Jobs\BenGhana\smartInvests\system\Database\BaseConnection.php(691): CodeIgniter\Database\MySQLi\Connection->execute('SELECT meesage_...')
#2 E:\Jobs\UK Jobs\BenGhana\smartInvests\system\Database\BaseConnection.php(605): CodeIgniter\Database\BaseConnection->simpleQuery('SELECT meesage_...')
#3 E:\Jobs\UK Jobs\BenGhana\smartInvests\app\Controllers\MessagesController.php(23): CodeIgniter\Database\BaseConnection->query('SELECT meesage_...')
#4 E:\Jobs\UK Jobs\BenGhana\smartInvests\system\CodeIgniter.php(934): App\Controllers\MessagesController->index()
#5 E:\Jobs\UK Jobs\BenGhana\smartInvests\system\CodeIgniter.php(499): CodeIgniter\CodeIgniter->runController(Object(App\Controllers\MessagesController))
#6 E:\Jobs\UK Jobs\BenGhana\smartInvests\system\CodeIgniter.php(368): CodeIgniter\CodeIgniter->handleRequest(NULL, Object(Config\Cache), false)
#7 E:\Jobs\UK Jobs\BenGhana\smartInvests\public\index.php(67): CodeIgniter\CodeIgniter->run()
#8 E:\Jobs\UK Jobs\BenGhana\smartInvests\system\Commands\Server\rewrite.php(47): require_once('E:\\Jobs\\UK Jobs...')
#9 {main}
CRITICAL - 2023-04-17 06:21:41 --> You have an error in your SQL syntax; check the manual that corresponds to your MariaDB server version for the right syntax to use near '' at line 4
in SYSTEMPATH\Database\BaseConnection.php on line 645.
 1 APPPATH\Controllers\MessagesController.php(23): CodeIgniter\Database\BaseConnection->query('SELECT meesage_id, usertable.fullName as sender, messages.message as message
        FROM messages 
        JOIN usertable on usertable.id = messages.sender 
        WHERE receiver = ')
 2 SYSTEMPATH\CodeIgniter.php(934): App\Controllers\MessagesController->index()
 3 SYSTEMPATH\CodeIgniter.php(499): CodeIgniter\CodeIgniter->runController(Object(App\Controllers\MessagesController))
 4 SYSTEMPATH\CodeIgniter.php(368): CodeIgniter\CodeIgniter->handleRequest(null, Object(Config\Cache), false)
 5 FCPATH\index.php(67): CodeIgniter\CodeIgniter->run()
 6 SYSTEMPATH\Commands\Server\rewrite.php(47): require_once('FCPATH\\index.php')
INFO - 2023-04-17 06:22:31 --> Session: Class initialized using 'CodeIgniter\Session\Handlers\FileHandler' driver.
ERROR - 2023-04-17 06:22:31 --> mysqli_sql_exception: You have an error in your SQL syntax; check the manual that corresponds to your MariaDB server version for the right syntax to use near '' at line 4 in E:\Jobs\UK Jobs\BenGhana\smartInvests\system\Database\MySQLi\Connection.php:295
Stack trace:
#0 E:\Jobs\UK Jobs\BenGhana\smartInvests\system\Database\MySQLi\Connection.php(295): mysqli->query('SELECT meesage_...', 0)
#1 E:\Jobs\UK Jobs\BenGhana\smartInvests\system\Database\BaseConnection.php(691): CodeIgniter\Database\MySQLi\Connection->execute('SELECT meesage_...')
#2 E:\Jobs\UK Jobs\BenGhana\smartInvests\system\Database\BaseConnection.php(605): CodeIgniter\Database\BaseConnection->simpleQuery('SELECT meesage_...')
#3 E:\Jobs\UK Jobs\BenGhana\smartInvests\app\Controllers\MessagesController.php(23): CodeIgniter\Database\BaseConnection->query('SELECT meesage_...')
#4 E:\Jobs\UK Jobs\BenGhana\smartInvests\system\CodeIgniter.php(934): App\Controllers\MessagesController->index()
#5 E:\Jobs\UK Jobs\BenGhana\smartInvests\system\CodeIgniter.php(499): CodeIgniter\CodeIgniter->runController(Object(App\Controllers\MessagesController))
#6 E:\Jobs\UK Jobs\BenGhana\smartInvests\system\CodeIgniter.php(368): CodeIgniter\CodeIgniter->handleRequest(NULL, Object(Config\Cache), false)
#7 E:\Jobs\UK Jobs\BenGhana\smartInvests\public\index.php(67): CodeIgniter\CodeIgniter->run()
#8 E:\Jobs\UK Jobs\BenGhana\smartInvests\system\Commands\Server\rewrite.php(47): require_once('E:\\Jobs\\UK Jobs...')
#9 {main}
CRITICAL - 2023-04-17 06:22:31 --> You have an error in your SQL syntax; check the manual that corresponds to your MariaDB server version for the right syntax to use near '' at line 4
in SYSTEMPATH\Database\BaseConnection.php on line 645.
 1 APPPATH\Controllers\MessagesController.php(23): CodeIgniter\Database\BaseConnection->query('SELECT meesage_id, usertable.fullName as sender, messages.message as message
        FROM messages 
        JOIN usertable on usertable.id = messages.sender 
        WHERE receiver = ')
 2 SYSTEMPATH\CodeIgniter.php(934): App\Controllers\MessagesController->index()
 3 SYSTEMPATH\CodeIgniter.php(499): CodeIgniter\CodeIgniter->runController(Object(App\Controllers\MessagesController))
 4 SYSTEMPATH\CodeIgniter.php(368): CodeIgniter\CodeIgniter->handleRequest(null, Object(Config\Cache), false)
 5 FCPATH\index.php(67): CodeIgniter\CodeIgniter->run()
 6 SYSTEMPATH\Commands\Server\rewrite.php(47): require_once('FCPATH\\index.php')
INFO - 2023-04-17 06:26:12 --> Session: Class initialized using 'CodeIgniter\Session\Handlers\FileHandler' driver.
INFO - 2023-04-17 06:26:42 --> Session: Class initialized using 'CodeIgniter\Session\Handlers\FileHandler' driver.
INFO - 2023-04-17 06:26:44 --> Session: Class initialized using 'CodeIgniter\Session\Handlers\FileHandler' driver.
INFO - 2023-04-17 06:26:44 --> Session: Class initialized using 'CodeIgniter\Session\Handlers\FileHandler' driver.
INFO - 2023-04-17 06:26:46 --> Session: Class initialized using 'CodeIgniter\Session\Handlers\FileHandler' driver.
INFO - 2023-04-17 06:26:48 --> Session: Class initialized using 'CodeIgniter\Session\Handlers\FileHandler' driver.
INFO - 2023-04-17 06:26:49 --> Session: Class initialized using 'CodeIgniter\Session\Handlers\FileHandler' driver.
INFO - 2023-04-17 06:26:51 --> Session: Class initialized using 'CodeIgniter\Session\Handlers\FileHandler' driver.
INFO - 2023-04-17 06:26:52 --> Session: Class initialized using 'CodeIgniter\Session\Handlers\FileHandler' driver.
INFO - 2023-04-17 06:26:55 --> Session: Class initialized using 'CodeIgniter\Session\Handlers\FileHandler' driver.
INFO - 2023-04-17 06:27:23 --> Session: Class initialized using 'CodeIgniter\Session\Handlers\FileHandler' driver.
INFO - 2023-04-17 06:27:27 --> Session: Class initialized using 'CodeIgniter\Session\Handlers\FileHandler' driver.
INFO - 2023-04-17 06:27:28 --> Session: Class initialized using 'CodeIgniter\Session\Handlers\FileHandler' driver.
INFO - 2023-04-17 06:27:30 --> Session: Class initialized using 'CodeIgniter\Session\Handlers\FileHandler' driver.
INFO - 2023-04-17 06:27:31 --> Session: Class initialized using 'CodeIgniter\Session\Handlers\FileHandler' driver.
INFO - 2023-04-17 06:27:31 --> Session: Class initialized using 'CodeIgniter\Session\Handlers\FileHandler' driver.
INFO - 2023-04-17 06:27:35 --> Session: Class initialized using 'CodeIgniter\Session\Handlers\FileHandler' driver.
INFO - 2023-04-17 06:27:46 --> Session: Class initialized using 'CodeIgniter\Session\Handlers\FileHandler' driver.
INFO - 2023-04-17 06:27:47 --> Session: Class initialized using 'CodeIgniter\Session\Handlers\FileHandler' driver.
INFO - 2023-04-17 06:27:47 --> Session: Class initialized using 'CodeIgniter\Session\Handlers\FileHandler' driver.
INFO - 2023-04-17 06:27:49 --> Session: Class initialized using 'CodeIgniter\Session\Handlers\FileHandler' driver.
INFO - 2023-04-17 06:27:50 --> Session: Class initialized using 'CodeIgniter\Session\Handlers\FileHandler' driver.
INFO - 2023-04-17 06:27:54 --> Session: Class initialized using 'CodeIgniter\Session\Handlers\FileHandler' driver.
INFO - 2023-04-17 06:27:55 --> Session: Class initialized using 'CodeIgniter\Session\Handlers\FileHandler' driver.
INFO - 2023-04-17 06:27:59 --> Session: Class initialized using 'CodeIgniter\Session\Handlers\FileHandler' driver.
INFO - 2023-04-17 06:31:59 --> Session: Class initialized using 'CodeIgniter\Session\Handlers\FileHandler' driver.
INFO - 2023-04-17 06:32:53 --> Session: Class initialized using 'CodeIgniter\Session\Handlers\FileHandler' driver.
INFO - 2023-04-17 06:32:54 --> Session: Class initialized using 'CodeIgniter\Session\Handlers\FileHandler' driver.
INFO - 2023-04-17 06:32:57 --> Session: Class initialized using 'CodeIgniter\Session\Handlers\FileHandler' driver.
INFO - 2023-04-17 06:32:59 --> Session: Class initialized using 'CodeIgniter\Session\Handlers\FileHandler' driver.
ERROR - 2023-04-17 06:32:59 --> mysqli_sql_exception: Cannot delete or update a parent row: a foreign key constraint fails (`finance`.`investments`, CONSTRAINT `investments_ibfk_2` FOREIGN KEY (`idea_id`) REFERENCES `producttable` (`id`)) in E:\Jobs\UK Jobs\BenGhana\smartInvests\system\Database\MySQLi\Connection.php:295
Stack trace:
#0 E:\Jobs\UK Jobs\BenGhana\smartInvests\system\Database\MySQLi\Connection.php(295): mysqli->query('DELETE FROM `pr...', 0)
#1 E:\Jobs\UK Jobs\BenGhana\smartInvests\system\Database\BaseConnection.php(691): CodeIgniter\Database\MySQLi\Connection->execute('DELETE FROM `pr...')
#2 E:\Jobs\UK Jobs\BenGhana\smartInvests\system\Database\BaseConnection.php(605): CodeIgniter\Database\BaseConnection->simpleQuery('DELETE FROM `pr...')
#3 E:\Jobs\UK Jobs\BenGhana\smartInvests\system\Database\BaseBuilder.php(2777): CodeIgniter\Database\BaseConnection->query('DELETE FROM `pr...', Array, false)
#4 E:\Jobs\UK Jobs\BenGhana\smartInvests\system\Model.php(455): CodeIgniter\Database\BaseBuilder->delete()
#5 E:\Jobs\UK Jobs\BenGhana\smartInvests\system\BaseModel.php(1065): CodeIgniter\Model->doDelete(Array, false)
#6 E:\Jobs\UK Jobs\BenGhana\smartInvests\app\Controllers\ProductController.php(89): CodeIgniter\BaseModel->delete(Array)
#7 E:\Jobs\UK Jobs\BenGhana\smartInvests\system\CodeIgniter.php(934): App\Controllers\ProductController->delete('2')
#8 E:\Jobs\UK Jobs\BenGhana\smartInvests\system\CodeIgniter.php(499): CodeIgniter\CodeIgniter->runController(Object(App\Controllers\ProductController))
#9 E:\Jobs\UK Jobs\BenGhana\smartInvests\system\CodeIgniter.php(368): CodeIgniter\CodeIgniter->handleRequest(NULL, Object(Config\Cache), false)
#10 E:\Jobs\UK Jobs\BenGhana\smartInvests\public\index.php(67): CodeIgniter\CodeIgniter->run()
#11 E:\Jobs\UK Jobs\BenGhana\smartInvests\system\Commands\Server\rewrite.php(47): require_once('E:\\Jobs\\UK Jobs...')
#12 {main}
CRITICAL - 2023-04-17 06:32:59 --> Cannot delete or update a parent row: a foreign key constraint fails (`finance`.`investments`, CONSTRAINT `investments_ibfk_2` FOREIGN KEY (`idea_id`) REFERENCES `producttable` (`id`))
in SYSTEMPATH\Database\BaseConnection.php on line 645.
 1 SYSTEMPATH\Database\BaseBuilder.php(2777): CodeIgniter\Database\BaseConnection->query('DELETE FROM `producttable`
WHERE `id` = :id:
AND `id` IN :id.1:', [...], false)
 2 SYSTEMPATH\Model.php(455): CodeIgniter\Database\BaseBuilder->delete()
 3 SYSTEMPATH\BaseModel.php(1065): CodeIgniter\Model->doDelete([...], false)
 4 APPPATH\Controllers\ProductController.php(89): CodeIgniter\BaseModel->delete([...])
 5 SYSTEMPATH\CodeIgniter.php(934): App\Controllers\ProductController->delete('2')
 6 SYSTEMPATH\CodeIgniter.php(499): CodeIgniter\CodeIgniter->runController(Object(App\Controllers\ProductController))
 7 SYSTEMPATH\CodeIgniter.php(368): CodeIgniter\CodeIgniter->handleRequest(null, Object(Config\Cache), false)
 8 FCPATH\index.php(67): CodeIgniter\CodeIgniter->run()
 9 SYSTEMPATH\Commands\Server\rewrite.php(47): require_once('FCPATH\\index.php')
INFO - 2023-04-17 06:35:50 --> Session: Class initialized using 'CodeIgniter\Session\Handlers\FileHandler' driver.
ERROR - 2023-04-17 06:35:50 --> mysqli_sql_exception: Cannot delete or update a parent row: a foreign key constraint fails (`finance`.`investments`, CONSTRAINT `investments_ibfk_2` FOREIGN KEY (`idea_id`) REFERENCES `producttable` (`id`)) in E:\Jobs\UK Jobs\BenGhana\smartInvests\system\Database\MySQLi\Connection.php:295
Stack trace:
#0 E:\Jobs\UK Jobs\BenGhana\smartInvests\system\Database\MySQLi\Connection.php(295): mysqli->query('DELETE FROM `pr...', 0)
#1 E:\Jobs\UK Jobs\BenGhana\smartInvests\system\Database\BaseConnection.php(691): CodeIgniter\Database\MySQLi\Connection->execute('DELETE FROM `pr...')
#2 E:\Jobs\UK Jobs\BenGhana\smartInvests\system\Database\BaseConnection.php(605): CodeIgniter\Database\BaseConnection->simpleQuery('DELETE FROM `pr...')
#3 E:\Jobs\UK Jobs\BenGhana\smartInvests\system\Database\BaseBuilder.php(2777): CodeIgniter\Database\BaseConnection->query('DELETE FROM `pr...', Array, false)
#4 E:\Jobs\UK Jobs\BenGhana\smartInvests\system\Model.php(455): CodeIgniter\Database\BaseBuilder->delete()
#5 E:\Jobs\UK Jobs\BenGhana\smartInvests\system\BaseModel.php(1065): CodeIgniter\Model->doDelete(Array, false)
#6 E:\Jobs\UK Jobs\BenGhana\smartInvests\app\Controllers\ProductController.php(89): CodeIgniter\BaseModel->delete(Array)
#7 E:\Jobs\UK Jobs\BenGhana\smartInvests\system\CodeIgniter.php(934): App\Controllers\ProductController->delete('2')
#8 E:\Jobs\UK Jobs\BenGhana\smartInvests\system\CodeIgniter.php(499): CodeIgniter\CodeIgniter->runController(Object(App\Controllers\ProductController))
#9 E:\Jobs\UK Jobs\BenGhana\smartInvests\system\CodeIgniter.php(368): CodeIgniter\CodeIgniter->handleRequest(NULL, Object(Config\Cache), false)
#10 E:\Jobs\UK Jobs\BenGhana\smartInvests\public\index.php(67): CodeIgniter\CodeIgniter->run()
#11 E:\Jobs\UK Jobs\BenGhana\smartInvests\system\Commands\Server\rewrite.php(47): require_once('E:\\Jobs\\UK Jobs...')
#12 {main}
CRITICAL - 2023-04-17 06:35:50 --> Cannot delete or update a parent row: a foreign key constraint fails (`finance`.`investments`, CONSTRAINT `investments_ibfk_2` FOREIGN KEY (`idea_id`) REFERENCES `producttable` (`id`))
in SYSTEMPATH\Database\BaseConnection.php on line 645.
 1 SYSTEMPATH\Database\BaseBuilder.php(2777): CodeIgniter\Database\BaseConnection->query('DELETE FROM `producttable`
WHERE `id` = :id:
AND `id` IN :id.1:', [...], false)
 2 SYSTEMPATH\Model.php(455): CodeIgniter\Database\BaseBuilder->delete()
 3 SYSTEMPATH\BaseModel.php(1065): CodeIgniter\Model->doDelete([...], false)
 4 APPPATH\Controllers\ProductController.php(89): CodeIgniter\BaseModel->delete([...])
 5 SYSTEMPATH\CodeIgniter.php(934): App\Controllers\ProductController->delete('2')
 6 SYSTEMPATH\CodeIgniter.php(499): CodeIgniter\CodeIgniter->runController(Object(App\Controllers\ProductController))
 7 SYSTEMPATH\CodeIgniter.php(368): CodeIgniter\CodeIgniter->handleRequest(null, Object(Config\Cache), false)
 8 FCPATH\index.php(67): CodeIgniter\CodeIgniter->run()
 9 SYSTEMPATH\Commands\Server\rewrite.php(47): require_once('FCPATH\\index.php')
INFO - 2023-04-17 06:35:53 --> Session: Class initialized using 'CodeIgniter\Session\Handlers\FileHandler' driver.
INFO - 2023-04-17 06:56:11 --> Session: Class initialized using 'CodeIgniter\Session\Handlers\FileHandler' driver.
INFO - 2023-04-17 06:56:13 --> Session: Class initialized using 'CodeIgniter\Session\Handlers\FileHandler' driver.
ERROR - 2023-04-17 06:56:13 --> mysqli_sql_exception: Cannot delete or update a parent row: a foreign key constraint fails (`finance`.`investments`, CONSTRAINT `investments_ibfk_2` FOREIGN KEY (`idea_id`) REFERENCES `producttable` (`id`)) in E:\Jobs\UK Jobs\BenGhana\smartInvests\system\Database\MySQLi\Connection.php:295
Stack trace:
#0 E:\Jobs\UK Jobs\BenGhana\smartInvests\system\Database\MySQLi\Connection.php(295): mysqli->query('DELETE FROM `pr...', 0)
#1 E:\Jobs\UK Jobs\BenGhana\smartInvests\system\Database\BaseConnection.php(691): CodeIgniter\Database\MySQLi\Connection->execute('DELETE FROM `pr...')
#2 E:\Jobs\UK Jobs\BenGhana\smartInvests\system\Database\BaseConnection.php(605): CodeIgniter\Database\BaseConnection->simpleQuery('DELETE FROM `pr...')
#3 E:\Jobs\UK Jobs\BenGhana\smartInvests\system\Database\BaseBuilder.php(2777): CodeIgniter\Database\BaseConnection->query('DELETE FROM `pr...', Array, false)
#4 E:\Jobs\UK Jobs\BenGhana\smartInvests\system\Model.php(455): CodeIgniter\Database\BaseBuilder->delete()
#5 E:\Jobs\UK Jobs\BenGhana\smartInvests\system\BaseModel.php(1065): CodeIgniter\Model->doDelete(Array, false)
#6 E:\Jobs\UK Jobs\BenGhana\smartInvests\app\Controllers\ProductController.php(89): CodeIgniter\BaseModel->delete(Array)
#7 E:\Jobs\UK Jobs\BenGhana\smartInvests\system\CodeIgniter.php(934): App\Controllers\ProductController->delete('2')
#8 E:\Jobs\UK Jobs\BenGhana\smartInvests\system\CodeIgniter.php(499): CodeIgniter\CodeIgniter->runController(Object(App\Controllers\ProductController))
#9 E:\Jobs\UK Jobs\BenGhana\smartInvests\system\CodeIgniter.php(368): CodeIgniter\CodeIgniter->handleRequest(NULL, Object(Config\Cache), false)
#10 E:\Jobs\UK Jobs\BenGhana\smartInvests\public\index.php(67): CodeIgniter\CodeIgniter->run()
#11 E:\Jobs\UK Jobs\BenGhana\smartInvests\system\Commands\Server\rewrite.php(47): require_once('E:\\Jobs\\UK Jobs...')
#12 {main}
CRITICAL - 2023-04-17 06:56:13 --> Cannot delete or update a parent row: a foreign key constraint fails (`finance`.`investments`, CONSTRAINT `investments_ibfk_2` FOREIGN KEY (`idea_id`) REFERENCES `producttable` (`id`))
in SYSTEMPATH\Database\BaseConnection.php on line 645.
 1 SYSTEMPATH\Database\BaseBuilder.php(2777): CodeIgniter\Database\BaseConnection->query('DELETE FROM `producttable`
WHERE `id` = :id:
AND `id` IN :id.1:', [...], false)
 2 SYSTEMPATH\Model.php(455): CodeIgniter\Database\BaseBuilder->delete()
 3 SYSTEMPATH\BaseModel.php(1065): CodeIgniter\Model->doDelete([...], false)
 4 APPPATH\Controllers\ProductController.php(89): CodeIgniter\BaseModel->delete([...])
 5 SYSTEMPATH\CodeIgniter.php(934): App\Controllers\ProductController->delete('2')
 6 SYSTEMPATH\CodeIgniter.php(499): CodeIgniter\CodeIgniter->runController(Object(App\Controllers\ProductController))
 7 SYSTEMPATH\CodeIgniter.php(368): CodeIgniter\CodeIgniter->handleRequest(null, Object(Config\Cache), false)
 8 FCPATH\index.php(67): CodeIgniter\CodeIgniter->run()
 9 SYSTEMPATH\Commands\Server\rewrite.php(47): require_once('FCPATH\\index.php')
INFO - 2023-04-17 07:25:04 --> Session: Class initialized using 'CodeIgniter\Session\Handlers\FileHandler' driver.
ERROR - 2023-04-17 07:25:04 --> mysqli_sql_exception: Cannot delete or update a parent row: a foreign key constraint fails (`finance`.`investments`, CONSTRAINT `investments_ibfk_2` FOREIGN KEY (`idea_id`) REFERENCES `producttable` (`id`)) in E:\Jobs\UK Jobs\BenGhana\smartInvests\system\Database\MySQLi\Connection.php:295
Stack trace:
#0 E:\Jobs\UK Jobs\BenGhana\smartInvests\system\Database\MySQLi\Connection.php(295): mysqli->query('DELETE FROM `pr...', 0)
#1 E:\Jobs\UK Jobs\BenGhana\smartInvests\system\Database\BaseConnection.php(691): CodeIgniter\Database\MySQLi\Connection->execute('DELETE FROM `pr...')
#2 E:\Jobs\UK Jobs\BenGhana\smartInvests\system\Database\BaseConnection.php(605): CodeIgniter\Database\BaseConnection->simpleQuery('DELETE FROM `pr...')
#3 E:\Jobs\UK Jobs\BenGhana\smartInvests\system\Database\BaseBuilder.php(2777): CodeIgniter\Database\BaseConnection->query('DELETE FROM `pr...', Array, false)
#4 E:\Jobs\UK Jobs\BenGhana\smartInvests\system\Model.php(455): CodeIgniter\Database\BaseBuilder->delete()
#5 E:\Jobs\UK Jobs\BenGhana\smartInvests\system\BaseModel.php(1065): CodeIgniter\Model->doDelete(Array, false)
#6 E:\Jobs\UK Jobs\BenGhana\smartInvests\app\Controllers\ProductController.php(89): CodeIgniter\BaseModel->delete(Array)
#7 E:\Jobs\UK Jobs\BenGhana\smartInvests\system\CodeIgniter.php(934): App\Controllers\ProductController->delete('2')
#8 E:\Jobs\UK Jobs\BenGhana\smartInvests\system\CodeIgniter.php(499): CodeIgniter\CodeIgniter->runController(Object(App\Controllers\ProductController))
#9 E:\Jobs\UK Jobs\BenGhana\smartInvests\system\CodeIgniter.php(368): CodeIgniter\CodeIgniter->handleRequest(NULL, Object(Config\Cache), false)
#10 E:\Jobs\UK Jobs\BenGhana\smartInvests\public\index.php(67): CodeIgniter\CodeIgniter->run()
#11 E:\Jobs\UK Jobs\BenGhana\smartInvests\system\Commands\Server\rewrite.php(47): require_once('E:\\Jobs\\UK Jobs...')
#12 {main}
CRITICAL - 2023-04-17 07:25:04 --> Cannot delete or update a parent row: a foreign key constraint fails (`finance`.`investments`, CONSTRAINT `investments_ibfk_2` FOREIGN KEY (`idea_id`) REFERENCES `producttable` (`id`))
in SYSTEMPATH\Database\BaseConnection.php on line 645.
 1 SYSTEMPATH\Database\BaseBuilder.php(2777): CodeIgniter\Database\BaseConnection->query('DELETE FROM `producttable`
WHERE `id` = :id:
AND `id` IN :id.1:', [...], false)
 2 SYSTEMPATH\Model.php(455): CodeIgniter\Database\BaseBuilder->delete()
 3 SYSTEMPATH\BaseModel.php(1065): CodeIgniter\Model->doDelete([...], false)
 4 APPPATH\Controllers\ProductController.php(89): CodeIgniter\BaseModel->delete([...])
 5 SYSTEMPATH\CodeIgniter.php(934): App\Controllers\ProductController->delete('2')
 6 SYSTEMPATH\CodeIgniter.php(499): CodeIgniter\CodeIgniter->runController(Object(App\Controllers\ProductController))
 7 SYSTEMPATH\CodeIgniter.php(368): CodeIgniter\CodeIgniter->handleRequest(null, Object(Config\Cache), false)
 8 FCPATH\index.php(67): CodeIgniter\CodeIgniter->run()
 9 SYSTEMPATH\Commands\Server\rewrite.php(47): require_once('FCPATH\\index.php')
INFO - 2023-04-17 07:31:25 --> Session: Class initialized using 'CodeIgniter\Session\Handlers\FileHandler' driver.
INFO - 2023-04-17 07:31:25 --> Session: Class initialized using 'CodeIgniter\Session\Handlers\FileHandler' driver.
INFO - 2023-04-17 07:31:29 --> Session: Class initialized using 'CodeIgniter\Session\Handlers\FileHandler' driver.
INFO - 2023-04-17 07:31:30 --> Session: Class initialized using 'CodeIgniter\Session\Handlers\FileHandler' driver.
INFO - 2023-04-17 07:32:03 --> Session: Class initialized using 'CodeIgniter\Session\Handlers\FileHandler' driver.
INFO - 2023-04-17 07:32:03 --> Session: Class initialized using 'CodeIgniter\Session\Handlers\FileHandler' driver.
INFO - 2023-04-17 09:03:07 --> Session: Class initialized using 'CodeIgniter\Session\Handlers\FileHandler' driver.
INFO - 2023-04-17 10:03:26 --> Session: Class initialized using 'CodeIgniter\Session\Handlers\FileHandler' driver.
INFO - 2023-04-17 10:03:29 --> Session: Class initialized using 'CodeIgniter\Session\Handlers\FileHandler' driver.
INFO - 2023-04-17 10:03:29 --> Session: Class initialized using 'CodeIgniter\Session\Handlers\FileHandler' driver.
INFO - 2023-04-17 10:03:35 --> Session: Class initialized using 'CodeIgniter\Session\Handlers\FileHandler' driver.
INFO - 2023-04-17 10:04:20 --> Session: Class initialized using 'CodeIgniter\Session\Handlers\FileHandler' driver.
INFO - 2023-04-17 10:04:22 --> Session: Class initialized using 'CodeIgniter\Session\Handlers\FileHandler' driver.
INFO - 2023-04-17 10:04:23 --> Session: Class initialized using 'CodeIgniter\Session\Handlers\FileHandler' driver.
INFO - 2023-04-17 10:04:25 --> Session: Class initialized using 'CodeIgniter\Session\Handlers\FileHandler' driver.
INFO - 2023-04-17 10:04:27 --> Session: Class initialized using 'CodeIgniter\Session\Handlers\FileHandler' driver.
INFO - 2023-04-17 10:04:28 --> Session: Class initialized using 'CodeIgniter\Session\Handlers\FileHandler' driver.
INFO - 2023-04-17 10:04:30 --> Session: Class initialized using 'CodeIgniter\Session\Handlers\FileHandler' driver.
INFO - 2023-04-17 10:04:35 --> Session: Class initialized using 'CodeIgniter\Session\Handlers\FileHandler' driver.
