ERROR - 2023-03-19 16:44:47 --> Error connecting to the database: mysqli_sql_exception: Access denied for user ''@'localhost' (using password: NO) in E:\Jobs\UK Jobs\BenGhana\smartInvests\system\Database\MySQLi\Connection.php:174
Stack trace:
#0 E:\Jobs\UK Jobs\BenGhana\smartInvests\system\Database\MySQLi\Connection.php(174): mysqli->real_connect('localhost', '', '', '', 3306, '', 0)
#1 E:\Jobs\UK Jobs\BenGhana\smartInvests\system\Database\BaseConnection.php(391): CodeIgniter\Database\MySQLi\Connection->connect(false)
#2 E:\Jobs\UK Jobs\BenGhana\smartInvests\system\Database\BaseConnection.php(573): CodeIgniter\Database\BaseConnection->initialize()
#3 E:\Jobs\UK Jobs\BenGhana\smartInvests\system\Database\BaseBuilder.php(2295): CodeIgniter\Database\BaseConnection->query('INSERT INTO `us...', Array, false)
#4 E:\Jobs\UK Jobs\BenGhana\smartInvests\system\Model.php(329): CodeIgniter\Database\BaseBuilder->insert()
#5 E:\Jobs\UK Jobs\BenGhana\smartInvests\system\BaseModel.php(782): CodeIgniter\Model->doInsert(Array)
#6 E:\Jobs\UK Jobs\BenGhana\smartInvests\system\Model.php(729): CodeIgniter\BaseModel->insert(Array, false)
#7 E:\Jobs\UK Jobs\BenGhana\smartInvests\system\BaseModel.php(692): CodeIgniter\Model->insert(Array, false)
#8 E:\Jobs\UK Jobs\BenGhana\smartInvests\app\Controllers\LoginController.php(34): CodeIgniter\BaseModel->save(Array)
#9 E:\Jobs\UK Jobs\BenGhana\smartInvests\system\CodeIgniter.php(934): App\Controllers\LoginController->save()
#10 E:\Jobs\UK Jobs\BenGhana\smartInvests\system\CodeIgniter.php(499): CodeIgniter\CodeIgniter->runController(Object(App\Controllers\LoginController))
#11 E:\Jobs\UK Jobs\BenGhana\smartInvests\system\CodeIgniter.php(368): CodeIgniter\CodeIgniter->handleRequest(NULL, Object(Config\Cache), false)
#12 E:\Jobs\UK Jobs\BenGhana\smartInvests\public\index.php(67): CodeIgniter\CodeIgniter->run()
#13 E:\Jobs\UK Jobs\BenGhana\smartInvests\system\Commands\Server\rewrite.php(47): require_once('E:\\Jobs\\UK Jobs...')
#14 {main}

Next CodeIgniter\Database\Exceptions\DatabaseException: Access denied for user ''@'localhost' (using password: NO) in E:\Jobs\UK Jobs\BenGhana\smartInvests\system\Database\MySQLi\Connection.php:218
Stack trace:
#0 E:\Jobs\UK Jobs\BenGhana\smartInvests\system\Database\BaseConnection.php(391): CodeIgniter\Database\MySQLi\Connection->connect(false)
#1 E:\Jobs\UK Jobs\BenGhana\smartInvests\system\Database\BaseConnection.php(573): CodeIgniter\Database\BaseConnection->initialize()
#2 E:\Jobs\UK Jobs\BenGhana\smartInvests\system\Database\BaseBuilder.php(2295): CodeIgniter\Database\BaseConnection->query('INSERT INTO `us...', Array, false)
#3 E:\Jobs\UK Jobs\BenGhana\smartInvests\system\Model.php(329): CodeIgniter\Database\BaseBuilder->insert()
#4 E:\Jobs\UK Jobs\BenGhana\smartInvests\system\BaseModel.php(782): CodeIgniter\Model->doInsert(Array)
#5 E:\Jobs\UK Jobs\BenGhana\smartInvests\system\Model.php(729): CodeIgniter\BaseModel->insert(Array, false)
#6 E:\Jobs\UK Jobs\BenGhana\smartInvests\system\BaseModel.php(692): CodeIgniter\Model->insert(Array, false)
#7 E:\Jobs\UK Jobs\BenGhana\smartInvests\app\Controllers\LoginController.php(34): CodeIgniter\BaseModel->save(Array)
#8 E:\Jobs\UK Jobs\BenGhana\smartInvests\system\CodeIgniter.php(934): App\Controllers\LoginController->save()
#9 E:\Jobs\UK Jobs\BenGhana\smartInvests\system\CodeIgniter.php(499): CodeIgniter\CodeIgniter->runController(Object(App\Controllers\LoginController))
#10 E:\Jobs\UK Jobs\BenGhana\smartInvests\system\CodeIgniter.php(368): CodeIgniter\CodeIgniter->handleRequest(NULL, Object(Config\Cache), false)
#11 E:\Jobs\UK Jobs\BenGhana\smartInvests\public\index.php(67): CodeIgniter\CodeIgniter->run()
#12 E:\Jobs\UK Jobs\BenGhana\smartInvests\system\Commands\Server\rewrite.php(47): require_once('E:\\Jobs\\UK Jobs...')
#13 {main}
CRITICAL - 2023-03-19 16:44:47 --> Unable to connect to the database.
Main connection [MySQLi]: Access denied for user ''@'localhost' (using password: NO)
in SYSTEMPATH\Database\BaseConnection.php on line 427.
 1 SYSTEMPATH\Database\BaseConnection.php(573): CodeIgniter\Database\BaseConnection->initialize()
 2 SYSTEMPATH\Database\BaseBuilder.php(2295): CodeIgniter\Database\BaseConnection->query('INSERT INTO `usertable` (`username`, `address`, `gender`, `role`) VALUES (:username:, :address:, :gender:, :role:)', [...], false)
 3 SYSTEMPATH\Model.php(329): CodeIgniter\Database\BaseBuilder->insert()
 4 SYSTEMPATH\BaseModel.php(782): CodeIgniter\Model->doInsert([...])
 5 SYSTEMPATH\Model.php(729): CodeIgniter\BaseModel->insert([...], false)
 6 SYSTEMPATH\BaseModel.php(692): CodeIgniter\Model->insert([...], false)
 7 APPPATH\Controllers\LoginController.php(34): CodeIgniter\BaseModel->save([...])
 8 SYSTEMPATH\CodeIgniter.php(934): App\Controllers\LoginController->save()
 9 SYSTEMPATH\CodeIgniter.php(499): CodeIgniter\CodeIgniter->runController(Object(App\Controllers\LoginController))
10 SYSTEMPATH\CodeIgniter.php(368): CodeIgniter\CodeIgniter->handleRequest(null, Object(Config\Cache), false)
11 FCPATH\index.php(67): CodeIgniter\CodeIgniter->run()
12 SYSTEMPATH\Commands\Server\rewrite.php(47): require_once('FCPATH\\index.php')
ERROR - 2023-03-19 16:52:57 --> Error connecting to the database: mysqli_sql_exception: Access denied for user ''@'localhost' (using password: NO) in E:\Jobs\UK Jobs\BenGhana\smartInvests\system\Database\MySQLi\Connection.php:174
Stack trace:
#0 E:\Jobs\UK Jobs\BenGhana\smartInvests\system\Database\MySQLi\Connection.php(174): mysqli->real_connect('localhost', '', '', '', 3306, '', 0)
#1 E:\Jobs\UK Jobs\BenGhana\smartInvests\system\Database\BaseConnection.php(391): CodeIgniter\Database\MySQLi\Connection->connect(false)
#2 E:\Jobs\UK Jobs\BenGhana\smartInvests\system\Database\BaseConnection.php(573): CodeIgniter\Database\BaseConnection->initialize()
#3 E:\Jobs\UK Jobs\BenGhana\smartInvests\system\Database\BaseBuilder.php(2295): CodeIgniter\Database\BaseConnection->query('INSERT INTO `us...', Array, false)
#4 E:\Jobs\UK Jobs\BenGhana\smartInvests\system\Model.php(329): CodeIgniter\Database\BaseBuilder->insert()
#5 E:\Jobs\UK Jobs\BenGhana\smartInvests\system\BaseModel.php(782): CodeIgniter\Model->doInsert(Array)
#6 E:\Jobs\UK Jobs\BenGhana\smartInvests\system\Model.php(729): CodeIgniter\BaseModel->insert(Array, false)
#7 E:\Jobs\UK Jobs\BenGhana\smartInvests\system\BaseModel.php(692): CodeIgniter\Model->insert(Array, false)
#8 E:\Jobs\UK Jobs\BenGhana\smartInvests\app\Controllers\LoginController.php(34): CodeIgniter\BaseModel->save(Array)
#9 E:\Jobs\UK Jobs\BenGhana\smartInvests\system\CodeIgniter.php(934): App\Controllers\LoginController->save()
#10 E:\Jobs\UK Jobs\BenGhana\smartInvests\system\CodeIgniter.php(499): CodeIgniter\CodeIgniter->runController(Object(App\Controllers\LoginController))
#11 E:\Jobs\UK Jobs\BenGhana\smartInvests\system\CodeIgniter.php(368): CodeIgniter\CodeIgniter->handleRequest(NULL, Object(Config\Cache), false)
#12 E:\Jobs\UK Jobs\BenGhana\smartInvests\public\index.php(67): CodeIgniter\CodeIgniter->run()
#13 E:\Jobs\UK Jobs\BenGhana\smartInvests\system\Commands\Server\rewrite.php(47): require_once('E:\\Jobs\\UK Jobs...')
#14 {main}

Next CodeIgniter\Database\Exceptions\DatabaseException: Access denied for user ''@'localhost' (using password: NO) in E:\Jobs\UK Jobs\BenGhana\smartInvests\system\Database\MySQLi\Connection.php:218
Stack trace:
#0 E:\Jobs\UK Jobs\BenGhana\smartInvests\system\Database\BaseConnection.php(391): CodeIgniter\Database\MySQLi\Connection->connect(false)
#1 E:\Jobs\UK Jobs\BenGhana\smartInvests\system\Database\BaseConnection.php(573): CodeIgniter\Database\BaseConnection->initialize()
#2 E:\Jobs\UK Jobs\BenGhana\smartInvests\system\Database\BaseBuilder.php(2295): CodeIgniter\Database\BaseConnection->query('INSERT INTO `us...', Array, false)
#3 E:\Jobs\UK Jobs\BenGhana\smartInvests\system\Model.php(329): CodeIgniter\Database\BaseBuilder->insert()
#4 E:\Jobs\UK Jobs\BenGhana\smartInvests\system\BaseModel.php(782): CodeIgniter\Model->doInsert(Array)
#5 E:\Jobs\UK Jobs\BenGhana\smartInvests\system\Model.php(729): CodeIgniter\BaseModel->insert(Array, false)
#6 E:\Jobs\UK Jobs\BenGhana\smartInvests\system\BaseModel.php(692): CodeIgniter\Model->insert(Array, false)
#7 E:\Jobs\UK Jobs\BenGhana\smartInvests\app\Controllers\LoginController.php(34): CodeIgniter\BaseModel->save(Array)
#8 E:\Jobs\UK Jobs\BenGhana\smartInvests\system\CodeIgniter.php(934): App\Controllers\LoginController->save()
#9 E:\Jobs\UK Jobs\BenGhana\smartInvests\system\CodeIgniter.php(499): CodeIgniter\CodeIgniter->runController(Object(App\Controllers\LoginController))
#10 E:\Jobs\UK Jobs\BenGhana\smartInvests\system\CodeIgniter.php(368): CodeIgniter\CodeIgniter->handleRequest(NULL, Object(Config\Cache), false)
#11 E:\Jobs\UK Jobs\BenGhana\smartInvests\public\index.php(67): CodeIgniter\CodeIgniter->run()
#12 E:\Jobs\UK Jobs\BenGhana\smartInvests\system\Commands\Server\rewrite.php(47): require_once('E:\\Jobs\\UK Jobs...')
#13 {main}
CRITICAL - 2023-03-19 16:52:57 --> Unable to connect to the database.
Main connection [MySQLi]: Access denied for user ''@'localhost' (using password: NO)
in SYSTEMPATH\Database\BaseConnection.php on line 427.
 1 SYSTEMPATH\Database\BaseConnection.php(573): CodeIgniter\Database\BaseConnection->initialize()
 2 SYSTEMPATH\Database\BaseBuilder.php(2295): CodeIgniter\Database\BaseConnection->query('INSERT INTO `usertable` (`username`, `address`, `gender`, `role`) VALUES (:username:, :address:, :gender:, :role:)', [...], false)
 3 SYSTEMPATH\Model.php(329): CodeIgniter\Database\BaseBuilder->insert()
 4 SYSTEMPATH\BaseModel.php(782): CodeIgniter\Model->doInsert([...])
 5 SYSTEMPATH\Model.php(729): CodeIgniter\BaseModel->insert([...], false)
 6 SYSTEMPATH\BaseModel.php(692): CodeIgniter\Model->insert([...], false)
 7 APPPATH\Controllers\LoginController.php(34): CodeIgniter\BaseModel->save([...])
 8 SYSTEMPATH\CodeIgniter.php(934): App\Controllers\LoginController->save()
 9 SYSTEMPATH\CodeIgniter.php(499): CodeIgniter\CodeIgniter->runController(Object(App\Controllers\LoginController))
10 SYSTEMPATH\CodeIgniter.php(368): CodeIgniter\CodeIgniter->handleRequest(null, Object(Config\Cache), false)
11 FCPATH\index.php(67): CodeIgniter\CodeIgniter->run()
12 SYSTEMPATH\Commands\Server\rewrite.php(47): require_once('FCPATH\\index.php')
ERROR - 2023-03-19 16:58:57 --> Error connecting to the database: mysqli_sql_exception: Access denied for user ''@'localhost' (using password: NO) in E:\Jobs\UK Jobs\BenGhana\smartInvests\system\Database\MySQLi\Connection.php:174
Stack trace:
#0 E:\Jobs\UK Jobs\BenGhana\smartInvests\system\Database\MySQLi\Connection.php(174): mysqli->real_connect('localhost', '', '', '', 3306, '', 0)
#1 E:\Jobs\UK Jobs\BenGhana\smartInvests\system\Database\BaseConnection.php(391): CodeIgniter\Database\MySQLi\Connection->connect(false)
#2 E:\Jobs\UK Jobs\BenGhana\smartInvests\system\Database\BaseConnection.php(573): CodeIgniter\Database\BaseConnection->initialize()
#3 E:\Jobs\UK Jobs\BenGhana\smartInvests\system\Database\BaseBuilder.php(2295): CodeIgniter\Database\BaseConnection->query('INSERT INTO `us...', Array, false)
#4 E:\Jobs\UK Jobs\BenGhana\smartInvests\system\Model.php(329): CodeIgniter\Database\BaseBuilder->insert()
#5 E:\Jobs\UK Jobs\BenGhana\smartInvests\system\BaseModel.php(782): CodeIgniter\Model->doInsert(Array)
#6 E:\Jobs\UK Jobs\BenGhana\smartInvests\system\Model.php(729): CodeIgniter\BaseModel->insert(Array, true)
#7 E:\Jobs\UK Jobs\BenGhana\smartInvests\app\Controllers\LoginController.php(34): CodeIgniter\Model->insert(Array)
#8 E:\Jobs\UK Jobs\BenGhana\smartInvests\system\CodeIgniter.php(934): App\Controllers\LoginController->save()
#9 E:\Jobs\UK Jobs\BenGhana\smartInvests\system\CodeIgniter.php(499): CodeIgniter\CodeIgniter->runController(Object(App\Controllers\LoginController))
#10 E:\Jobs\UK Jobs\BenGhana\smartInvests\system\CodeIgniter.php(368): CodeIgniter\CodeIgniter->handleRequest(NULL, Object(Config\Cache), false)
#11 E:\Jobs\UK Jobs\BenGhana\smartInvests\public\index.php(67): CodeIgniter\CodeIgniter->run()
#12 E:\Jobs\UK Jobs\BenGhana\smartInvests\system\Commands\Server\rewrite.php(47): require_once('E:\\Jobs\\UK Jobs...')
#13 {main}

Next CodeIgniter\Database\Exceptions\DatabaseException: Access denied for user ''@'localhost' (using password: NO) in E:\Jobs\UK Jobs\BenGhana\smartInvests\system\Database\MySQLi\Connection.php:218
Stack trace:
#0 E:\Jobs\UK Jobs\BenGhana\smartInvests\system\Database\BaseConnection.php(391): CodeIgniter\Database\MySQLi\Connection->connect(false)
#1 E:\Jobs\UK Jobs\BenGhana\smartInvests\system\Database\BaseConnection.php(573): CodeIgniter\Database\BaseConnection->initialize()
#2 E:\Jobs\UK Jobs\BenGhana\smartInvests\system\Database\BaseBuilder.php(2295): CodeIgniter\Database\BaseConnection->query('INSERT INTO `us...', Array, false)
#3 E:\Jobs\UK Jobs\BenGhana\smartInvests\system\Model.php(329): CodeIgniter\Database\BaseBuilder->insert()
#4 E:\Jobs\UK Jobs\BenGhana\smartInvests\system\BaseModel.php(782): CodeIgniter\Model->doInsert(Array)
#5 E:\Jobs\UK Jobs\BenGhana\smartInvests\system\Model.php(729): CodeIgniter\BaseModel->insert(Array, true)
#6 E:\Jobs\UK Jobs\BenGhana\smartInvests\app\Controllers\LoginController.php(34): CodeIgniter\Model->insert(Array)
#7 E:\Jobs\UK Jobs\BenGhana\smartInvests\system\CodeIgniter.php(934): App\Controllers\LoginController->save()
#8 E:\Jobs\UK Jobs\BenGhana\smartInvests\system\CodeIgniter.php(499): CodeIgniter\CodeIgniter->runController(Object(App\Controllers\LoginController))
#9 E:\Jobs\UK Jobs\BenGhana\smartInvests\system\CodeIgniter.php(368): CodeIgniter\CodeIgniter->handleRequest(NULL, Object(Config\Cache), false)
#10 E:\Jobs\UK Jobs\BenGhana\smartInvests\public\index.php(67): CodeIgniter\CodeIgniter->run()
#11 E:\Jobs\UK Jobs\BenGhana\smartInvests\system\Commands\Server\rewrite.php(47): require_once('E:\\Jobs\\UK Jobs...')
#12 {main}
CRITICAL - 2023-03-19 16:58:57 --> Unable to connect to the database.
Main connection [MySQLi]: Access denied for user ''@'localhost' (using password: NO)
in SYSTEMPATH\Database\BaseConnection.php on line 427.
 1 SYSTEMPATH\Database\BaseConnection.php(573): CodeIgniter\Database\BaseConnection->initialize()
 2 SYSTEMPATH\Database\BaseBuilder.php(2295): CodeIgniter\Database\BaseConnection->query('INSERT INTO `usertable` (`username`, `address`, `gender`, `role`) VALUES (:username:, :address:, :gender:, :role:)', [...], false)
 3 SYSTEMPATH\Model.php(329): CodeIgniter\Database\BaseBuilder->insert()
 4 SYSTEMPATH\BaseModel.php(782): CodeIgniter\Model->doInsert([...])
 5 SYSTEMPATH\Model.php(729): CodeIgniter\BaseModel->insert([...], true)
 6 APPPATH\Controllers\LoginController.php(34): CodeIgniter\Model->insert([...])
 7 SYSTEMPATH\CodeIgniter.php(934): App\Controllers\LoginController->save()
 8 SYSTEMPATH\CodeIgniter.php(499): CodeIgniter\CodeIgniter->runController(Object(App\Controllers\LoginController))
 9 SYSTEMPATH\CodeIgniter.php(368): CodeIgniter\CodeIgniter->handleRequest(null, Object(Config\Cache), false)
10 FCPATH\index.php(67): CodeIgniter\CodeIgniter->run()
11 SYSTEMPATH\Commands\Server\rewrite.php(47): require_once('FCPATH\\index.php')
ERROR - 2023-03-19 17:04:21 --> Error connecting to the database: mysqli_sql_exception: Access denied for user ''@'localhost' (using password: NO) in E:\Jobs\UK Jobs\BenGhana\smartInvests\system\Database\MySQLi\Connection.php:174
Stack trace:
#0 E:\Jobs\UK Jobs\BenGhana\smartInvests\system\Database\MySQLi\Connection.php(174): mysqli->real_connect('localhost', '', '', '', 3306, '', 0)
#1 E:\Jobs\UK Jobs\BenGhana\smartInvests\system\Database\BaseConnection.php(391): CodeIgniter\Database\MySQLi\Connection->connect(false)
#2 E:\Jobs\UK Jobs\BenGhana\smartInvests\system\Database\BaseConnection.php(573): CodeIgniter\Database\BaseConnection->initialize()
#3 E:\Jobs\UK Jobs\BenGhana\smartInvests\system\Database\BaseBuilder.php(2295): CodeIgniter\Database\BaseConnection->query('INSERT INTO `us...', Array, false)
#4 E:\Jobs\UK Jobs\BenGhana\smartInvests\system\Model.php(329): CodeIgniter\Database\BaseBuilder->insert()
#5 E:\Jobs\UK Jobs\BenGhana\smartInvests\system\BaseModel.php(782): CodeIgniter\Model->doInsert(Array)
#6 E:\Jobs\UK Jobs\BenGhana\smartInvests\system\Model.php(729): CodeIgniter\BaseModel->insert(Array, true)
#7 E:\Jobs\UK Jobs\BenGhana\smartInvests\app\Controllers\LoginController.php(35): CodeIgniter\Model->insert(Array)
#8 E:\Jobs\UK Jobs\BenGhana\smartInvests\system\CodeIgniter.php(934): App\Controllers\LoginController->save()
#9 E:\Jobs\UK Jobs\BenGhana\smartInvests\system\CodeIgniter.php(499): CodeIgniter\CodeIgniter->runController(Object(App\Controllers\LoginController))
#10 E:\Jobs\UK Jobs\BenGhana\smartInvests\system\CodeIgniter.php(368): CodeIgniter\CodeIgniter->handleRequest(NULL, Object(Config\Cache), false)
#11 E:\Jobs\UK Jobs\BenGhana\smartInvests\public\index.php(67): CodeIgniter\CodeIgniter->run()
#12 E:\Jobs\UK Jobs\BenGhana\smartInvests\system\Commands\Server\rewrite.php(47): require_once('E:\\Jobs\\UK Jobs...')
#13 {main}

Next CodeIgniter\Database\Exceptions\DatabaseException: Access denied for user ''@'localhost' (using password: NO) in E:\Jobs\UK Jobs\BenGhana\smartInvests\system\Database\MySQLi\Connection.php:218
Stack trace:
#0 E:\Jobs\UK Jobs\BenGhana\smartInvests\system\Database\BaseConnection.php(391): CodeIgniter\Database\MySQLi\Connection->connect(false)
#1 E:\Jobs\UK Jobs\BenGhana\smartInvests\system\Database\BaseConnection.php(573): CodeIgniter\Database\BaseConnection->initialize()
#2 E:\Jobs\UK Jobs\BenGhana\smartInvests\system\Database\BaseBuilder.php(2295): CodeIgniter\Database\BaseConnection->query('INSERT INTO `us...', Array, false)
#3 E:\Jobs\UK Jobs\BenGhana\smartInvests\system\Model.php(329): CodeIgniter\Database\BaseBuilder->insert()
#4 E:\Jobs\UK Jobs\BenGhana\smartInvests\system\BaseModel.php(782): CodeIgniter\Model->doInsert(Array)
#5 E:\Jobs\UK Jobs\BenGhana\smartInvests\system\Model.php(729): CodeIgniter\BaseModel->insert(Array, true)
#6 E:\Jobs\UK Jobs\BenGhana\smartInvests\app\Controllers\LoginController.php(35): CodeIgniter\Model->insert(Array)
#7 E:\Jobs\UK Jobs\BenGhana\smartInvests\system\CodeIgniter.php(934): App\Controllers\LoginController->save()
#8 E:\Jobs\UK Jobs\BenGhana\smartInvests\system\CodeIgniter.php(499): CodeIgniter\CodeIgniter->runController(Object(App\Controllers\LoginController))
#9 E:\Jobs\UK Jobs\BenGhana\smartInvests\system\CodeIgniter.php(368): CodeIgniter\CodeIgniter->handleRequest(NULL, Object(Config\Cache), false)
#10 E:\Jobs\UK Jobs\BenGhana\smartInvests\public\index.php(67): CodeIgniter\CodeIgniter->run()
#11 E:\Jobs\UK Jobs\BenGhana\smartInvests\system\Commands\Server\rewrite.php(47): require_once('E:\\Jobs\\UK Jobs...')
#12 {main}
CRITICAL - 2023-03-19 17:04:21 --> Unable to connect to the database.
Main connection [MySQLi]: Access denied for user ''@'localhost' (using password: NO)
in SYSTEMPATH\Database\BaseConnection.php on line 427.
 1 SYSTEMPATH\Database\BaseConnection.php(573): CodeIgniter\Database\BaseConnection->initialize()
 2 SYSTEMPATH\Database\BaseBuilder.php(2295): CodeIgniter\Database\BaseConnection->query('INSERT INTO `usertable` (`username`, `address`, `gender`, `role`) VALUES (:username:, :address:, :gender:, :role:)', [...], false)
 3 SYSTEMPATH\Model.php(329): CodeIgniter\Database\BaseBuilder->insert()
 4 SYSTEMPATH\BaseModel.php(782): CodeIgniter\Model->doInsert([...])
 5 SYSTEMPATH\Model.php(729): CodeIgniter\BaseModel->insert([...], true)
 6 APPPATH\Controllers\LoginController.php(35): CodeIgniter\Model->insert([...])
 7 SYSTEMPATH\CodeIgniter.php(934): App\Controllers\LoginController->save()
 8 SYSTEMPATH\CodeIgniter.php(499): CodeIgniter\CodeIgniter->runController(Object(App\Controllers\LoginController))
 9 SYSTEMPATH\CodeIgniter.php(368): CodeIgniter\CodeIgniter->handleRequest(null, Object(Config\Cache), false)
10 FCPATH\index.php(67): CodeIgniter\CodeIgniter->run()
11 SYSTEMPATH\Commands\Server\rewrite.php(47): require_once('FCPATH\\index.php')
ERROR - 2023-03-19 17:36:13 --> Error connecting to the database: mysqli_sql_exception: Access denied for user ''@'localhost' (using password: NO) in E:\Jobs\UK Jobs\BenGhana\smartInvests\system\Database\MySQLi\Connection.php:174
Stack trace:
#0 E:\Jobs\UK Jobs\BenGhana\smartInvests\system\Database\MySQLi\Connection.php(174): mysqli->real_connect('localhost', '', '', '', 3306, '', 0)
#1 E:\Jobs\UK Jobs\BenGhana\smartInvests\system\Database\BaseConnection.php(391): CodeIgniter\Database\MySQLi\Connection->connect(false)
#2 E:\Jobs\UK Jobs\BenGhana\smartInvests\system\Database\BaseConnection.php(573): CodeIgniter\Database\BaseConnection->initialize()
#3 E:\Jobs\UK Jobs\BenGhana\smartInvests\system\Database\BaseBuilder.php(2295): CodeIgniter\Database\BaseConnection->query('INSERT INTO `us...', Array, false)
#4 E:\Jobs\UK Jobs\BenGhana\smartInvests\system\Model.php(329): CodeIgniter\Database\BaseBuilder->insert()
#5 E:\Jobs\UK Jobs\BenGhana\smartInvests\system\BaseModel.php(782): CodeIgniter\Model->doInsert(Array)
#6 E:\Jobs\UK Jobs\BenGhana\smartInvests\system\Model.php(729): CodeIgniter\BaseModel->insert(Array, true)
#7 E:\Jobs\UK Jobs\BenGhana\smartInvests\app\Controllers\LoginController.php(35): CodeIgniter\Model->insert(Array)
#8 E:\Jobs\UK Jobs\BenGhana\smartInvests\system\CodeIgniter.php(934): App\Controllers\LoginController->save()
#9 E:\Jobs\UK Jobs\BenGhana\smartInvests\system\CodeIgniter.php(499): CodeIgniter\CodeIgniter->runController(Object(App\Controllers\LoginController))
#10 E:\Jobs\UK Jobs\BenGhana\smartInvests\system\CodeIgniter.php(368): CodeIgniter\CodeIgniter->handleRequest(NULL, Object(Config\Cache), false)
#11 E:\Jobs\UK Jobs\BenGhana\smartInvests\public\index.php(67): CodeIgniter\CodeIgniter->run()
#12 E:\Jobs\UK Jobs\BenGhana\smartInvests\system\Commands\Server\rewrite.php(47): require_once('E:\\Jobs\\UK Jobs...')
#13 {main}

Next CodeIgniter\Database\Exceptions\DatabaseException: Access denied for user ''@'localhost' (using password: NO) in E:\Jobs\UK Jobs\BenGhana\smartInvests\system\Database\MySQLi\Connection.php:218
Stack trace:
#0 E:\Jobs\UK Jobs\BenGhana\smartInvests\system\Database\BaseConnection.php(391): CodeIgniter\Database\MySQLi\Connection->connect(false)
#1 E:\Jobs\UK Jobs\BenGhana\smartInvests\system\Database\BaseConnection.php(573): CodeIgniter\Database\BaseConnection->initialize()
#2 E:\Jobs\UK Jobs\BenGhana\smartInvests\system\Database\BaseBuilder.php(2295): CodeIgniter\Database\BaseConnection->query('INSERT INTO `us...', Array, false)
#3 E:\Jobs\UK Jobs\BenGhana\smartInvests\system\Model.php(329): CodeIgniter\Database\BaseBuilder->insert()
#4 E:\Jobs\UK Jobs\BenGhana\smartInvests\system\BaseModel.php(782): CodeIgniter\Model->doInsert(Array)
#5 E:\Jobs\UK Jobs\BenGhana\smartInvests\system\Model.php(729): CodeIgniter\BaseModel->insert(Array, true)
#6 E:\Jobs\UK Jobs\BenGhana\smartInvests\app\Controllers\LoginController.php(35): CodeIgniter\Model->insert(Array)
#7 E:\Jobs\UK Jobs\BenGhana\smartInvests\system\CodeIgniter.php(934): App\Controllers\LoginController->save()
#8 E:\Jobs\UK Jobs\BenGhana\smartInvests\system\CodeIgniter.php(499): CodeIgniter\CodeIgniter->runController(Object(App\Controllers\LoginController))
#9 E:\Jobs\UK Jobs\BenGhana\smartInvests\system\CodeIgniter.php(368): CodeIgniter\CodeIgniter->handleRequest(NULL, Object(Config\Cache), false)
#10 E:\Jobs\UK Jobs\BenGhana\smartInvests\public\index.php(67): CodeIgniter\CodeIgniter->run()
#11 E:\Jobs\UK Jobs\BenGhana\smartInvests\system\Commands\Server\rewrite.php(47): require_once('E:\\Jobs\\UK Jobs...')
#12 {main}
CRITICAL - 2023-03-19 17:36:13 --> Unable to connect to the database.
Main connection [MySQLi]: Access denied for user ''@'localhost' (using password: NO)
in SYSTEMPATH\Database\BaseConnection.php on line 427.
 1 SYSTEMPATH\Database\BaseConnection.php(573): CodeIgniter\Database\BaseConnection->initialize()
 2 SYSTEMPATH\Database\BaseBuilder.php(2295): CodeIgniter\Database\BaseConnection->query('INSERT INTO `usertable` (`username`, `address`, `gender`, `role`) VALUES (:username:, :address:, :gender:, :role:)', [...], false)
 3 SYSTEMPATH\Model.php(329): CodeIgniter\Database\BaseBuilder->insert()
 4 SYSTEMPATH\BaseModel.php(782): CodeIgniter\Model->doInsert([...])
 5 SYSTEMPATH\Model.php(729): CodeIgniter\BaseModel->insert([...], true)
 6 APPPATH\Controllers\LoginController.php(35): CodeIgniter\Model->insert([...])
 7 SYSTEMPATH\CodeIgniter.php(934): App\Controllers\LoginController->save()
 8 SYSTEMPATH\CodeIgniter.php(499): CodeIgniter\CodeIgniter->runController(Object(App\Controllers\LoginController))
 9 SYSTEMPATH\CodeIgniter.php(368): CodeIgniter\CodeIgniter->handleRequest(null, Object(Config\Cache), false)
10 FCPATH\index.php(67): CodeIgniter\CodeIgniter->run()
11 SYSTEMPATH\Commands\Server\rewrite.php(47): require_once('FCPATH\\index.php')
ERROR - 2023-03-19 17:40:17 --> Error connecting to the database: mysqli_sql_exception: Access denied for user ''@'localhost' (using password: NO) in E:\Jobs\UK Jobs\BenGhana\smartInvests\system\Database\MySQLi\Connection.php:174
Stack trace:
#0 E:\Jobs\UK Jobs\BenGhana\smartInvests\system\Database\MySQLi\Connection.php(174): mysqli->real_connect('localhost', '', '', '', 3306, '', 0)
#1 E:\Jobs\UK Jobs\BenGhana\smartInvests\system\Database\BaseConnection.php(391): CodeIgniter\Database\MySQLi\Connection->connect(false)
#2 E:\Jobs\UK Jobs\BenGhana\smartInvests\system\Database\BaseConnection.php(573): CodeIgniter\Database\BaseConnection->initialize()
#3 E:\Jobs\UK Jobs\BenGhana\smartInvests\system\Database\BaseBuilder.php(2295): CodeIgniter\Database\BaseConnection->query('INSERT INTO `us...', Array, false)
#4 E:\Jobs\UK Jobs\BenGhana\smartInvests\system\Model.php(329): CodeIgniter\Database\BaseBuilder->insert()
#5 E:\Jobs\UK Jobs\BenGhana\smartInvests\system\BaseModel.php(782): CodeIgniter\Model->doInsert(Array)
#6 E:\Jobs\UK Jobs\BenGhana\smartInvests\system\Model.php(729): CodeIgniter\BaseModel->insert(Array, true)
#7 E:\Jobs\UK Jobs\BenGhana\smartInvests\app\Controllers\LoginController.php(35): CodeIgniter\Model->insert(Array)
#8 E:\Jobs\UK Jobs\BenGhana\smartInvests\system\CodeIgniter.php(934): App\Controllers\LoginController->save()
#9 E:\Jobs\UK Jobs\BenGhana\smartInvests\system\CodeIgniter.php(499): CodeIgniter\CodeIgniter->runController(Object(App\Controllers\LoginController))
#10 E:\Jobs\UK Jobs\BenGhana\smartInvests\system\CodeIgniter.php(368): CodeIgniter\CodeIgniter->handleRequest(NULL, Object(Config\Cache), false)
#11 E:\Jobs\UK Jobs\BenGhana\smartInvests\public\index.php(67): CodeIgniter\CodeIgniter->run()
#12 E:\Jobs\UK Jobs\BenGhana\smartInvests\system\Commands\Server\rewrite.php(47): require_once('E:\\Jobs\\UK Jobs...')
#13 {main}

Next CodeIgniter\Database\Exceptions\DatabaseException: Access denied for user ''@'localhost' (using password: NO) in E:\Jobs\UK Jobs\BenGhana\smartInvests\system\Database\MySQLi\Connection.php:218
Stack trace:
#0 E:\Jobs\UK Jobs\BenGhana\smartInvests\system\Database\BaseConnection.php(391): CodeIgniter\Database\MySQLi\Connection->connect(false)
#1 E:\Jobs\UK Jobs\BenGhana\smartInvests\system\Database\BaseConnection.php(573): CodeIgniter\Database\BaseConnection->initialize()
#2 E:\Jobs\UK Jobs\BenGhana\smartInvests\system\Database\BaseBuilder.php(2295): CodeIgniter\Database\BaseConnection->query('INSERT INTO `us...', Array, false)
#3 E:\Jobs\UK Jobs\BenGhana\smartInvests\system\Model.php(329): CodeIgniter\Database\BaseBuilder->insert()
#4 E:\Jobs\UK Jobs\BenGhana\smartInvests\system\BaseModel.php(782): CodeIgniter\Model->doInsert(Array)
#5 E:\Jobs\UK Jobs\BenGhana\smartInvests\system\Model.php(729): CodeIgniter\BaseModel->insert(Array, true)
#6 E:\Jobs\UK Jobs\BenGhana\smartInvests\app\Controllers\LoginController.php(35): CodeIgniter\Model->insert(Array)
#7 E:\Jobs\UK Jobs\BenGhana\smartInvests\system\CodeIgniter.php(934): App\Controllers\LoginController->save()
#8 E:\Jobs\UK Jobs\BenGhana\smartInvests\system\CodeIgniter.php(499): CodeIgniter\CodeIgniter->runController(Object(App\Controllers\LoginController))
#9 E:\Jobs\UK Jobs\BenGhana\smartInvests\system\CodeIgniter.php(368): CodeIgniter\CodeIgniter->handleRequest(NULL, Object(Config\Cache), false)
#10 E:\Jobs\UK Jobs\BenGhana\smartInvests\public\index.php(67): CodeIgniter\CodeIgniter->run()
#11 E:\Jobs\UK Jobs\BenGhana\smartInvests\system\Commands\Server\rewrite.php(47): require_once('E:\\Jobs\\UK Jobs...')
#12 {main}
CRITICAL - 2023-03-19 17:40:17 --> Unable to connect to the database.
Main connection [MySQLi]: Access denied for user ''@'localhost' (using password: NO)
in SYSTEMPATH\Database\BaseConnection.php on line 427.
 1 SYSTEMPATH\Database\BaseConnection.php(573): CodeIgniter\Database\BaseConnection->initialize()
 2 SYSTEMPATH\Database\BaseBuilder.php(2295): CodeIgniter\Database\BaseConnection->query('INSERT INTO `usertable` (`username`, `address`, `gender`, `role`) VALUES (:username:, :address:, :gender:, :role:)', [...], false)
 3 SYSTEMPATH\Model.php(329): CodeIgniter\Database\BaseBuilder->insert()
 4 SYSTEMPATH\BaseModel.php(782): CodeIgniter\Model->doInsert([...])
 5 SYSTEMPATH\Model.php(729): CodeIgniter\BaseModel->insert([...], true)
 6 APPPATH\Controllers\LoginController.php(35): CodeIgniter\Model->insert([...])
 7 SYSTEMPATH\CodeIgniter.php(934): App\Controllers\LoginController->save()
 8 SYSTEMPATH\CodeIgniter.php(499): CodeIgniter\CodeIgniter->runController(Object(App\Controllers\LoginController))
 9 SYSTEMPATH\CodeIgniter.php(368): CodeIgniter\CodeIgniter->handleRequest(null, Object(Config\Cache), false)
10 FCPATH\index.php(67): CodeIgniter\CodeIgniter->run()
11 SYSTEMPATH\Commands\Server\rewrite.php(47): require_once('FCPATH\\index.php')
ERROR - 2023-03-19 17:41:07 --> Error connecting to the database: mysqli_sql_exception: Access denied for user ''@'localhost' (using password: NO) in E:\Jobs\UK Jobs\BenGhana\smartInvests\system\Database\MySQLi\Connection.php:174
Stack trace:
#0 E:\Jobs\UK Jobs\BenGhana\smartInvests\system\Database\MySQLi\Connection.php(174): mysqli->real_connect('localhost', '', '', '', 3306, '', 0)
#1 E:\Jobs\UK Jobs\BenGhana\smartInvests\system\Database\BaseConnection.php(391): CodeIgniter\Database\MySQLi\Connection->connect(false)
#2 E:\Jobs\UK Jobs\BenGhana\smartInvests\system\Database\BaseConnection.php(573): CodeIgniter\Database\BaseConnection->initialize()
#3 E:\Jobs\UK Jobs\BenGhana\smartInvests\system\Database\BaseBuilder.php(2295): CodeIgniter\Database\BaseConnection->query('INSERT INTO `us...', Array, false)
#4 E:\Jobs\UK Jobs\BenGhana\smartInvests\system\Model.php(329): CodeIgniter\Database\BaseBuilder->insert()
#5 E:\Jobs\UK Jobs\BenGhana\smartInvests\system\BaseModel.php(782): CodeIgniter\Model->doInsert(Array)
#6 E:\Jobs\UK Jobs\BenGhana\smartInvests\system\Model.php(729): CodeIgniter\BaseModel->insert(Array, true)
#7 E:\Jobs\UK Jobs\BenGhana\smartInvests\app\Controllers\LoginController.php(35): CodeIgniter\Model->insert(Array)
#8 E:\Jobs\UK Jobs\BenGhana\smartInvests\system\CodeIgniter.php(934): App\Controllers\LoginController->save()
#9 E:\Jobs\UK Jobs\BenGhana\smartInvests\system\CodeIgniter.php(499): CodeIgniter\CodeIgniter->runController(Object(App\Controllers\LoginController))
#10 E:\Jobs\UK Jobs\BenGhana\smartInvests\system\CodeIgniter.php(368): CodeIgniter\CodeIgniter->handleRequest(NULL, Object(Config\Cache), false)
#11 E:\Jobs\UK Jobs\BenGhana\smartInvests\public\index.php(67): CodeIgniter\CodeIgniter->run()
#12 E:\Jobs\UK Jobs\BenGhana\smartInvests\system\Commands\Server\rewrite.php(47): require_once('E:\\Jobs\\UK Jobs...')
#13 {main}

Next CodeIgniter\Database\Exceptions\DatabaseException: Access denied for user ''@'localhost' (using password: NO) in E:\Jobs\UK Jobs\BenGhana\smartInvests\system\Database\MySQLi\Connection.php:218
Stack trace:
#0 E:\Jobs\UK Jobs\BenGhana\smartInvests\system\Database\BaseConnection.php(391): CodeIgniter\Database\MySQLi\Connection->connect(false)
#1 E:\Jobs\UK Jobs\BenGhana\smartInvests\system\Database\BaseConnection.php(573): CodeIgniter\Database\BaseConnection->initialize()
#2 E:\Jobs\UK Jobs\BenGhana\smartInvests\system\Database\BaseBuilder.php(2295): CodeIgniter\Database\BaseConnection->query('INSERT INTO `us...', Array, false)
#3 E:\Jobs\UK Jobs\BenGhana\smartInvests\system\Model.php(329): CodeIgniter\Database\BaseBuilder->insert()
#4 E:\Jobs\UK Jobs\BenGhana\smartInvests\system\BaseModel.php(782): CodeIgniter\Model->doInsert(Array)
#5 E:\Jobs\UK Jobs\BenGhana\smartInvests\system\Model.php(729): CodeIgniter\BaseModel->insert(Array, true)
#6 E:\Jobs\UK Jobs\BenGhana\smartInvests\app\Controllers\LoginController.php(35): CodeIgniter\Model->insert(Array)
#7 E:\Jobs\UK Jobs\BenGhana\smartInvests\system\CodeIgniter.php(934): App\Controllers\LoginController->save()
#8 E:\Jobs\UK Jobs\BenGhana\smartInvests\system\CodeIgniter.php(499): CodeIgniter\CodeIgniter->runController(Object(App\Controllers\LoginController))
#9 E:\Jobs\UK Jobs\BenGhana\smartInvests\system\CodeIgniter.php(368): CodeIgniter\CodeIgniter->handleRequest(NULL, Object(Config\Cache), false)
#10 E:\Jobs\UK Jobs\BenGhana\smartInvests\public\index.php(67): CodeIgniter\CodeIgniter->run()
#11 E:\Jobs\UK Jobs\BenGhana\smartInvests\system\Commands\Server\rewrite.php(47): require_once('E:\\Jobs\\UK Jobs...')
#12 {main}
CRITICAL - 2023-03-19 17:41:07 --> Unable to connect to the database.
Main connection [MySQLi]: Access denied for user ''@'localhost' (using password: NO)
in SYSTEMPATH\Database\BaseConnection.php on line 427.
 1 SYSTEMPATH\Database\BaseConnection.php(573): CodeIgniter\Database\BaseConnection->initialize()
 2 SYSTEMPATH\Database\BaseBuilder.php(2295): CodeIgniter\Database\BaseConnection->query('INSERT INTO `usertable` (`username`, `address`, `gender`, `role`) VALUES (:username:, :address:, :gender:, :role:)', [...], false)
 3 SYSTEMPATH\Model.php(329): CodeIgniter\Database\BaseBuilder->insert()
 4 SYSTEMPATH\BaseModel.php(782): CodeIgniter\Model->doInsert([...])
 5 SYSTEMPATH\Model.php(729): CodeIgniter\BaseModel->insert([...], true)
 6 APPPATH\Controllers\LoginController.php(35): CodeIgniter\Model->insert([...])
 7 SYSTEMPATH\CodeIgniter.php(934): App\Controllers\LoginController->save()
 8 SYSTEMPATH\CodeIgniter.php(499): CodeIgniter\CodeIgniter->runController(Object(App\Controllers\LoginController))
 9 SYSTEMPATH\CodeIgniter.php(368): CodeIgniter\CodeIgniter->handleRequest(null, Object(Config\Cache), false)
10 FCPATH\index.php(67): CodeIgniter\CodeIgniter->run()
11 SYSTEMPATH\Commands\Server\rewrite.php(47): require_once('FCPATH\\index.php')
ERROR - 2023-03-19 17:44:09 --> Error connecting to the database: mysqli_sql_exception: Access denied for user ''@'localhost' (using password: NO) in E:\Jobs\UK Jobs\BenGhana\smartInvests\system\Database\MySQLi\Connection.php:174
Stack trace:
#0 E:\Jobs\UK Jobs\BenGhana\smartInvests\system\Database\MySQLi\Connection.php(174): mysqli->real_connect('localhost', '', '', '', 3306, '', 0)
#1 E:\Jobs\UK Jobs\BenGhana\smartInvests\system\Database\BaseConnection.php(391): CodeIgniter\Database\MySQLi\Connection->connect(false)
#2 E:\Jobs\UK Jobs\BenGhana\smartInvests\system\Database\BaseConnection.php(573): CodeIgniter\Database\BaseConnection->initialize()
#3 E:\Jobs\UK Jobs\BenGhana\smartInvests\system\Database\BaseBuilder.php(2295): CodeIgniter\Database\BaseConnection->query('INSERT INTO `us...', Array, false)
#4 E:\Jobs\UK Jobs\BenGhana\smartInvests\system\Model.php(329): CodeIgniter\Database\BaseBuilder->insert()
#5 E:\Jobs\UK Jobs\BenGhana\smartInvests\system\BaseModel.php(782): CodeIgniter\Model->doInsert(Array)
#6 E:\Jobs\UK Jobs\BenGhana\smartInvests\system\Model.php(729): CodeIgniter\BaseModel->insert(Array, true)
#7 E:\Jobs\UK Jobs\BenGhana\smartInvests\app\Controllers\LoginController.php(35): CodeIgniter\Model->insert(Array)
#8 E:\Jobs\UK Jobs\BenGhana\smartInvests\system\CodeIgniter.php(934): App\Controllers\LoginController->save()
#9 E:\Jobs\UK Jobs\BenGhana\smartInvests\system\CodeIgniter.php(499): CodeIgniter\CodeIgniter->runController(Object(App\Controllers\LoginController))
#10 E:\Jobs\UK Jobs\BenGhana\smartInvests\system\CodeIgniter.php(368): CodeIgniter\CodeIgniter->handleRequest(NULL, Object(Config\Cache), false)
#11 E:\Jobs\UK Jobs\BenGhana\smartInvests\public\index.php(67): CodeIgniter\CodeIgniter->run()
#12 E:\Jobs\UK Jobs\BenGhana\smartInvests\system\Commands\Server\rewrite.php(47): require_once('E:\\Jobs\\UK Jobs...')
#13 {main}

Next CodeIgniter\Database\Exceptions\DatabaseException: Access denied for user ''@'localhost' (using password: NO) in E:\Jobs\UK Jobs\BenGhana\smartInvests\system\Database\MySQLi\Connection.php:218
Stack trace:
#0 E:\Jobs\UK Jobs\BenGhana\smartInvests\system\Database\BaseConnection.php(391): CodeIgniter\Database\MySQLi\Connection->connect(false)
#1 E:\Jobs\UK Jobs\BenGhana\smartInvests\system\Database\BaseConnection.php(573): CodeIgniter\Database\BaseConnection->initialize()
#2 E:\Jobs\UK Jobs\BenGhana\smartInvests\system\Database\BaseBuilder.php(2295): CodeIgniter\Database\BaseConnection->query('INSERT INTO `us...', Array, false)
#3 E:\Jobs\UK Jobs\BenGhana\smartInvests\system\Model.php(329): CodeIgniter\Database\BaseBuilder->insert()
#4 E:\Jobs\UK Jobs\BenGhana\smartInvests\system\BaseModel.php(782): CodeIgniter\Model->doInsert(Array)
#5 E:\Jobs\UK Jobs\BenGhana\smartInvests\system\Model.php(729): CodeIgniter\BaseModel->insert(Array, true)
#6 E:\Jobs\UK Jobs\BenGhana\smartInvests\app\Controllers\LoginController.php(35): CodeIgniter\Model->insert(Array)
#7 E:\Jobs\UK Jobs\BenGhana\smartInvests\system\CodeIgniter.php(934): App\Controllers\LoginController->save()
#8 E:\Jobs\UK Jobs\BenGhana\smartInvests\system\CodeIgniter.php(499): CodeIgniter\CodeIgniter->runController(Object(App\Controllers\LoginController))
#9 E:\Jobs\UK Jobs\BenGhana\smartInvests\system\CodeIgniter.php(368): CodeIgniter\CodeIgniter->handleRequest(NULL, Object(Config\Cache), false)
#10 E:\Jobs\UK Jobs\BenGhana\smartInvests\public\index.php(67): CodeIgniter\CodeIgniter->run()
#11 E:\Jobs\UK Jobs\BenGhana\smartInvests\system\Commands\Server\rewrite.php(47): require_once('E:\\Jobs\\UK Jobs...')
#12 {main}
CRITICAL - 2023-03-19 17:44:09 --> Unable to connect to the database.
Main connection [MySQLi]: Access denied for user ''@'localhost' (using password: NO)
in SYSTEMPATH\Database\BaseConnection.php on line 427.
 1 SYSTEMPATH\Database\BaseConnection.php(573): CodeIgniter\Database\BaseConnection->initialize()
 2 SYSTEMPATH\Database\BaseBuilder.php(2295): CodeIgniter\Database\BaseConnection->query('INSERT INTO `usertable` (`username`, `address`, `gender`, `role`) VALUES (:username:, :address:, :gender:, :role:)', [...], false)
 3 SYSTEMPATH\Model.php(329): CodeIgniter\Database\BaseBuilder->insert()
 4 SYSTEMPATH\BaseModel.php(782): CodeIgniter\Model->doInsert([...])
 5 SYSTEMPATH\Model.php(729): CodeIgniter\BaseModel->insert([...], true)
 6 APPPATH\Controllers\LoginController.php(35): CodeIgniter\Model->insert([...])
 7 SYSTEMPATH\CodeIgniter.php(934): App\Controllers\LoginController->save()
 8 SYSTEMPATH\CodeIgniter.php(499): CodeIgniter\CodeIgniter->runController(Object(App\Controllers\LoginController))
 9 SYSTEMPATH\CodeIgniter.php(368): CodeIgniter\CodeIgniter->handleRequest(null, Object(Config\Cache), false)
10 FCPATH\index.php(67): CodeIgniter\CodeIgniter->run()
11 SYSTEMPATH\Commands\Server\rewrite.php(47): require_once('FCPATH\\index.php')
ERROR - 2023-03-19 17:44:23 --> Error connecting to the database: mysqli_sql_exception: Access denied for user ''@'localhost' (using password: NO) in E:\Jobs\UK Jobs\BenGhana\smartInvests\system\Database\MySQLi\Connection.php:174
Stack trace:
#0 E:\Jobs\UK Jobs\BenGhana\smartInvests\system\Database\MySQLi\Connection.php(174): mysqli->real_connect('localhost', '', '', '', 3306, '', 0)
#1 E:\Jobs\UK Jobs\BenGhana\smartInvests\system\Database\BaseConnection.php(391): CodeIgniter\Database\MySQLi\Connection->connect(false)
#2 E:\Jobs\UK Jobs\BenGhana\smartInvests\system\Database\BaseConnection.php(573): CodeIgniter\Database\BaseConnection->initialize()
#3 E:\Jobs\UK Jobs\BenGhana\smartInvests\system\Database\BaseBuilder.php(2295): CodeIgniter\Database\BaseConnection->query('INSERT INTO `us...', Array, false)
#4 E:\Jobs\UK Jobs\BenGhana\smartInvests\system\Model.php(329): CodeIgniter\Database\BaseBuilder->insert()
#5 E:\Jobs\UK Jobs\BenGhana\smartInvests\system\BaseModel.php(782): CodeIgniter\Model->doInsert(Array)
#6 E:\Jobs\UK Jobs\BenGhana\smartInvests\system\Model.php(729): CodeIgniter\BaseModel->insert(Array, true)
#7 E:\Jobs\UK Jobs\BenGhana\smartInvests\app\Controllers\LoginController.php(35): CodeIgniter\Model->insert(Array)
#8 E:\Jobs\UK Jobs\BenGhana\smartInvests\system\CodeIgniter.php(934): App\Controllers\LoginController->save()
#9 E:\Jobs\UK Jobs\BenGhana\smartInvests\system\CodeIgniter.php(499): CodeIgniter\CodeIgniter->runController(Object(App\Controllers\LoginController))
#10 E:\Jobs\UK Jobs\BenGhana\smartInvests\system\CodeIgniter.php(368): CodeIgniter\CodeIgniter->handleRequest(NULL, Object(Config\Cache), false)
#11 E:\Jobs\UK Jobs\BenGhana\smartInvests\public\index.php(67): CodeIgniter\CodeIgniter->run()
#12 E:\Jobs\UK Jobs\BenGhana\smartInvests\system\Commands\Server\rewrite.php(47): require_once('E:\\Jobs\\UK Jobs...')
#13 {main}

Next CodeIgniter\Database\Exceptions\DatabaseException: Access denied for user ''@'localhost' (using password: NO) in E:\Jobs\UK Jobs\BenGhana\smartInvests\system\Database\MySQLi\Connection.php:218
Stack trace:
#0 E:\Jobs\UK Jobs\BenGhana\smartInvests\system\Database\BaseConnection.php(391): CodeIgniter\Database\MySQLi\Connection->connect(false)
#1 E:\Jobs\UK Jobs\BenGhana\smartInvests\system\Database\BaseConnection.php(573): CodeIgniter\Database\BaseConnection->initialize()
#2 E:\Jobs\UK Jobs\BenGhana\smartInvests\system\Database\BaseBuilder.php(2295): CodeIgniter\Database\BaseConnection->query('INSERT INTO `us...', Array, false)
#3 E:\Jobs\UK Jobs\BenGhana\smartInvests\system\Model.php(329): CodeIgniter\Database\BaseBuilder->insert()
#4 E:\Jobs\UK Jobs\BenGhana\smartInvests\system\BaseModel.php(782): CodeIgniter\Model->doInsert(Array)
#5 E:\Jobs\UK Jobs\BenGhana\smartInvests\system\Model.php(729): CodeIgniter\BaseModel->insert(Array, true)
#6 E:\Jobs\UK Jobs\BenGhana\smartInvests\app\Controllers\LoginController.php(35): CodeIgniter\Model->insert(Array)
#7 E:\Jobs\UK Jobs\BenGhana\smartInvests\system\CodeIgniter.php(934): App\Controllers\LoginController->save()
#8 E:\Jobs\UK Jobs\BenGhana\smartInvests\system\CodeIgniter.php(499): CodeIgniter\CodeIgniter->runController(Object(App\Controllers\LoginController))
#9 E:\Jobs\UK Jobs\BenGhana\smartInvests\system\CodeIgniter.php(368): CodeIgniter\CodeIgniter->handleRequest(NULL, Object(Config\Cache), false)
#10 E:\Jobs\UK Jobs\BenGhana\smartInvests\public\index.php(67): CodeIgniter\CodeIgniter->run()
#11 E:\Jobs\UK Jobs\BenGhana\smartInvests\system\Commands\Server\rewrite.php(47): require_once('E:\\Jobs\\UK Jobs...')
#12 {main}
CRITICAL - 2023-03-19 17:44:23 --> Unable to connect to the database.
Main connection [MySQLi]: Access denied for user ''@'localhost' (using password: NO)
in SYSTEMPATH\Database\BaseConnection.php on line 427.
 1 SYSTEMPATH\Database\BaseConnection.php(573): CodeIgniter\Database\BaseConnection->initialize()
 2 SYSTEMPATH\Database\BaseBuilder.php(2295): CodeIgniter\Database\BaseConnection->query('INSERT INTO `usertable` (`username`, `address`, `gender`, `role`) VALUES (:username:, :address:, :gender:, :role:)', [...], false)
 3 SYSTEMPATH\Model.php(329): CodeIgniter\Database\BaseBuilder->insert()
 4 SYSTEMPATH\BaseModel.php(782): CodeIgniter\Model->doInsert([...])
 5 SYSTEMPATH\Model.php(729): CodeIgniter\BaseModel->insert([...], true)
 6 APPPATH\Controllers\LoginController.php(35): CodeIgniter\Model->insert([...])
 7 SYSTEMPATH\CodeIgniter.php(934): App\Controllers\LoginController->save()
 8 SYSTEMPATH\CodeIgniter.php(499): CodeIgniter\CodeIgniter->runController(Object(App\Controllers\LoginController))
 9 SYSTEMPATH\CodeIgniter.php(368): CodeIgniter\CodeIgniter->handleRequest(null, Object(Config\Cache), false)
10 FCPATH\index.php(67): CodeIgniter\CodeIgniter->run()
11 SYSTEMPATH\Commands\Server\rewrite.php(47): require_once('FCPATH\\index.php')
ERROR - 2023-03-19 17:49:59 --> Error connecting to the database: mysqli_sql_exception: Access denied for user ''@'localhost' (using password: NO) in E:\Jobs\UK Jobs\BenGhana\smartInvests\system\Database\MySQLi\Connection.php:174
Stack trace:
#0 E:\Jobs\UK Jobs\BenGhana\smartInvests\system\Database\MySQLi\Connection.php(174): mysqli->real_connect('localhost', '', '', '', 3306, '', 0)
#1 E:\Jobs\UK Jobs\BenGhana\smartInvests\system\Database\BaseConnection.php(391): CodeIgniter\Database\MySQLi\Connection->connect(false)
#2 E:\Jobs\UK Jobs\BenGhana\smartInvests\system\Database\BaseConnection.php(573): CodeIgniter\Database\BaseConnection->initialize()
#3 E:\Jobs\UK Jobs\BenGhana\smartInvests\system\Database\BaseBuilder.php(2295): CodeIgniter\Database\BaseConnection->query('INSERT INTO `us...', Array, false)
#4 E:\Jobs\UK Jobs\BenGhana\smartInvests\system\Model.php(329): CodeIgniter\Database\BaseBuilder->insert()
#5 E:\Jobs\UK Jobs\BenGhana\smartInvests\system\BaseModel.php(782): CodeIgniter\Model->doInsert(Array)
#6 E:\Jobs\UK Jobs\BenGhana\smartInvests\system\Model.php(729): CodeIgniter\BaseModel->insert(Array, true)
#7 E:\Jobs\UK Jobs\BenGhana\smartInvests\app\Controllers\LoginController.php(35): CodeIgniter\Model->insert(Array)
#8 E:\Jobs\UK Jobs\BenGhana\smartInvests\system\CodeIgniter.php(934): App\Controllers\LoginController->save()
#9 E:\Jobs\UK Jobs\BenGhana\smartInvests\system\CodeIgniter.php(499): CodeIgniter\CodeIgniter->runController(Object(App\Controllers\LoginController))
#10 E:\Jobs\UK Jobs\BenGhana\smartInvests\system\CodeIgniter.php(368): CodeIgniter\CodeIgniter->handleRequest(NULL, Object(Config\Cache), false)
#11 E:\Jobs\UK Jobs\BenGhana\smartInvests\public\index.php(67): CodeIgniter\CodeIgniter->run()
#12 E:\Jobs\UK Jobs\BenGhana\smartInvests\system\Commands\Server\rewrite.php(47): require_once('E:\\Jobs\\UK Jobs...')
#13 {main}

Next CodeIgniter\Database\Exceptions\DatabaseException: Access denied for user ''@'localhost' (using password: NO) in E:\Jobs\UK Jobs\BenGhana\smartInvests\system\Database\MySQLi\Connection.php:218
Stack trace:
#0 E:\Jobs\UK Jobs\BenGhana\smartInvests\system\Database\BaseConnection.php(391): CodeIgniter\Database\MySQLi\Connection->connect(false)
#1 E:\Jobs\UK Jobs\BenGhana\smartInvests\system\Database\BaseConnection.php(573): CodeIgniter\Database\BaseConnection->initialize()
#2 E:\Jobs\UK Jobs\BenGhana\smartInvests\system\Database\BaseBuilder.php(2295): CodeIgniter\Database\BaseConnection->query('INSERT INTO `us...', Array, false)
#3 E:\Jobs\UK Jobs\BenGhana\smartInvests\system\Model.php(329): CodeIgniter\Database\BaseBuilder->insert()
#4 E:\Jobs\UK Jobs\BenGhana\smartInvests\system\BaseModel.php(782): CodeIgniter\Model->doInsert(Array)
#5 E:\Jobs\UK Jobs\BenGhana\smartInvests\system\Model.php(729): CodeIgniter\BaseModel->insert(Array, true)
#6 E:\Jobs\UK Jobs\BenGhana\smartInvests\app\Controllers\LoginController.php(35): CodeIgniter\Model->insert(Array)
#7 E:\Jobs\UK Jobs\BenGhana\smartInvests\system\CodeIgniter.php(934): App\Controllers\LoginController->save()
#8 E:\Jobs\UK Jobs\BenGhana\smartInvests\system\CodeIgniter.php(499): CodeIgniter\CodeIgniter->runController(Object(App\Controllers\LoginController))
#9 E:\Jobs\UK Jobs\BenGhana\smartInvests\system\CodeIgniter.php(368): CodeIgniter\CodeIgniter->handleRequest(NULL, Object(Config\Cache), false)
#10 E:\Jobs\UK Jobs\BenGhana\smartInvests\public\index.php(67): CodeIgniter\CodeIgniter->run()
#11 E:\Jobs\UK Jobs\BenGhana\smartInvests\system\Commands\Server\rewrite.php(47): require_once('E:\\Jobs\\UK Jobs...')
#12 {main}
CRITICAL - 2023-03-19 17:49:59 --> Unable to connect to the database.
Main connection [MySQLi]: Access denied for user ''@'localhost' (using password: NO)
in SYSTEMPATH\Database\BaseConnection.php on line 427.
 1 SYSTEMPATH\Database\BaseConnection.php(573): CodeIgniter\Database\BaseConnection->initialize()
 2 SYSTEMPATH\Database\BaseBuilder.php(2295): CodeIgniter\Database\BaseConnection->query('INSERT INTO `usertable` (`username`, `address`, `gender`, `role`) VALUES (:username:, :address:, :gender:, :role:)', [...], false)
 3 SYSTEMPATH\Model.php(329): CodeIgniter\Database\BaseBuilder->insert()
 4 SYSTEMPATH\BaseModel.php(782): CodeIgniter\Model->doInsert([...])
 5 SYSTEMPATH\Model.php(729): CodeIgniter\BaseModel->insert([...], true)
 6 APPPATH\Controllers\LoginController.php(35): CodeIgniter\Model->insert([...])
 7 SYSTEMPATH\CodeIgniter.php(934): App\Controllers\LoginController->save()
 8 SYSTEMPATH\CodeIgniter.php(499): CodeIgniter\CodeIgniter->runController(Object(App\Controllers\LoginController))
 9 SYSTEMPATH\CodeIgniter.php(368): CodeIgniter\CodeIgniter->handleRequest(null, Object(Config\Cache), false)
10 FCPATH\index.php(67): CodeIgniter\CodeIgniter->run()
11 SYSTEMPATH\Commands\Server\rewrite.php(47): require_once('FCPATH\\index.php')
ERROR - 2023-03-19 17:51:44 --> Error connecting to the database: mysqli_sql_exception: Access denied for user ''@'localhost' (using password: NO) in E:\Jobs\UK Jobs\BenGhana\smartInvests\system\Database\MySQLi\Connection.php:174
Stack trace:
#0 E:\Jobs\UK Jobs\BenGhana\smartInvests\system\Database\MySQLi\Connection.php(174): mysqli->real_connect('localhost', '', '', '', 3306, '', 0)
#1 E:\Jobs\UK Jobs\BenGhana\smartInvests\system\Database\BaseConnection.php(391): CodeIgniter\Database\MySQLi\Connection->connect(false)
#2 E:\Jobs\UK Jobs\BenGhana\smartInvests\system\Database\BaseConnection.php(573): CodeIgniter\Database\BaseConnection->initialize()
#3 E:\Jobs\UK Jobs\BenGhana\smartInvests\system\Database\BaseBuilder.php(2295): CodeIgniter\Database\BaseConnection->query('INSERT INTO `us...', Array, false)
#4 E:\Jobs\UK Jobs\BenGhana\smartInvests\system\Model.php(329): CodeIgniter\Database\BaseBuilder->insert()
#5 E:\Jobs\UK Jobs\BenGhana\smartInvests\system\BaseModel.php(782): CodeIgniter\Model->doInsert(Array)
#6 E:\Jobs\UK Jobs\BenGhana\smartInvests\system\Model.php(729): CodeIgniter\BaseModel->insert(Array, true)
#7 E:\Jobs\UK Jobs\BenGhana\smartInvests\app\Controllers\LoginController.php(35): CodeIgniter\Model->insert(Array)
#8 E:\Jobs\UK Jobs\BenGhana\smartInvests\system\CodeIgniter.php(934): App\Controllers\LoginController->save()
#9 E:\Jobs\UK Jobs\BenGhana\smartInvests\system\CodeIgniter.php(499): CodeIgniter\CodeIgniter->runController(Object(App\Controllers\LoginController))
#10 E:\Jobs\UK Jobs\BenGhana\smartInvests\system\CodeIgniter.php(368): CodeIgniter\CodeIgniter->handleRequest(NULL, Object(Config\Cache), false)
#11 E:\Jobs\UK Jobs\BenGhana\smartInvests\public\index.php(67): CodeIgniter\CodeIgniter->run()
#12 E:\Jobs\UK Jobs\BenGhana\smartInvests\system\Commands\Server\rewrite.php(47): require_once('E:\\Jobs\\UK Jobs...')
#13 {main}

Next CodeIgniter\Database\Exceptions\DatabaseException: Access denied for user ''@'localhost' (using password: NO) in E:\Jobs\UK Jobs\BenGhana\smartInvests\system\Database\MySQLi\Connection.php:218
Stack trace:
#0 E:\Jobs\UK Jobs\BenGhana\smartInvests\system\Database\BaseConnection.php(391): CodeIgniter\Database\MySQLi\Connection->connect(false)
#1 E:\Jobs\UK Jobs\BenGhana\smartInvests\system\Database\BaseConnection.php(573): CodeIgniter\Database\BaseConnection->initialize()
#2 E:\Jobs\UK Jobs\BenGhana\smartInvests\system\Database\BaseBuilder.php(2295): CodeIgniter\Database\BaseConnection->query('INSERT INTO `us...', Array, false)
#3 E:\Jobs\UK Jobs\BenGhana\smartInvests\system\Model.php(329): CodeIgniter\Database\BaseBuilder->insert()
#4 E:\Jobs\UK Jobs\BenGhana\smartInvests\system\BaseModel.php(782): CodeIgniter\Model->doInsert(Array)
#5 E:\Jobs\UK Jobs\BenGhana\smartInvests\system\Model.php(729): CodeIgniter\BaseModel->insert(Array, true)
#6 E:\Jobs\UK Jobs\BenGhana\smartInvests\app\Controllers\LoginController.php(35): CodeIgniter\Model->insert(Array)
#7 E:\Jobs\UK Jobs\BenGhana\smartInvests\system\CodeIgniter.php(934): App\Controllers\LoginController->save()
#8 E:\Jobs\UK Jobs\BenGhana\smartInvests\system\CodeIgniter.php(499): CodeIgniter\CodeIgniter->runController(Object(App\Controllers\LoginController))
#9 E:\Jobs\UK Jobs\BenGhana\smartInvests\system\CodeIgniter.php(368): CodeIgniter\CodeIgniter->handleRequest(NULL, Object(Config\Cache), false)
#10 E:\Jobs\UK Jobs\BenGhana\smartInvests\public\index.php(67): CodeIgniter\CodeIgniter->run()
#11 E:\Jobs\UK Jobs\BenGhana\smartInvests\system\Commands\Server\rewrite.php(47): require_once('E:\\Jobs\\UK Jobs...')
#12 {main}
CRITICAL - 2023-03-19 17:51:44 --> Unable to connect to the database.
Main connection [MySQLi]: Access denied for user ''@'localhost' (using password: NO)
in SYSTEMPATH\Database\BaseConnection.php on line 427.
 1 SYSTEMPATH\Database\BaseConnection.php(573): CodeIgniter\Database\BaseConnection->initialize()
 2 SYSTEMPATH\Database\BaseBuilder.php(2295): CodeIgniter\Database\BaseConnection->query('INSERT INTO `usertable` (`username`, `address`, `gender`, `role`) VALUES (:username:, :address:, :gender:, :role:)', [...], false)
 3 SYSTEMPATH\Model.php(329): CodeIgniter\Database\BaseBuilder->insert()
 4 SYSTEMPATH\BaseModel.php(782): CodeIgniter\Model->doInsert([...])
 5 SYSTEMPATH\Model.php(729): CodeIgniter\BaseModel->insert([...], true)
 6 APPPATH\Controllers\LoginController.php(35): CodeIgniter\Model->insert([...])
 7 SYSTEMPATH\CodeIgniter.php(934): App\Controllers\LoginController->save()
 8 SYSTEMPATH\CodeIgniter.php(499): CodeIgniter\CodeIgniter->runController(Object(App\Controllers\LoginController))
 9 SYSTEMPATH\CodeIgniter.php(368): CodeIgniter\CodeIgniter->handleRequest(null, Object(Config\Cache), false)
10 FCPATH\index.php(67): CodeIgniter\CodeIgniter->run()
11 SYSTEMPATH\Commands\Server\rewrite.php(47): require_once('FCPATH\\index.php')
ERROR - 2023-03-19 17:52:18 --> Error connecting to the database: mysqli_sql_exception: Access denied for user ''@'localhost' (using password: NO) in E:\Jobs\UK Jobs\BenGhana\smartInvests\system\Database\MySQLi\Connection.php:174
Stack trace:
#0 E:\Jobs\UK Jobs\BenGhana\smartInvests\system\Database\MySQLi\Connection.php(174): mysqli->real_connect('localhost', '', '', '', 3306, '', 0)
#1 E:\Jobs\UK Jobs\BenGhana\smartInvests\system\Database\BaseConnection.php(391): CodeIgniter\Database\MySQLi\Connection->connect(false)
#2 E:\Jobs\UK Jobs\BenGhana\smartInvests\system\Database\BaseConnection.php(573): CodeIgniter\Database\BaseConnection->initialize()
#3 E:\Jobs\UK Jobs\BenGhana\smartInvests\system\Database\BaseBuilder.php(2295): CodeIgniter\Database\BaseConnection->query('INSERT INTO `us...', Array, false)
#4 E:\Jobs\UK Jobs\BenGhana\smartInvests\system\Model.php(329): CodeIgniter\Database\BaseBuilder->insert()
#5 E:\Jobs\UK Jobs\BenGhana\smartInvests\system\BaseModel.php(782): CodeIgniter\Model->doInsert(Array)
#6 E:\Jobs\UK Jobs\BenGhana\smartInvests\system\Model.php(729): CodeIgniter\BaseModel->insert(Array, true)
#7 E:\Jobs\UK Jobs\BenGhana\smartInvests\app\Controllers\LoginController.php(35): CodeIgniter\Model->insert(Array)
#8 E:\Jobs\UK Jobs\BenGhana\smartInvests\system\CodeIgniter.php(934): App\Controllers\LoginController->save()
#9 E:\Jobs\UK Jobs\BenGhana\smartInvests\system\CodeIgniter.php(499): CodeIgniter\CodeIgniter->runController(Object(App\Controllers\LoginController))
#10 E:\Jobs\UK Jobs\BenGhana\smartInvests\system\CodeIgniter.php(368): CodeIgniter\CodeIgniter->handleRequest(NULL, Object(Config\Cache), false)
#11 E:\Jobs\UK Jobs\BenGhana\smartInvests\public\index.php(67): CodeIgniter\CodeIgniter->run()
#12 E:\Jobs\UK Jobs\BenGhana\smartInvests\system\Commands\Server\rewrite.php(47): require_once('E:\\Jobs\\UK Jobs...')
#13 {main}

Next CodeIgniter\Database\Exceptions\DatabaseException: Access denied for user ''@'localhost' (using password: NO) in E:\Jobs\UK Jobs\BenGhana\smartInvests\system\Database\MySQLi\Connection.php:218
Stack trace:
#0 E:\Jobs\UK Jobs\BenGhana\smartInvests\system\Database\BaseConnection.php(391): CodeIgniter\Database\MySQLi\Connection->connect(false)
#1 E:\Jobs\UK Jobs\BenGhana\smartInvests\system\Database\BaseConnection.php(573): CodeIgniter\Database\BaseConnection->initialize()
#2 E:\Jobs\UK Jobs\BenGhana\smartInvests\system\Database\BaseBuilder.php(2295): CodeIgniter\Database\BaseConnection->query('INSERT INTO `us...', Array, false)
#3 E:\Jobs\UK Jobs\BenGhana\smartInvests\system\Model.php(329): CodeIgniter\Database\BaseBuilder->insert()
#4 E:\Jobs\UK Jobs\BenGhana\smartInvests\system\BaseModel.php(782): CodeIgniter\Model->doInsert(Array)
#5 E:\Jobs\UK Jobs\BenGhana\smartInvests\system\Model.php(729): CodeIgniter\BaseModel->insert(Array, true)
#6 E:\Jobs\UK Jobs\BenGhana\smartInvests\app\Controllers\LoginController.php(35): CodeIgniter\Model->insert(Array)
#7 E:\Jobs\UK Jobs\BenGhana\smartInvests\system\CodeIgniter.php(934): App\Controllers\LoginController->save()
#8 E:\Jobs\UK Jobs\BenGhana\smartInvests\system\CodeIgniter.php(499): CodeIgniter\CodeIgniter->runController(Object(App\Controllers\LoginController))
#9 E:\Jobs\UK Jobs\BenGhana\smartInvests\system\CodeIgniter.php(368): CodeIgniter\CodeIgniter->handleRequest(NULL, Object(Config\Cache), false)
#10 E:\Jobs\UK Jobs\BenGhana\smartInvests\public\index.php(67): CodeIgniter\CodeIgniter->run()
#11 E:\Jobs\UK Jobs\BenGhana\smartInvests\system\Commands\Server\rewrite.php(47): require_once('E:\\Jobs\\UK Jobs...')
#12 {main}
CRITICAL - 2023-03-19 17:52:18 --> Unable to connect to the database.
Main connection [MySQLi]: Access denied for user ''@'localhost' (using password: NO)
in SYSTEMPATH\Database\BaseConnection.php on line 427.
 1 SYSTEMPATH\Database\BaseConnection.php(573): CodeIgniter\Database\BaseConnection->initialize()
 2 SYSTEMPATH\Database\BaseBuilder.php(2295): CodeIgniter\Database\BaseConnection->query('INSERT INTO `usertable` (`username`, `address`, `gender`, `role`) VALUES (:username:, :address:, :gender:, :role:)', [...], false)
 3 SYSTEMPATH\Model.php(329): CodeIgniter\Database\BaseBuilder->insert()
 4 SYSTEMPATH\BaseModel.php(782): CodeIgniter\Model->doInsert([...])
 5 SYSTEMPATH\Model.php(729): CodeIgniter\BaseModel->insert([...], true)
 6 APPPATH\Controllers\LoginController.php(35): CodeIgniter\Model->insert([...])
 7 SYSTEMPATH\CodeIgniter.php(934): App\Controllers\LoginController->save()
 8 SYSTEMPATH\CodeIgniter.php(499): CodeIgniter\CodeIgniter->runController(Object(App\Controllers\LoginController))
 9 SYSTEMPATH\CodeIgniter.php(368): CodeIgniter\CodeIgniter->handleRequest(null, Object(Config\Cache), false)
10 FCPATH\index.php(67): CodeIgniter\CodeIgniter->run()
11 SYSTEMPATH\Commands\Server\rewrite.php(47): require_once('FCPATH\\index.php')
ERROR - 2023-03-19 17:56:55 --> Error connecting to the database: mysqli_sql_exception: Access denied for user ''@'localhost' (using password: NO) in E:\Jobs\UK Jobs\BenGhana\smartInvests\system\Database\MySQLi\Connection.php:174
Stack trace:
#0 E:\Jobs\UK Jobs\BenGhana\smartInvests\system\Database\MySQLi\Connection.php(174): mysqli->real_connect('localhost', '', '', '', 3306, '', 0)
#1 E:\Jobs\UK Jobs\BenGhana\smartInvests\system\Database\BaseConnection.php(391): CodeIgniter\Database\MySQLi\Connection->connect(false)
#2 E:\Jobs\UK Jobs\BenGhana\smartInvests\system\Database\BaseConnection.php(573): CodeIgniter\Database\BaseConnection->initialize()
#3 E:\Jobs\UK Jobs\BenGhana\smartInvests\system\Database\BaseBuilder.php(2295): CodeIgniter\Database\BaseConnection->query('INSERT INTO `us...', Array, false)
#4 E:\Jobs\UK Jobs\BenGhana\smartInvests\system\Model.php(329): CodeIgniter\Database\BaseBuilder->insert()
#5 E:\Jobs\UK Jobs\BenGhana\smartInvests\system\BaseModel.php(782): CodeIgniter\Model->doInsert(Array)
#6 E:\Jobs\UK Jobs\BenGhana\smartInvests\system\Model.php(729): CodeIgniter\BaseModel->insert(Array, true)
#7 E:\Jobs\UK Jobs\BenGhana\smartInvests\app\Controllers\LoginController.php(34): CodeIgniter\Model->insert(Array)
#8 E:\Jobs\UK Jobs\BenGhana\smartInvests\system\CodeIgniter.php(934): App\Controllers\LoginController->save()
#9 E:\Jobs\UK Jobs\BenGhana\smartInvests\system\CodeIgniter.php(499): CodeIgniter\CodeIgniter->runController(Object(App\Controllers\LoginController))
#10 E:\Jobs\UK Jobs\BenGhana\smartInvests\system\CodeIgniter.php(368): CodeIgniter\CodeIgniter->handleRequest(NULL, Object(Config\Cache), false)
#11 E:\Jobs\UK Jobs\BenGhana\smartInvests\public\index.php(67): CodeIgniter\CodeIgniter->run()
#12 E:\Jobs\UK Jobs\BenGhana\smartInvests\system\Commands\Server\rewrite.php(47): require_once('E:\\Jobs\\UK Jobs...')
#13 {main}

Next CodeIgniter\Database\Exceptions\DatabaseException: Access denied for user ''@'localhost' (using password: NO) in E:\Jobs\UK Jobs\BenGhana\smartInvests\system\Database\MySQLi\Connection.php:218
Stack trace:
#0 E:\Jobs\UK Jobs\BenGhana\smartInvests\system\Database\BaseConnection.php(391): CodeIgniter\Database\MySQLi\Connection->connect(false)
#1 E:\Jobs\UK Jobs\BenGhana\smartInvests\system\Database\BaseConnection.php(573): CodeIgniter\Database\BaseConnection->initialize()
#2 E:\Jobs\UK Jobs\BenGhana\smartInvests\system\Database\BaseBuilder.php(2295): CodeIgniter\Database\BaseConnection->query('INSERT INTO `us...', Array, false)
#3 E:\Jobs\UK Jobs\BenGhana\smartInvests\system\Model.php(329): CodeIgniter\Database\BaseBuilder->insert()
#4 E:\Jobs\UK Jobs\BenGhana\smartInvests\system\BaseModel.php(782): CodeIgniter\Model->doInsert(Array)
#5 E:\Jobs\UK Jobs\BenGhana\smartInvests\system\Model.php(729): CodeIgniter\BaseModel->insert(Array, true)
#6 E:\Jobs\UK Jobs\BenGhana\smartInvests\app\Controllers\LoginController.php(34): CodeIgniter\Model->insert(Array)
#7 E:\Jobs\UK Jobs\BenGhana\smartInvests\system\CodeIgniter.php(934): App\Controllers\LoginController->save()
#8 E:\Jobs\UK Jobs\BenGhana\smartInvests\system\CodeIgniter.php(499): CodeIgniter\CodeIgniter->runController(Object(App\Controllers\LoginController))
#9 E:\Jobs\UK Jobs\BenGhana\smartInvests\system\CodeIgniter.php(368): CodeIgniter\CodeIgniter->handleRequest(NULL, Object(Config\Cache), false)
#10 E:\Jobs\UK Jobs\BenGhana\smartInvests\public\index.php(67): CodeIgniter\CodeIgniter->run()
#11 E:\Jobs\UK Jobs\BenGhana\smartInvests\system\Commands\Server\rewrite.php(47): require_once('E:\\Jobs\\UK Jobs...')
#12 {main}
CRITICAL - 2023-03-19 17:56:55 --> Unable to connect to the database.
Main connection [MySQLi]: Access denied for user ''@'localhost' (using password: NO)
in SYSTEMPATH\Database\BaseConnection.php on line 427.
 1 SYSTEMPATH\Database\BaseConnection.php(573): CodeIgniter\Database\BaseConnection->initialize()
 2 SYSTEMPATH\Database\BaseBuilder.php(2295): CodeIgniter\Database\BaseConnection->query('INSERT INTO `usertable` (`fullName`, `username`, `userphone`, `useremail`, `address`, `gender`, `role`, `userpassword`) VALUES (:fullName:, :username:, :userphone:, :useremail:, :address:, :gender:, :role:, :userpassword:)', [...], false)
 3 SYSTEMPATH\Model.php(329): CodeIgniter\Database\BaseBuilder->insert()
 4 SYSTEMPATH\BaseModel.php(782): CodeIgniter\Model->doInsert([...])
 5 SYSTEMPATH\Model.php(729): CodeIgniter\BaseModel->insert([...], true)
 6 APPPATH\Controllers\LoginController.php(34): CodeIgniter\Model->insert([...])
 7 SYSTEMPATH\CodeIgniter.php(934): App\Controllers\LoginController->save()
 8 SYSTEMPATH\CodeIgniter.php(499): CodeIgniter\CodeIgniter->runController(Object(App\Controllers\LoginController))
 9 SYSTEMPATH\CodeIgniter.php(368): CodeIgniter\CodeIgniter->handleRequest(null, Object(Config\Cache), false)
10 FCPATH\index.php(67): CodeIgniter\CodeIgniter->run()
11 SYSTEMPATH\Commands\Server\rewrite.php(47): require_once('FCPATH\\index.php')
ERROR - 2023-03-19 17:56:59 --> Error connecting to the database: mysqli_sql_exception: Access denied for user ''@'localhost' (using password: NO) in E:\Jobs\UK Jobs\BenGhana\smartInvests\system\Database\MySQLi\Connection.php:174
Stack trace:
#0 E:\Jobs\UK Jobs\BenGhana\smartInvests\system\Database\MySQLi\Connection.php(174): mysqli->real_connect('localhost', '', '', '', 3306, '', 0)
#1 E:\Jobs\UK Jobs\BenGhana\smartInvests\system\Database\BaseConnection.php(391): CodeIgniter\Database\MySQLi\Connection->connect(false)
#2 E:\Jobs\UK Jobs\BenGhana\smartInvests\system\Database\BaseConnection.php(573): CodeIgniter\Database\BaseConnection->initialize()
#3 E:\Jobs\UK Jobs\BenGhana\smartInvests\system\Database\BaseBuilder.php(2295): CodeIgniter\Database\BaseConnection->query('INSERT INTO `us...', Array, false)
#4 E:\Jobs\UK Jobs\BenGhana\smartInvests\system\Model.php(329): CodeIgniter\Database\BaseBuilder->insert()
#5 E:\Jobs\UK Jobs\BenGhana\smartInvests\system\BaseModel.php(782): CodeIgniter\Model->doInsert(Array)
#6 E:\Jobs\UK Jobs\BenGhana\smartInvests\system\Model.php(729): CodeIgniter\BaseModel->insert(Array, true)
#7 E:\Jobs\UK Jobs\BenGhana\smartInvests\app\Controllers\LoginController.php(34): CodeIgniter\Model->insert(Array)
#8 E:\Jobs\UK Jobs\BenGhana\smartInvests\system\CodeIgniter.php(934): App\Controllers\LoginController->save()
#9 E:\Jobs\UK Jobs\BenGhana\smartInvests\system\CodeIgniter.php(499): CodeIgniter\CodeIgniter->runController(Object(App\Controllers\LoginController))
#10 E:\Jobs\UK Jobs\BenGhana\smartInvests\system\CodeIgniter.php(368): CodeIgniter\CodeIgniter->handleRequest(NULL, Object(Config\Cache), false)
#11 E:\Jobs\UK Jobs\BenGhana\smartInvests\public\index.php(67): CodeIgniter\CodeIgniter->run()
#12 E:\Jobs\UK Jobs\BenGhana\smartInvests\system\Commands\Server\rewrite.php(47): require_once('E:\\Jobs\\UK Jobs...')
#13 {main}

Next CodeIgniter\Database\Exceptions\DatabaseException: Access denied for user ''@'localhost' (using password: NO) in E:\Jobs\UK Jobs\BenGhana\smartInvests\system\Database\MySQLi\Connection.php:218
Stack trace:
#0 E:\Jobs\UK Jobs\BenGhana\smartInvests\system\Database\BaseConnection.php(391): CodeIgniter\Database\MySQLi\Connection->connect(false)
#1 E:\Jobs\UK Jobs\BenGhana\smartInvests\system\Database\BaseConnection.php(573): CodeIgniter\Database\BaseConnection->initialize()
#2 E:\Jobs\UK Jobs\BenGhana\smartInvests\system\Database\BaseBuilder.php(2295): CodeIgniter\Database\BaseConnection->query('INSERT INTO `us...', Array, false)
#3 E:\Jobs\UK Jobs\BenGhana\smartInvests\system\Model.php(329): CodeIgniter\Database\BaseBuilder->insert()
#4 E:\Jobs\UK Jobs\BenGhana\smartInvests\system\BaseModel.php(782): CodeIgniter\Model->doInsert(Array)
#5 E:\Jobs\UK Jobs\BenGhana\smartInvests\system\Model.php(729): CodeIgniter\BaseModel->insert(Array, true)
#6 E:\Jobs\UK Jobs\BenGhana\smartInvests\app\Controllers\LoginController.php(34): CodeIgniter\Model->insert(Array)
#7 E:\Jobs\UK Jobs\BenGhana\smartInvests\system\CodeIgniter.php(934): App\Controllers\LoginController->save()
#8 E:\Jobs\UK Jobs\BenGhana\smartInvests\system\CodeIgniter.php(499): CodeIgniter\CodeIgniter->runController(Object(App\Controllers\LoginController))
#9 E:\Jobs\UK Jobs\BenGhana\smartInvests\system\CodeIgniter.php(368): CodeIgniter\CodeIgniter->handleRequest(NULL, Object(Config\Cache), false)
#10 E:\Jobs\UK Jobs\BenGhana\smartInvests\public\index.php(67): CodeIgniter\CodeIgniter->run()
#11 E:\Jobs\UK Jobs\BenGhana\smartInvests\system\Commands\Server\rewrite.php(47): require_once('E:\\Jobs\\UK Jobs...')
#12 {main}
CRITICAL - 2023-03-19 17:56:59 --> Unable to connect to the database.
Main connection [MySQLi]: Access denied for user ''@'localhost' (using password: NO)
in SYSTEMPATH\Database\BaseConnection.php on line 427.
 1 SYSTEMPATH\Database\BaseConnection.php(573): CodeIgniter\Database\BaseConnection->initialize()
 2 SYSTEMPATH\Database\BaseBuilder.php(2295): CodeIgniter\Database\BaseConnection->query('INSERT INTO `usertable` (`fullName`, `username`, `userphone`, `useremail`, `address`, `gender`, `role`, `userpassword`) VALUES (:fullName:, :username:, :userphone:, :useremail:, :address:, :gender:, :role:, :userpassword:)', [...], false)
 3 SYSTEMPATH\Model.php(329): CodeIgniter\Database\BaseBuilder->insert()
 4 SYSTEMPATH\BaseModel.php(782): CodeIgniter\Model->doInsert([...])
 5 SYSTEMPATH\Model.php(729): CodeIgniter\BaseModel->insert([...], true)
 6 APPPATH\Controllers\LoginController.php(34): CodeIgniter\Model->insert([...])
 7 SYSTEMPATH\CodeIgniter.php(934): App\Controllers\LoginController->save()
 8 SYSTEMPATH\CodeIgniter.php(499): CodeIgniter\CodeIgniter->runController(Object(App\Controllers\LoginController))
 9 SYSTEMPATH\CodeIgniter.php(368): CodeIgniter\CodeIgniter->handleRequest(null, Object(Config\Cache), false)
10 FCPATH\index.php(67): CodeIgniter\CodeIgniter->run()
11 SYSTEMPATH\Commands\Server\rewrite.php(47): require_once('FCPATH\\index.php')
ERROR - 2023-03-19 17:59:21 --> Error connecting to the database: mysqli_sql_exception: Access denied for user ''@'localhost' (using password: NO) in E:\Jobs\UK Jobs\BenGhana\smartInvests\system\Database\MySQLi\Connection.php:174
Stack trace:
#0 E:\Jobs\UK Jobs\BenGhana\smartInvests\system\Database\MySQLi\Connection.php(174): mysqli->real_connect('localhost', '', '', '', 3306, '', 0)
#1 E:\Jobs\UK Jobs\BenGhana\smartInvests\system\Database\BaseConnection.php(391): CodeIgniter\Database\MySQLi\Connection->connect(false)
#2 E:\Jobs\UK Jobs\BenGhana\smartInvests\system\Database\BaseConnection.php(573): CodeIgniter\Database\BaseConnection->initialize()
#3 E:\Jobs\UK Jobs\BenGhana\smartInvests\system\Database\BaseBuilder.php(2295): CodeIgniter\Database\BaseConnection->query('INSERT INTO `us...', Array, false)
#4 E:\Jobs\UK Jobs\BenGhana\smartInvests\system\Model.php(329): CodeIgniter\Database\BaseBuilder->insert()
#5 E:\Jobs\UK Jobs\BenGhana\smartInvests\system\BaseModel.php(782): CodeIgniter\Model->doInsert(Array)
#6 E:\Jobs\UK Jobs\BenGhana\smartInvests\system\Model.php(729): CodeIgniter\BaseModel->insert(Array, true)
#7 E:\Jobs\UK Jobs\BenGhana\smartInvests\app\Controllers\LoginController.php(35): CodeIgniter\Model->insert(Array)
#8 E:\Jobs\UK Jobs\BenGhana\smartInvests\system\CodeIgniter.php(934): App\Controllers\LoginController->save()
#9 E:\Jobs\UK Jobs\BenGhana\smartInvests\system\CodeIgniter.php(499): CodeIgniter\CodeIgniter->runController(Object(App\Controllers\LoginController))
#10 E:\Jobs\UK Jobs\BenGhana\smartInvests\system\CodeIgniter.php(368): CodeIgniter\CodeIgniter->handleRequest(NULL, Object(Config\Cache), false)
#11 E:\Jobs\UK Jobs\BenGhana\smartInvests\public\index.php(67): CodeIgniter\CodeIgniter->run()
#12 E:\Jobs\UK Jobs\BenGhana\smartInvests\system\Commands\Server\rewrite.php(47): require_once('E:\\Jobs\\UK Jobs...')
#13 {main}

Next CodeIgniter\Database\Exceptions\DatabaseException: Access denied for user ''@'localhost' (using password: NO) in E:\Jobs\UK Jobs\BenGhana\smartInvests\system\Database\MySQLi\Connection.php:218
Stack trace:
#0 E:\Jobs\UK Jobs\BenGhana\smartInvests\system\Database\BaseConnection.php(391): CodeIgniter\Database\MySQLi\Connection->connect(false)
#1 E:\Jobs\UK Jobs\BenGhana\smartInvests\system\Database\BaseConnection.php(573): CodeIgniter\Database\BaseConnection->initialize()
#2 E:\Jobs\UK Jobs\BenGhana\smartInvests\system\Database\BaseBuilder.php(2295): CodeIgniter\Database\BaseConnection->query('INSERT INTO `us...', Array, false)
#3 E:\Jobs\UK Jobs\BenGhana\smartInvests\system\Model.php(329): CodeIgniter\Database\BaseBuilder->insert()
#4 E:\Jobs\UK Jobs\BenGhana\smartInvests\system\BaseModel.php(782): CodeIgniter\Model->doInsert(Array)
#5 E:\Jobs\UK Jobs\BenGhana\smartInvests\system\Model.php(729): CodeIgniter\BaseModel->insert(Array, true)
#6 E:\Jobs\UK Jobs\BenGhana\smartInvests\app\Controllers\LoginController.php(35): CodeIgniter\Model->insert(Array)
#7 E:\Jobs\UK Jobs\BenGhana\smartInvests\system\CodeIgniter.php(934): App\Controllers\LoginController->save()
#8 E:\Jobs\UK Jobs\BenGhana\smartInvests\system\CodeIgniter.php(499): CodeIgniter\CodeIgniter->runController(Object(App\Controllers\LoginController))
#9 E:\Jobs\UK Jobs\BenGhana\smartInvests\system\CodeIgniter.php(368): CodeIgniter\CodeIgniter->handleRequest(NULL, Object(Config\Cache), false)
#10 E:\Jobs\UK Jobs\BenGhana\smartInvests\public\index.php(67): CodeIgniter\CodeIgniter->run()
#11 E:\Jobs\UK Jobs\BenGhana\smartInvests\system\Commands\Server\rewrite.php(47): require_once('E:\\Jobs\\UK Jobs...')
#12 {main}
CRITICAL - 2023-03-19 17:59:21 --> Unable to connect to the database.
Main connection [MySQLi]: Access denied for user ''@'localhost' (using password: NO)
in SYSTEMPATH\Database\BaseConnection.php on line 427.
 1 SYSTEMPATH\Database\BaseConnection.php(573): CodeIgniter\Database\BaseConnection->initialize()
 2 SYSTEMPATH\Database\BaseBuilder.php(2295): CodeIgniter\Database\BaseConnection->query('INSERT INTO `usertable` (`fullName`, `username`, `userphone`, `useremail`, `address`, `gender`, `role`, `userpassword`) VALUES (:fullName:, :username:, :userphone:, :useremail:, :address:, :gender:, :role:, :userpassword:)', [...], false)
 3 SYSTEMPATH\Model.php(329): CodeIgniter\Database\BaseBuilder->insert()
 4 SYSTEMPATH\BaseModel.php(782): CodeIgniter\Model->doInsert([...])
 5 SYSTEMPATH\Model.php(729): CodeIgniter\BaseModel->insert([...], true)
 6 APPPATH\Controllers\LoginController.php(35): CodeIgniter\Model->insert([...])
 7 SYSTEMPATH\CodeIgniter.php(934): App\Controllers\LoginController->save()
 8 SYSTEMPATH\CodeIgniter.php(499): CodeIgniter\CodeIgniter->runController(Object(App\Controllers\LoginController))
 9 SYSTEMPATH\CodeIgniter.php(368): CodeIgniter\CodeIgniter->handleRequest(null, Object(Config\Cache), false)
10 FCPATH\index.php(67): CodeIgniter\CodeIgniter->run()
11 SYSTEMPATH\Commands\Server\rewrite.php(47): require_once('FCPATH\\index.php')
