INFO - 2023-03-21 06:08:16 --> Session: Class initialized using 'CodeIgniter\Session\Handlers\FileHandler' driver.
INFO - 2023-03-21 06:08:19 --> Session: Class initialized using 'CodeIgniter\Session\Handlers\FileHandler' driver.
INFO - 2023-03-21 06:08:19 --> Session: Class initialized using 'CodeIgniter\Session\Handlers\FileHandler' driver.
INFO - 2023-03-21 06:09:44 --> Session: Class initialized using 'CodeIgniter\Session\Handlers\FileHandler' driver.
INFO - 2023-03-21 06:09:47 --> Session: Class initialized using 'CodeIgniter\Session\Handlers\FileHandler' driver.
INFO - 2023-03-21 06:09:47 --> Session: Class initialized using 'CodeIgniter\Session\Handlers\FileHandler' driver.
INFO - 2023-03-21 06:10:06 --> Session: Class initialized using 'CodeIgniter\Session\Handlers\FileHandler' driver.
INFO - 2023-03-21 06:10:37 --> Session: Class initialized using 'CodeIgniter\Session\Handlers\FileHandler' driver.
INFO - 2023-03-21 06:10:39 --> Session: Class initialized using 'CodeIgniter\Session\Handlers\FileHandler' driver.
INFO - 2023-03-21 06:10:40 --> Session: Class initialized using 'CodeIgniter\Session\Handlers\FileHandler' driver.
INFO - 2023-03-21 06:10:47 --> Session: Class initialized using 'CodeIgniter\Session\Handlers\FileHandler' driver.
INFO - 2023-03-21 06:10:53 --> Session: Class initialized using 'CodeIgniter\Session\Handlers\FileHandler' driver.
INFO - 2023-03-21 06:10:54 --> Session: Class initialized using 'CodeIgniter\Session\Handlers\FileHandler' driver.
INFO - 2023-03-21 06:19:56 --> Session: Class initialized using 'CodeIgniter\Session\Handlers\FileHandler' driver.
INFO - 2023-03-21 06:21:28 --> Session: Class initialized using 'CodeIgniter\Session\Handlers\FileHandler' driver.
INFO - 2023-03-21 06:22:56 --> Session: Class initialized using 'CodeIgniter\Session\Handlers\FileHandler' driver.
INFO - 2023-03-21 06:26:08 --> Session: Class initialized using 'CodeIgniter\Session\Handlers\FileHandler' driver.
INFO - 2023-03-21 06:30:01 --> Session: Class initialized using 'CodeIgniter\Session\Handlers\FileHandler' driver.
INFO - 2023-03-21 06:31:14 --> Session: Class initialized using 'CodeIgniter\Session\Handlers\FileHandler' driver.
INFO - 2023-03-21 06:33:28 --> Session: Class initialized using 'CodeIgniter\Session\Handlers\FileHandler' driver.
INFO - 2023-03-21 06:33:31 --> Session: Class initialized using 'CodeIgniter\Session\Handlers\FileHandler' driver.
INFO - 2023-03-21 06:41:09 --> Session: Class initialized using 'CodeIgniter\Session\Handlers\FileHandler' driver.
INFO - 2023-03-21 06:44:05 --> Session: Class initialized using 'CodeIgniter\Session\Handlers\FileHandler' driver.
INFO - 2023-03-21 06:49:21 --> Session: Class initialized using 'CodeIgniter\Session\Handlers\FileHandler' driver.
INFO - 2023-03-21 06:50:46 --> Session: Class initialized using 'CodeIgniter\Session\Handlers\FileHandler' driver.
INFO - 2023-03-21 06:53:07 --> Session: Class initialized using 'CodeIgniter\Session\Handlers\FileHandler' driver.
INFO - 2023-03-21 06:58:25 --> Session: Class initialized using 'CodeIgniter\Session\Handlers\FileHandler' driver.
CRITICAL - 2023-03-21 06:58:56 --> Invalid file: "addproducts.php"
in SYSTEMPATH\Exceptions\FrameworkException.php on line 33.
 1 SYSTEMPATH\View\View.php(201): CodeIgniter\Exceptions\FrameworkException::forInvalidFile('addproducts.php')
 2 SYSTEMPATH\Common.php(1177): CodeIgniter\View\View->render('addproducts', [], true)
 3 APPPATH\Controllers\ProductController.php(32): view('addproducts')
 4 SYSTEMPATH\CodeIgniter.php(934): App\Controllers\ProductController->add()
 5 SYSTEMPATH\CodeIgniter.php(499): CodeIgniter\CodeIgniter->runController(Object(App\Controllers\ProductController))
 6 SYSTEMPATH\CodeIgniter.php(368): CodeIgniter\CodeIgniter->handleRequest(null, Object(Config\Cache), false)
 7 FCPATH\index.php(67): CodeIgniter\CodeIgniter->run()
 8 SYSTEMPATH\Commands\Server\rewrite.php(47): require_once('FCPATH\\index.php')
INFO - 2023-03-21 07:14:43 --> Session: Class initialized using 'CodeIgniter\Session\Handlers\FileHandler' driver.
INFO - 2023-03-21 07:14:43 --> Session: Class initialized using 'CodeIgniter\Session\Handlers\FileHandler' driver.
INFO - 2023-03-21 07:15:14 --> Session: Class initialized using 'CodeIgniter\Session\Handlers\FileHandler' driver.
INFO - 2023-03-21 07:17:23 --> Session: Class initialized using 'CodeIgniter\Session\Handlers\FileHandler' driver.
INFO - 2023-03-21 07:24:24 --> Session: Class initialized using 'CodeIgniter\Session\Handlers\FileHandler' driver.
INFO - 2023-03-21 07:24:28 --> Session: Class initialized using 'CodeIgniter\Session\Handlers\FileHandler' driver.
ERROR - 2023-03-21 07:24:28 --> mysqli_sql_exception: Unknown column 'id' in 'where clause' in E:\Jobs\UK Jobs\BenGhana\smartInvests\system\Database\MySQLi\Connection.php:295
Stack trace:
#0 E:\Jobs\UK Jobs\BenGhana\smartInvests\system\Database\MySQLi\Connection.php(295): mysqli->query('DELETE FROM `pr...', 0)
#1 E:\Jobs\UK Jobs\BenGhana\smartInvests\system\Database\BaseConnection.php(691): CodeIgniter\Database\MySQLi\Connection->execute('DELETE FROM `pr...')
#2 E:\Jobs\UK Jobs\BenGhana\smartInvests\system\Database\BaseConnection.php(605): CodeIgniter\Database\BaseConnection->simpleQuery('DELETE FROM `pr...')
#3 E:\Jobs\UK Jobs\BenGhana\smartInvests\system\Database\BaseBuilder.php(2777): CodeIgniter\Database\BaseConnection->query('DELETE FROM `pr...', Array, false)
#4 E:\Jobs\UK Jobs\BenGhana\smartInvests\system\Model.php(455): CodeIgniter\Database\BaseBuilder->delete()
#5 E:\Jobs\UK Jobs\BenGhana\smartInvests\system\BaseModel.php(1065): CodeIgniter\Model->doDelete(Array, false)
#6 E:\Jobs\UK Jobs\BenGhana\smartInvests\app\Controllers\ProductController.php(60): CodeIgniter\BaseModel->delete(Array)
#7 E:\Jobs\UK Jobs\BenGhana\smartInvests\system\CodeIgniter.php(934): App\Controllers\ProductController->delete('2')
#8 E:\Jobs\UK Jobs\BenGhana\smartInvests\system\CodeIgniter.php(499): CodeIgniter\CodeIgniter->runController(Object(App\Controllers\ProductController))
#9 E:\Jobs\UK Jobs\BenGhana\smartInvests\system\CodeIgniter.php(368): CodeIgniter\CodeIgniter->handleRequest(NULL, Object(Config\Cache), false)
#10 E:\Jobs\UK Jobs\BenGhana\smartInvests\public\index.php(67): CodeIgniter\CodeIgniter->run()
#11 E:\Jobs\UK Jobs\BenGhana\smartInvests\system\Commands\Server\rewrite.php(47): require_once('E:\\Jobs\\UK Jobs...')
#12 {main}
CRITICAL - 2023-03-21 07:24:28 --> Unknown column 'id' in 'where clause'
in SYSTEMPATH\Database\BaseConnection.php on line 645.
 1 SYSTEMPATH\Database\BaseBuilder.php(2777): CodeIgniter\Database\BaseConnection->query('DELETE FROM `producttable`
WHERE `productid` = :productid:
AND `id` IN :id:', [...], false)
 2 SYSTEMPATH\Model.php(455): CodeIgniter\Database\BaseBuilder->delete()
 3 SYSTEMPATH\BaseModel.php(1065): CodeIgniter\Model->doDelete([...], false)
 4 APPPATH\Controllers\ProductController.php(60): CodeIgniter\BaseModel->delete([...])
 5 SYSTEMPATH\CodeIgniter.php(934): App\Controllers\ProductController->delete('2')
 6 SYSTEMPATH\CodeIgniter.php(499): CodeIgniter\CodeIgniter->runController(Object(App\Controllers\ProductController))
 7 SYSTEMPATH\CodeIgniter.php(368): CodeIgniter\CodeIgniter->handleRequest(null, Object(Config\Cache), false)
 8 FCPATH\index.php(67): CodeIgniter\CodeIgniter->run()
 9 SYSTEMPATH\Commands\Server\rewrite.php(47): require_once('FCPATH\\index.php')
INFO - 2023-03-21 07:24:34 --> Session: Class initialized using 'CodeIgniter\Session\Handlers\FileHandler' driver.
INFO - 2023-03-21 07:24:37 --> Session: Class initialized using 'CodeIgniter\Session\Handlers\FileHandler' driver.
INFO - 2023-03-21 07:25:49 --> Session: Class initialized using 'CodeIgniter\Session\Handlers\FileHandler' driver.
INFO - 2023-03-21 07:25:55 --> Session: Class initialized using 'CodeIgniter\Session\Handlers\FileHandler' driver.
ERROR - 2023-03-21 07:25:55 --> mysqli_sql_exception: Unknown column 'id' in 'where clause' in E:\Jobs\UK Jobs\BenGhana\smartInvests\system\Database\MySQLi\Connection.php:295
Stack trace:
#0 E:\Jobs\UK Jobs\BenGhana\smartInvests\system\Database\MySQLi\Connection.php(295): mysqli->query('DELETE FROM `pr...', 0)
#1 E:\Jobs\UK Jobs\BenGhana\smartInvests\system\Database\BaseConnection.php(691): CodeIgniter\Database\MySQLi\Connection->execute('DELETE FROM `pr...')
#2 E:\Jobs\UK Jobs\BenGhana\smartInvests\system\Database\BaseConnection.php(605): CodeIgniter\Database\BaseConnection->simpleQuery('DELETE FROM `pr...')
#3 E:\Jobs\UK Jobs\BenGhana\smartInvests\system\Database\BaseBuilder.php(2777): CodeIgniter\Database\BaseConnection->query('DELETE FROM `pr...', Array, false)
#4 E:\Jobs\UK Jobs\BenGhana\smartInvests\system\Model.php(455): CodeIgniter\Database\BaseBuilder->delete()
#5 E:\Jobs\UK Jobs\BenGhana\smartInvests\system\BaseModel.php(1065): CodeIgniter\Model->doDelete(Array, false)
#6 E:\Jobs\UK Jobs\BenGhana\smartInvests\app\Controllers\ProductController.php(60): CodeIgniter\BaseModel->delete(Array)
#7 E:\Jobs\UK Jobs\BenGhana\smartInvests\system\CodeIgniter.php(934): App\Controllers\ProductController->delete('2')
#8 E:\Jobs\UK Jobs\BenGhana\smartInvests\system\CodeIgniter.php(499): CodeIgniter\CodeIgniter->runController(Object(App\Controllers\ProductController))
#9 E:\Jobs\UK Jobs\BenGhana\smartInvests\system\CodeIgniter.php(368): CodeIgniter\CodeIgniter->handleRequest(NULL, Object(Config\Cache), false)
#10 E:\Jobs\UK Jobs\BenGhana\smartInvests\public\index.php(67): CodeIgniter\CodeIgniter->run()
#11 E:\Jobs\UK Jobs\BenGhana\smartInvests\system\Commands\Server\rewrite.php(47): require_once('E:\\Jobs\\UK Jobs...')
#12 {main}
CRITICAL - 2023-03-21 07:25:55 --> Unknown column 'id' in 'where clause'
in SYSTEMPATH\Database\BaseConnection.php on line 645.
 1 SYSTEMPATH\Database\BaseBuilder.php(2777): CodeIgniter\Database\BaseConnection->query('DELETE FROM `producttable`
WHERE `productid` = :productid:
AND `id` IN :id:', [...], false)
 2 SYSTEMPATH\Model.php(455): CodeIgniter\Database\BaseBuilder->delete()
 3 SYSTEMPATH\BaseModel.php(1065): CodeIgniter\Model->doDelete([...], false)
 4 APPPATH\Controllers\ProductController.php(60): CodeIgniter\BaseModel->delete([...])
 5 SYSTEMPATH\CodeIgniter.php(934): App\Controllers\ProductController->delete('2')
 6 SYSTEMPATH\CodeIgniter.php(499): CodeIgniter\CodeIgniter->runController(Object(App\Controllers\ProductController))
 7 SYSTEMPATH\CodeIgniter.php(368): CodeIgniter\CodeIgniter->handleRequest(null, Object(Config\Cache), false)
 8 FCPATH\index.php(67): CodeIgniter\CodeIgniter->run()
 9 SYSTEMPATH\Commands\Server\rewrite.php(47): require_once('FCPATH\\index.php')
INFO - 2023-03-21 07:27:24 --> Session: Class initialized using 'CodeIgniter\Session\Handlers\FileHandler' driver.
INFO - 2023-03-21 07:27:26 --> Session: Class initialized using 'CodeIgniter\Session\Handlers\FileHandler' driver.
INFO - 2023-03-21 07:27:31 --> Session: Class initialized using 'CodeIgniter\Session\Handlers\FileHandler' driver.
ERROR - 2023-03-21 07:27:31 --> mysqli_sql_exception: Unknown column 'id' in 'where clause' in E:\Jobs\UK Jobs\BenGhana\smartInvests\system\Database\MySQLi\Connection.php:295
Stack trace:
#0 E:\Jobs\UK Jobs\BenGhana\smartInvests\system\Database\MySQLi\Connection.php(295): mysqli->query('DELETE FROM `pr...', 0)
#1 E:\Jobs\UK Jobs\BenGhana\smartInvests\system\Database\BaseConnection.php(691): CodeIgniter\Database\MySQLi\Connection->execute('DELETE FROM `pr...')
#2 E:\Jobs\UK Jobs\BenGhana\smartInvests\system\Database\BaseConnection.php(605): CodeIgniter\Database\BaseConnection->simpleQuery('DELETE FROM `pr...')
#3 E:\Jobs\UK Jobs\BenGhana\smartInvests\system\Database\BaseBuilder.php(2777): CodeIgniter\Database\BaseConnection->query('DELETE FROM `pr...', Array, false)
#4 E:\Jobs\UK Jobs\BenGhana\smartInvests\system\Model.php(455): CodeIgniter\Database\BaseBuilder->delete()
#5 E:\Jobs\UK Jobs\BenGhana\smartInvests\system\BaseModel.php(1065): CodeIgniter\Model->doDelete(Array, false)
#6 E:\Jobs\UK Jobs\BenGhana\smartInvests\app\Controllers\ProductController.php(60): CodeIgniter\BaseModel->delete(Array)
#7 E:\Jobs\UK Jobs\BenGhana\smartInvests\system\CodeIgniter.php(934): App\Controllers\ProductController->delete('2')
#8 E:\Jobs\UK Jobs\BenGhana\smartInvests\system\CodeIgniter.php(499): CodeIgniter\CodeIgniter->runController(Object(App\Controllers\ProductController))
#9 E:\Jobs\UK Jobs\BenGhana\smartInvests\system\CodeIgniter.php(368): CodeIgniter\CodeIgniter->handleRequest(NULL, Object(Config\Cache), false)
#10 E:\Jobs\UK Jobs\BenGhana\smartInvests\public\index.php(67): CodeIgniter\CodeIgniter->run()
#11 E:\Jobs\UK Jobs\BenGhana\smartInvests\system\Commands\Server\rewrite.php(47): require_once('E:\\Jobs\\UK Jobs...')
#12 {main}
CRITICAL - 2023-03-21 07:27:31 --> Unknown column 'id' in 'where clause'
in SYSTEMPATH\Database\BaseConnection.php on line 645.
 1 SYSTEMPATH\Database\BaseBuilder.php(2777): CodeIgniter\Database\BaseConnection->query('DELETE FROM `producttable`
WHERE `productid` = :productid:
AND `id` IN :id:', [...], false)
 2 SYSTEMPATH\Model.php(455): CodeIgniter\Database\BaseBuilder->delete()
 3 SYSTEMPATH\BaseModel.php(1065): CodeIgniter\Model->doDelete([...], false)
 4 APPPATH\Controllers\ProductController.php(60): CodeIgniter\BaseModel->delete([...])
 5 SYSTEMPATH\CodeIgniter.php(934): App\Controllers\ProductController->delete('2')
 6 SYSTEMPATH\CodeIgniter.php(499): CodeIgniter\CodeIgniter->runController(Object(App\Controllers\ProductController))
 7 SYSTEMPATH\CodeIgniter.php(368): CodeIgniter\CodeIgniter->handleRequest(null, Object(Config\Cache), false)
 8 FCPATH\index.php(67): CodeIgniter\CodeIgniter->run()
 9 SYSTEMPATH\Commands\Server\rewrite.php(47): require_once('FCPATH\\index.php')
INFO - 2023-03-21 07:29:09 --> Session: Class initialized using 'CodeIgniter\Session\Handlers\FileHandler' driver.
ERROR - 2023-03-21 07:29:09 --> mysqli_sql_exception: Unknown column 'id' in 'where clause' in E:\Jobs\UK Jobs\BenGhana\smartInvests\system\Database\MySQLi\Connection.php:295
Stack trace:
#0 E:\Jobs\UK Jobs\BenGhana\smartInvests\system\Database\MySQLi\Connection.php(295): mysqli->query('DELETE FROM `pr...', 0)
#1 E:\Jobs\UK Jobs\BenGhana\smartInvests\system\Database\BaseConnection.php(691): CodeIgniter\Database\MySQLi\Connection->execute('DELETE FROM `pr...')
#2 E:\Jobs\UK Jobs\BenGhana\smartInvests\system\Database\BaseConnection.php(605): CodeIgniter\Database\BaseConnection->simpleQuery('DELETE FROM `pr...')
#3 E:\Jobs\UK Jobs\BenGhana\smartInvests\system\Database\BaseBuilder.php(2777): CodeIgniter\Database\BaseConnection->query('DELETE FROM `pr...', Array, false)
#4 E:\Jobs\UK Jobs\BenGhana\smartInvests\system\Model.php(455): CodeIgniter\Database\BaseBuilder->delete()
#5 E:\Jobs\UK Jobs\BenGhana\smartInvests\system\BaseModel.php(1065): CodeIgniter\Model->doDelete(Array, false)
#6 E:\Jobs\UK Jobs\BenGhana\smartInvests\app\Controllers\ProductController.php(60): CodeIgniter\BaseModel->delete(Array)
#7 E:\Jobs\UK Jobs\BenGhana\smartInvests\system\CodeIgniter.php(934): App\Controllers\ProductController->delete('2')
#8 E:\Jobs\UK Jobs\BenGhana\smartInvests\system\CodeIgniter.php(499): CodeIgniter\CodeIgniter->runController(Object(App\Controllers\ProductController))
#9 E:\Jobs\UK Jobs\BenGhana\smartInvests\system\CodeIgniter.php(368): CodeIgniter\CodeIgniter->handleRequest(NULL, Object(Config\Cache), false)
#10 E:\Jobs\UK Jobs\BenGhana\smartInvests\public\index.php(67): CodeIgniter\CodeIgniter->run()
#11 E:\Jobs\UK Jobs\BenGhana\smartInvests\system\Commands\Server\rewrite.php(47): require_once('E:\\Jobs\\UK Jobs...')
#12 {main}
CRITICAL - 2023-03-21 07:29:09 --> Unknown column 'id' in 'where clause'
in SYSTEMPATH\Database\BaseConnection.php on line 645.
 1 SYSTEMPATH\Database\BaseBuilder.php(2777): CodeIgniter\Database\BaseConnection->query('DELETE FROM `producttable`
WHERE `productid` = :productid:
AND `id` IN :id:', [...], false)
 2 SYSTEMPATH\Model.php(455): CodeIgniter\Database\BaseBuilder->delete()
 3 SYSTEMPATH\BaseModel.php(1065): CodeIgniter\Model->doDelete([...], false)
 4 APPPATH\Controllers\ProductController.php(60): CodeIgniter\BaseModel->delete([...])
 5 SYSTEMPATH\CodeIgniter.php(934): App\Controllers\ProductController->delete('2')
 6 SYSTEMPATH\CodeIgniter.php(499): CodeIgniter\CodeIgniter->runController(Object(App\Controllers\ProductController))
 7 SYSTEMPATH\CodeIgniter.php(368): CodeIgniter\CodeIgniter->handleRequest(null, Object(Config\Cache), false)
 8 FCPATH\index.php(67): CodeIgniter\CodeIgniter->run()
 9 SYSTEMPATH\Commands\Server\rewrite.php(47): require_once('FCPATH\\index.php')
INFO - 2023-03-21 07:29:12 --> Session: Class initialized using 'CodeIgniter\Session\Handlers\FileHandler' driver.
ERROR - 2023-03-21 07:29:12 --> mysqli_sql_exception: Unknown column 'id' in 'where clause' in E:\Jobs\UK Jobs\BenGhana\smartInvests\system\Database\MySQLi\Connection.php:295
Stack trace:
#0 E:\Jobs\UK Jobs\BenGhana\smartInvests\system\Database\MySQLi\Connection.php(295): mysqli->query('DELETE FROM `pr...', 0)
#1 E:\Jobs\UK Jobs\BenGhana\smartInvests\system\Database\BaseConnection.php(691): CodeIgniter\Database\MySQLi\Connection->execute('DELETE FROM `pr...')
#2 E:\Jobs\UK Jobs\BenGhana\smartInvests\system\Database\BaseConnection.php(605): CodeIgniter\Database\BaseConnection->simpleQuery('DELETE FROM `pr...')
#3 E:\Jobs\UK Jobs\BenGhana\smartInvests\system\Database\BaseBuilder.php(2777): CodeIgniter\Database\BaseConnection->query('DELETE FROM `pr...', Array, false)
#4 E:\Jobs\UK Jobs\BenGhana\smartInvests\system\Model.php(455): CodeIgniter\Database\BaseBuilder->delete()
#5 E:\Jobs\UK Jobs\BenGhana\smartInvests\system\BaseModel.php(1065): CodeIgniter\Model->doDelete(Array, false)
#6 E:\Jobs\UK Jobs\BenGhana\smartInvests\app\Controllers\ProductController.php(60): CodeIgniter\BaseModel->delete(Array)
#7 E:\Jobs\UK Jobs\BenGhana\smartInvests\system\CodeIgniter.php(934): App\Controllers\ProductController->delete('2')
#8 E:\Jobs\UK Jobs\BenGhana\smartInvests\system\CodeIgniter.php(499): CodeIgniter\CodeIgniter->runController(Object(App\Controllers\ProductController))
#9 E:\Jobs\UK Jobs\BenGhana\smartInvests\system\CodeIgniter.php(368): CodeIgniter\CodeIgniter->handleRequest(NULL, Object(Config\Cache), false)
#10 E:\Jobs\UK Jobs\BenGhana\smartInvests\public\index.php(67): CodeIgniter\CodeIgniter->run()
#11 E:\Jobs\UK Jobs\BenGhana\smartInvests\system\Commands\Server\rewrite.php(47): require_once('E:\\Jobs\\UK Jobs...')
#12 {main}
CRITICAL - 2023-03-21 07:29:12 --> Unknown column 'id' in 'where clause'
in SYSTEMPATH\Database\BaseConnection.php on line 645.
 1 SYSTEMPATH\Database\BaseBuilder.php(2777): CodeIgniter\Database\BaseConnection->query('DELETE FROM `producttable`
WHERE `productid` = :productid:
AND `id` IN :id:', [...], false)
 2 SYSTEMPATH\Model.php(455): CodeIgniter\Database\BaseBuilder->delete()
 3 SYSTEMPATH\BaseModel.php(1065): CodeIgniter\Model->doDelete([...], false)
 4 APPPATH\Controllers\ProductController.php(60): CodeIgniter\BaseModel->delete([...])
 5 SYSTEMPATH\CodeIgniter.php(934): App\Controllers\ProductController->delete('2')
 6 SYSTEMPATH\CodeIgniter.php(499): CodeIgniter\CodeIgniter->runController(Object(App\Controllers\ProductController))
 7 SYSTEMPATH\CodeIgniter.php(368): CodeIgniter\CodeIgniter->handleRequest(null, Object(Config\Cache), false)
 8 FCPATH\index.php(67): CodeIgniter\CodeIgniter->run()
 9 SYSTEMPATH\Commands\Server\rewrite.php(47): require_once('FCPATH\\index.php')
INFO - 2023-03-21 07:31:45 --> Session: Class initialized using 'CodeIgniter\Session\Handlers\FileHandler' driver.
INFO - 2023-03-21 07:31:50 --> Session: Class initialized using 'CodeIgniter\Session\Handlers\FileHandler' driver.
INFO - 2023-03-21 07:32:01 --> Session: Class initialized using 'CodeIgniter\Session\Handlers\FileHandler' driver.
INFO - 2023-03-21 07:32:12 --> Session: Class initialized using 'CodeIgniter\Session\Handlers\FileHandler' driver.
ERROR - 2023-03-21 07:32:12 --> mysqli_sql_exception: Unknown column 'id' in 'where clause' in E:\Jobs\UK Jobs\BenGhana\smartInvests\system\Database\MySQLi\Connection.php:295
Stack trace:
#0 E:\Jobs\UK Jobs\BenGhana\smartInvests\system\Database\MySQLi\Connection.php(295): mysqli->query('DELETE FROM `pr...', 0)
#1 E:\Jobs\UK Jobs\BenGhana\smartInvests\system\Database\BaseConnection.php(691): CodeIgniter\Database\MySQLi\Connection->execute('DELETE FROM `pr...')
#2 E:\Jobs\UK Jobs\BenGhana\smartInvests\system\Database\BaseConnection.php(605): CodeIgniter\Database\BaseConnection->simpleQuery('DELETE FROM `pr...')
#3 E:\Jobs\UK Jobs\BenGhana\smartInvests\system\Database\BaseBuilder.php(2777): CodeIgniter\Database\BaseConnection->query('DELETE FROM `pr...', Array, false)
#4 E:\Jobs\UK Jobs\BenGhana\smartInvests\system\Model.php(455): CodeIgniter\Database\BaseBuilder->delete()
#5 E:\Jobs\UK Jobs\BenGhana\smartInvests\system\BaseModel.php(1065): CodeIgniter\Model->doDelete(Array, false)
#6 E:\Jobs\UK Jobs\BenGhana\smartInvests\app\Controllers\ProductController.php(60): CodeIgniter\BaseModel->delete(Array)
#7 E:\Jobs\UK Jobs\BenGhana\smartInvests\system\CodeIgniter.php(934): App\Controllers\ProductController->delete('2')
#8 E:\Jobs\UK Jobs\BenGhana\smartInvests\system\CodeIgniter.php(499): CodeIgniter\CodeIgniter->runController(Object(App\Controllers\ProductController))
#9 E:\Jobs\UK Jobs\BenGhana\smartInvests\system\CodeIgniter.php(368): CodeIgniter\CodeIgniter->handleRequest(NULL, Object(Config\Cache), false)
#10 E:\Jobs\UK Jobs\BenGhana\smartInvests\public\index.php(67): CodeIgniter\CodeIgniter->run()
#11 E:\Jobs\UK Jobs\BenGhana\smartInvests\system\Commands\Server\rewrite.php(47): require_once('E:\\Jobs\\UK Jobs...')
#12 {main}
CRITICAL - 2023-03-21 07:32:12 --> Unknown column 'id' in 'where clause'
in SYSTEMPATH\Database\BaseConnection.php on line 645.
 1 SYSTEMPATH\Database\BaseBuilder.php(2777): CodeIgniter\Database\BaseConnection->query('DELETE FROM `producttable`
WHERE `productid` = :productid:
AND `id` IN :id:', [...], false)
 2 SYSTEMPATH\Model.php(455): CodeIgniter\Database\BaseBuilder->delete()
 3 SYSTEMPATH\BaseModel.php(1065): CodeIgniter\Model->doDelete([...], false)
 4 APPPATH\Controllers\ProductController.php(60): CodeIgniter\BaseModel->delete([...])
 5 SYSTEMPATH\CodeIgniter.php(934): App\Controllers\ProductController->delete('2')
 6 SYSTEMPATH\CodeIgniter.php(499): CodeIgniter\CodeIgniter->runController(Object(App\Controllers\ProductController))
 7 SYSTEMPATH\CodeIgniter.php(368): CodeIgniter\CodeIgniter->handleRequest(null, Object(Config\Cache), false)
 8 FCPATH\index.php(67): CodeIgniter\CodeIgniter->run()
 9 SYSTEMPATH\Commands\Server\rewrite.php(47): require_once('FCPATH\\index.php')
INFO - 2023-03-21 07:34:18 --> Session: Class initialized using 'CodeIgniter\Session\Handlers\FileHandler' driver.
ERROR - 2023-03-21 07:34:18 --> mysqli_sql_exception: Unknown column 'id' in 'where clause' in E:\Jobs\UK Jobs\BenGhana\smartInvests\system\Database\MySQLi\Connection.php:295
Stack trace:
#0 E:\Jobs\UK Jobs\BenGhana\smartInvests\system\Database\MySQLi\Connection.php(295): mysqli->query('DELETE FROM `pr...', 0)
#1 E:\Jobs\UK Jobs\BenGhana\smartInvests\system\Database\BaseConnection.php(691): CodeIgniter\Database\MySQLi\Connection->execute('DELETE FROM `pr...')
#2 E:\Jobs\UK Jobs\BenGhana\smartInvests\system\Database\BaseConnection.php(605): CodeIgniter\Database\BaseConnection->simpleQuery('DELETE FROM `pr...')
#3 E:\Jobs\UK Jobs\BenGhana\smartInvests\system\Database\BaseBuilder.php(2777): CodeIgniter\Database\BaseConnection->query('DELETE FROM `pr...', Array, false)
#4 E:\Jobs\UK Jobs\BenGhana\smartInvests\system\Model.php(455): CodeIgniter\Database\BaseBuilder->delete()
#5 E:\Jobs\UK Jobs\BenGhana\smartInvests\system\BaseModel.php(1065): CodeIgniter\Model->doDelete(Array, false)
#6 E:\Jobs\UK Jobs\BenGhana\smartInvests\app\Controllers\ProductController.php(60): CodeIgniter\BaseModel->delete(Array)
#7 E:\Jobs\UK Jobs\BenGhana\smartInvests\system\CodeIgniter.php(934): App\Controllers\ProductController->delete('2')
#8 E:\Jobs\UK Jobs\BenGhana\smartInvests\system\CodeIgniter.php(499): CodeIgniter\CodeIgniter->runController(Object(App\Controllers\ProductController))
#9 E:\Jobs\UK Jobs\BenGhana\smartInvests\system\CodeIgniter.php(368): CodeIgniter\CodeIgniter->handleRequest(NULL, Object(Config\Cache), false)
#10 E:\Jobs\UK Jobs\BenGhana\smartInvests\public\index.php(67): CodeIgniter\CodeIgniter->run()
#11 E:\Jobs\UK Jobs\BenGhana\smartInvests\system\Commands\Server\rewrite.php(47): require_once('E:\\Jobs\\UK Jobs...')
#12 {main}
CRITICAL - 2023-03-21 07:34:18 --> Unknown column 'id' in 'where clause'
in SYSTEMPATH\Database\BaseConnection.php on line 645.
 1 SYSTEMPATH\Database\BaseBuilder.php(2777): CodeIgniter\Database\BaseConnection->query('DELETE FROM `producttable`
WHERE `productid` = :productid:
AND `id` IN :id:', [...], false)
 2 SYSTEMPATH\Model.php(455): CodeIgniter\Database\BaseBuilder->delete()
 3 SYSTEMPATH\BaseModel.php(1065): CodeIgniter\Model->doDelete([...], false)
 4 APPPATH\Controllers\ProductController.php(60): CodeIgniter\BaseModel->delete([...])
 5 SYSTEMPATH\CodeIgniter.php(934): App\Controllers\ProductController->delete('2')
 6 SYSTEMPATH\CodeIgniter.php(499): CodeIgniter\CodeIgniter->runController(Object(App\Controllers\ProductController))
 7 SYSTEMPATH\CodeIgniter.php(368): CodeIgniter\CodeIgniter->handleRequest(null, Object(Config\Cache), false)
 8 FCPATH\index.php(67): CodeIgniter\CodeIgniter->run()
 9 SYSTEMPATH\Commands\Server\rewrite.php(47): require_once('FCPATH\\index.php')
INFO - 2023-03-21 07:34:20 --> Session: Class initialized using 'CodeIgniter\Session\Handlers\FileHandler' driver.
ERROR - 2023-03-21 07:34:20 --> mysqli_sql_exception: Unknown column 'id' in 'where clause' in E:\Jobs\UK Jobs\BenGhana\smartInvests\system\Database\MySQLi\Connection.php:295
Stack trace:
#0 E:\Jobs\UK Jobs\BenGhana\smartInvests\system\Database\MySQLi\Connection.php(295): mysqli->query('DELETE FROM `pr...', 0)
#1 E:\Jobs\UK Jobs\BenGhana\smartInvests\system\Database\BaseConnection.php(691): CodeIgniter\Database\MySQLi\Connection->execute('DELETE FROM `pr...')
#2 E:\Jobs\UK Jobs\BenGhana\smartInvests\system\Database\BaseConnection.php(605): CodeIgniter\Database\BaseConnection->simpleQuery('DELETE FROM `pr...')
#3 E:\Jobs\UK Jobs\BenGhana\smartInvests\system\Database\BaseBuilder.php(2777): CodeIgniter\Database\BaseConnection->query('DELETE FROM `pr...', Array, false)
#4 E:\Jobs\UK Jobs\BenGhana\smartInvests\system\Model.php(455): CodeIgniter\Database\BaseBuilder->delete()
#5 E:\Jobs\UK Jobs\BenGhana\smartInvests\system\BaseModel.php(1065): CodeIgniter\Model->doDelete(Array, false)
#6 E:\Jobs\UK Jobs\BenGhana\smartInvests\app\Controllers\ProductController.php(60): CodeIgniter\BaseModel->delete(Array)
#7 E:\Jobs\UK Jobs\BenGhana\smartInvests\system\CodeIgniter.php(934): App\Controllers\ProductController->delete('2')
#8 E:\Jobs\UK Jobs\BenGhana\smartInvests\system\CodeIgniter.php(499): CodeIgniter\CodeIgniter->runController(Object(App\Controllers\ProductController))
#9 E:\Jobs\UK Jobs\BenGhana\smartInvests\system\CodeIgniter.php(368): CodeIgniter\CodeIgniter->handleRequest(NULL, Object(Config\Cache), false)
#10 E:\Jobs\UK Jobs\BenGhana\smartInvests\public\index.php(67): CodeIgniter\CodeIgniter->run()
#11 E:\Jobs\UK Jobs\BenGhana\smartInvests\system\Commands\Server\rewrite.php(47): require_once('E:\\Jobs\\UK Jobs...')
#12 {main}
CRITICAL - 2023-03-21 07:34:20 --> Unknown column 'id' in 'where clause'
in SYSTEMPATH\Database\BaseConnection.php on line 645.
 1 SYSTEMPATH\Database\BaseBuilder.php(2777): CodeIgniter\Database\BaseConnection->query('DELETE FROM `producttable`
WHERE `productid` = :productid:
AND `id` IN :id:', [...], false)
 2 SYSTEMPATH\Model.php(455): CodeIgniter\Database\BaseBuilder->delete()
 3 SYSTEMPATH\BaseModel.php(1065): CodeIgniter\Model->doDelete([...], false)
 4 APPPATH\Controllers\ProductController.php(60): CodeIgniter\BaseModel->delete([...])
 5 SYSTEMPATH\CodeIgniter.php(934): App\Controllers\ProductController->delete('2')
 6 SYSTEMPATH\CodeIgniter.php(499): CodeIgniter\CodeIgniter->runController(Object(App\Controllers\ProductController))
 7 SYSTEMPATH\CodeIgniter.php(368): CodeIgniter\CodeIgniter->handleRequest(null, Object(Config\Cache), false)
 8 FCPATH\index.php(67): CodeIgniter\CodeIgniter->run()
 9 SYSTEMPATH\Commands\Server\rewrite.php(47): require_once('FCPATH\\index.php')
INFO - 2023-03-21 07:34:24 --> Session: Class initialized using 'CodeIgniter\Session\Handlers\FileHandler' driver.
INFO - 2023-03-21 07:34:26 --> Session: Class initialized using 'CodeIgniter\Session\Handlers\FileHandler' driver.
INFO - 2023-03-21 07:34:29 --> Session: Class initialized using 'CodeIgniter\Session\Handlers\FileHandler' driver.
ERROR - 2023-03-21 07:34:29 --> mysqli_sql_exception: Unknown column 'id' in 'where clause' in E:\Jobs\UK Jobs\BenGhana\smartInvests\system\Database\MySQLi\Connection.php:295
Stack trace:
#0 E:\Jobs\UK Jobs\BenGhana\smartInvests\system\Database\MySQLi\Connection.php(295): mysqli->query('DELETE FROM `pr...', 0)
#1 E:\Jobs\UK Jobs\BenGhana\smartInvests\system\Database\BaseConnection.php(691): CodeIgniter\Database\MySQLi\Connection->execute('DELETE FROM `pr...')
#2 E:\Jobs\UK Jobs\BenGhana\smartInvests\system\Database\BaseConnection.php(605): CodeIgniter\Database\BaseConnection->simpleQuery('DELETE FROM `pr...')
#3 E:\Jobs\UK Jobs\BenGhana\smartInvests\system\Database\BaseBuilder.php(2777): CodeIgniter\Database\BaseConnection->query('DELETE FROM `pr...', Array, false)
#4 E:\Jobs\UK Jobs\BenGhana\smartInvests\system\Model.php(455): CodeIgniter\Database\BaseBuilder->delete()
#5 E:\Jobs\UK Jobs\BenGhana\smartInvests\system\BaseModel.php(1065): CodeIgniter\Model->doDelete(Array, false)
#6 E:\Jobs\UK Jobs\BenGhana\smartInvests\app\Controllers\ProductController.php(60): CodeIgniter\BaseModel->delete(Array)
#7 E:\Jobs\UK Jobs\BenGhana\smartInvests\system\CodeIgniter.php(934): App\Controllers\ProductController->delete('2')
#8 E:\Jobs\UK Jobs\BenGhana\smartInvests\system\CodeIgniter.php(499): CodeIgniter\CodeIgniter->runController(Object(App\Controllers\ProductController))
#9 E:\Jobs\UK Jobs\BenGhana\smartInvests\system\CodeIgniter.php(368): CodeIgniter\CodeIgniter->handleRequest(NULL, Object(Config\Cache), false)
#10 E:\Jobs\UK Jobs\BenGhana\smartInvests\public\index.php(67): CodeIgniter\CodeIgniter->run()
#11 E:\Jobs\UK Jobs\BenGhana\smartInvests\system\Commands\Server\rewrite.php(47): require_once('E:\\Jobs\\UK Jobs...')
#12 {main}
CRITICAL - 2023-03-21 07:34:29 --> Unknown column 'id' in 'where clause'
in SYSTEMPATH\Database\BaseConnection.php on line 645.
 1 SYSTEMPATH\Database\BaseBuilder.php(2777): CodeIgniter\Database\BaseConnection->query('DELETE FROM `producttable`
WHERE `productid` = :productid:
AND `id` IN :id:', [...], false)
 2 SYSTEMPATH\Model.php(455): CodeIgniter\Database\BaseBuilder->delete()
 3 SYSTEMPATH\BaseModel.php(1065): CodeIgniter\Model->doDelete([...], false)
 4 APPPATH\Controllers\ProductController.php(60): CodeIgniter\BaseModel->delete([...])
 5 SYSTEMPATH\CodeIgniter.php(934): App\Controllers\ProductController->delete('2')
 6 SYSTEMPATH\CodeIgniter.php(499): CodeIgniter\CodeIgniter->runController(Object(App\Controllers\ProductController))
 7 SYSTEMPATH\CodeIgniter.php(368): CodeIgniter\CodeIgniter->handleRequest(null, Object(Config\Cache), false)
 8 FCPATH\index.php(67): CodeIgniter\CodeIgniter->run()
 9 SYSTEMPATH\Commands\Server\rewrite.php(47): require_once('FCPATH\\index.php')
INFO - 2023-03-21 07:43:17 --> Session: Class initialized using 'CodeIgniter\Session\Handlers\FileHandler' driver.
INFO - 2023-03-21 07:43:21 --> Session: Class initialized using 'CodeIgniter\Session\Handlers\FileHandler' driver.
INFO - 2023-03-21 07:43:23 --> Session: Class initialized using 'CodeIgniter\Session\Handlers\FileHandler' driver.
INFO - 2023-03-21 07:43:25 --> Session: Class initialized using 'CodeIgniter\Session\Handlers\FileHandler' driver.
INFO - 2023-03-21 07:43:31 --> Session: Class initialized using 'CodeIgniter\Session\Handlers\FileHandler' driver.
ERROR - 2023-03-21 07:43:31 --> mysqli_sql_exception: Unknown column 'id' in 'where clause' in E:\Jobs\UK Jobs\BenGhana\smartInvests\system\Database\MySQLi\Connection.php:295
Stack trace:
#0 E:\Jobs\UK Jobs\BenGhana\smartInvests\system\Database\MySQLi\Connection.php(295): mysqli->query('DELETE FROM `pr...', 0)
#1 E:\Jobs\UK Jobs\BenGhana\smartInvests\system\Database\BaseConnection.php(691): CodeIgniter\Database\MySQLi\Connection->execute('DELETE FROM `pr...')
#2 E:\Jobs\UK Jobs\BenGhana\smartInvests\system\Database\BaseConnection.php(605): CodeIgniter\Database\BaseConnection->simpleQuery('DELETE FROM `pr...')
#3 E:\Jobs\UK Jobs\BenGhana\smartInvests\system\Database\BaseBuilder.php(2777): CodeIgniter\Database\BaseConnection->query('DELETE FROM `pr...', Array, false)
#4 E:\Jobs\UK Jobs\BenGhana\smartInvests\system\Model.php(455): CodeIgniter\Database\BaseBuilder->delete()
#5 E:\Jobs\UK Jobs\BenGhana\smartInvests\system\BaseModel.php(1065): CodeIgniter\Model->doDelete(Array, false)
#6 E:\Jobs\UK Jobs\BenGhana\smartInvests\app\Controllers\ProductController.php(60): CodeIgniter\BaseModel->delete(Array)
#7 E:\Jobs\UK Jobs\BenGhana\smartInvests\system\CodeIgniter.php(934): App\Controllers\ProductController->delete('1')
#8 E:\Jobs\UK Jobs\BenGhana\smartInvests\system\CodeIgniter.php(499): CodeIgniter\CodeIgniter->runController(Object(App\Controllers\ProductController))
#9 E:\Jobs\UK Jobs\BenGhana\smartInvests\system\CodeIgniter.php(368): CodeIgniter\CodeIgniter->handleRequest(NULL, Object(Config\Cache), false)
#10 E:\Jobs\UK Jobs\BenGhana\smartInvests\public\index.php(67): CodeIgniter\CodeIgniter->run()
#11 E:\Jobs\UK Jobs\BenGhana\smartInvests\system\Commands\Server\rewrite.php(47): require_once('E:\\Jobs\\UK Jobs...')
#12 {main}
CRITICAL - 2023-03-21 07:43:31 --> Unknown column 'id' in 'where clause'
in SYSTEMPATH\Database\BaseConnection.php on line 645.
 1 SYSTEMPATH\Database\BaseBuilder.php(2777): CodeIgniter\Database\BaseConnection->query('DELETE FROM `producttable`
WHERE `productid` = :productid:
AND `id` IN :id:', [...], false)
 2 SYSTEMPATH\Model.php(455): CodeIgniter\Database\BaseBuilder->delete()
 3 SYSTEMPATH\BaseModel.php(1065): CodeIgniter\Model->doDelete([...], false)
 4 APPPATH\Controllers\ProductController.php(60): CodeIgniter\BaseModel->delete([...])
 5 SYSTEMPATH\CodeIgniter.php(934): App\Controllers\ProductController->delete('1')
 6 SYSTEMPATH\CodeIgniter.php(499): CodeIgniter\CodeIgniter->runController(Object(App\Controllers\ProductController))
 7 SYSTEMPATH\CodeIgniter.php(368): CodeIgniter\CodeIgniter->handleRequest(null, Object(Config\Cache), false)
 8 FCPATH\index.php(67): CodeIgniter\CodeIgniter->run()
 9 SYSTEMPATH\Commands\Server\rewrite.php(47): require_once('FCPATH\\index.php')
INFO - 2023-03-21 07:52:43 --> Session: Class initialized using 'CodeIgniter\Session\Handlers\FileHandler' driver.
ERROR - 2023-03-21 07:52:43 --> mysqli_sql_exception: Unknown column 'id' in 'where clause' in E:\Jobs\UK Jobs\BenGhana\smartInvests\system\Database\MySQLi\Connection.php:295
Stack trace:
#0 E:\Jobs\UK Jobs\BenGhana\smartInvests\system\Database\MySQLi\Connection.php(295): mysqli->query('DELETE FROM `pr...', 0)
#1 E:\Jobs\UK Jobs\BenGhana\smartInvests\system\Database\BaseConnection.php(691): CodeIgniter\Database\MySQLi\Connection->execute('DELETE FROM `pr...')
#2 E:\Jobs\UK Jobs\BenGhana\smartInvests\system\Database\BaseConnection.php(605): CodeIgniter\Database\BaseConnection->simpleQuery('DELETE FROM `pr...')
#3 E:\Jobs\UK Jobs\BenGhana\smartInvests\system\Database\BaseBuilder.php(2777): CodeIgniter\Database\BaseConnection->query('DELETE FROM `pr...', Array, false)
#4 E:\Jobs\UK Jobs\BenGhana\smartInvests\system\Model.php(455): CodeIgniter\Database\BaseBuilder->delete()
#5 E:\Jobs\UK Jobs\BenGhana\smartInvests\system\BaseModel.php(1065): CodeIgniter\Model->doDelete(Array, false)
#6 E:\Jobs\UK Jobs\BenGhana\smartInvests\app\Controllers\ProductController.php(60): CodeIgniter\BaseModel->delete(Array)
#7 E:\Jobs\UK Jobs\BenGhana\smartInvests\system\CodeIgniter.php(934): App\Controllers\ProductController->delete('1')
#8 E:\Jobs\UK Jobs\BenGhana\smartInvests\system\CodeIgniter.php(499): CodeIgniter\CodeIgniter->runController(Object(App\Controllers\ProductController))
#9 E:\Jobs\UK Jobs\BenGhana\smartInvests\system\CodeIgniter.php(368): CodeIgniter\CodeIgniter->handleRequest(NULL, Object(Config\Cache), false)
#10 E:\Jobs\UK Jobs\BenGhana\smartInvests\public\index.php(67): CodeIgniter\CodeIgniter->run()
#11 E:\Jobs\UK Jobs\BenGhana\smartInvests\system\Commands\Server\rewrite.php(47): require_once('E:\\Jobs\\UK Jobs...')
#12 {main}
CRITICAL - 2023-03-21 07:52:43 --> Unknown column 'id' in 'where clause'
in SYSTEMPATH\Database\BaseConnection.php on line 645.
 1 SYSTEMPATH\Database\BaseBuilder.php(2777): CodeIgniter\Database\BaseConnection->query('DELETE FROM `producttable`
WHERE `productid` = :productid:
AND `id` IN :id:', [...], false)
 2 SYSTEMPATH\Model.php(455): CodeIgniter\Database\BaseBuilder->delete()
 3 SYSTEMPATH\BaseModel.php(1065): CodeIgniter\Model->doDelete([...], false)
 4 APPPATH\Controllers\ProductController.php(60): CodeIgniter\BaseModel->delete([...])
 5 SYSTEMPATH\CodeIgniter.php(934): App\Controllers\ProductController->delete('1')
 6 SYSTEMPATH\CodeIgniter.php(499): CodeIgniter\CodeIgniter->runController(Object(App\Controllers\ProductController))
 7 SYSTEMPATH\CodeIgniter.php(368): CodeIgniter\CodeIgniter->handleRequest(null, Object(Config\Cache), false)
 8 FCPATH\index.php(67): CodeIgniter\CodeIgniter->run()
 9 SYSTEMPATH\Commands\Server\rewrite.php(47): require_once('FCPATH\\index.php')
INFO - 2023-03-21 08:03:15 --> Session: Class initialized using 'CodeIgniter\Session\Handlers\FileHandler' driver.
ERROR - 2023-03-21 08:03:15 --> mysqli_sql_exception: Unknown column 'id' in 'where clause' in E:\Jobs\UK Jobs\BenGhana\smartInvests\system\Database\MySQLi\Connection.php:295
Stack trace:
#0 E:\Jobs\UK Jobs\BenGhana\smartInvests\system\Database\MySQLi\Connection.php(295): mysqli->query('DELETE FROM `pr...', 0)
#1 E:\Jobs\UK Jobs\BenGhana\smartInvests\system\Database\BaseConnection.php(691): CodeIgniter\Database\MySQLi\Connection->execute('DELETE FROM `pr...')
#2 E:\Jobs\UK Jobs\BenGhana\smartInvests\system\Database\BaseConnection.php(605): CodeIgniter\Database\BaseConnection->simpleQuery('DELETE FROM `pr...')
#3 E:\Jobs\UK Jobs\BenGhana\smartInvests\system\Database\BaseBuilder.php(2777): CodeIgniter\Database\BaseConnection->query('DELETE FROM `pr...', Array, false)
#4 E:\Jobs\UK Jobs\BenGhana\smartInvests\system\Model.php(455): CodeIgniter\Database\BaseBuilder->delete()
#5 E:\Jobs\UK Jobs\BenGhana\smartInvests\system\BaseModel.php(1065): CodeIgniter\Model->doDelete(Array, false)
#6 E:\Jobs\UK Jobs\BenGhana\smartInvests\app\Controllers\ProductController.php(61): CodeIgniter\BaseModel->delete(Array)
#7 E:\Jobs\UK Jobs\BenGhana\smartInvests\system\CodeIgniter.php(934): App\Controllers\ProductController->delete('1')
#8 E:\Jobs\UK Jobs\BenGhana\smartInvests\system\CodeIgniter.php(499): CodeIgniter\CodeIgniter->runController(Object(App\Controllers\ProductController))
#9 E:\Jobs\UK Jobs\BenGhana\smartInvests\system\CodeIgniter.php(368): CodeIgniter\CodeIgniter->handleRequest(NULL, Object(Config\Cache), false)
#10 E:\Jobs\UK Jobs\BenGhana\smartInvests\public\index.php(67): CodeIgniter\CodeIgniter->run()
#11 E:\Jobs\UK Jobs\BenGhana\smartInvests\system\Commands\Server\rewrite.php(47): require_once('E:\\Jobs\\UK Jobs...')
#12 {main}
CRITICAL - 2023-03-21 08:03:15 --> Unknown column 'id' in 'where clause'
in SYSTEMPATH\Database\BaseConnection.php on line 645.
 1 SYSTEMPATH\Database\BaseBuilder.php(2777): CodeIgniter\Database\BaseConnection->query('DELETE FROM `producttable`
WHERE `productid` = :productid:
AND `id` IN :id:', [...], false)
 2 SYSTEMPATH\Model.php(455): CodeIgniter\Database\BaseBuilder->delete()
 3 SYSTEMPATH\BaseModel.php(1065): CodeIgniter\Model->doDelete([...], false)
 4 APPPATH\Controllers\ProductController.php(61): CodeIgniter\BaseModel->delete([...])
 5 SYSTEMPATH\CodeIgniter.php(934): App\Controllers\ProductController->delete('1')
 6 SYSTEMPATH\CodeIgniter.php(499): CodeIgniter\CodeIgniter->runController(Object(App\Controllers\ProductController))
 7 SYSTEMPATH\CodeIgniter.php(368): CodeIgniter\CodeIgniter->handleRequest(null, Object(Config\Cache), false)
 8 FCPATH\index.php(67): CodeIgniter\CodeIgniter->run()
 9 SYSTEMPATH\Commands\Server\rewrite.php(47): require_once('FCPATH\\index.php')
INFO - 2023-03-21 08:03:51 --> Session: Class initialized using 'CodeIgniter\Session\Handlers\FileHandler' driver.
ERROR - 2023-03-21 08:03:51 --> mysqli_sql_exception: Unknown column 'productid' in 'where clause' in E:\Jobs\UK Jobs\BenGhana\smartInvests\system\Database\MySQLi\Connection.php:295
Stack trace:
#0 E:\Jobs\UK Jobs\BenGhana\smartInvests\system\Database\MySQLi\Connection.php(295): mysqli->query('DELETE FROM `pr...', 0)
#1 E:\Jobs\UK Jobs\BenGhana\smartInvests\system\Database\BaseConnection.php(691): CodeIgniter\Database\MySQLi\Connection->execute('DELETE FROM `pr...')
#2 E:\Jobs\UK Jobs\BenGhana\smartInvests\system\Database\BaseConnection.php(605): CodeIgniter\Database\BaseConnection->simpleQuery('DELETE FROM `pr...')
#3 E:\Jobs\UK Jobs\BenGhana\smartInvests\system\Database\BaseBuilder.php(2777): CodeIgniter\Database\BaseConnection->query('DELETE FROM `pr...', Array, false)
#4 E:\Jobs\UK Jobs\BenGhana\smartInvests\system\Model.php(455): CodeIgniter\Database\BaseBuilder->delete()
#5 E:\Jobs\UK Jobs\BenGhana\smartInvests\system\BaseModel.php(1065): CodeIgniter\Model->doDelete(Array, false)
#6 E:\Jobs\UK Jobs\BenGhana\smartInvests\app\Controllers\ProductController.php(61): CodeIgniter\BaseModel->delete(Array)
#7 E:\Jobs\UK Jobs\BenGhana\smartInvests\system\CodeIgniter.php(934): App\Controllers\ProductController->delete('1')
#8 E:\Jobs\UK Jobs\BenGhana\smartInvests\system\CodeIgniter.php(499): CodeIgniter\CodeIgniter->runController(Object(App\Controllers\ProductController))
#9 E:\Jobs\UK Jobs\BenGhana\smartInvests\system\CodeIgniter.php(368): CodeIgniter\CodeIgniter->handleRequest(NULL, Object(Config\Cache), false)
#10 E:\Jobs\UK Jobs\BenGhana\smartInvests\public\index.php(67): CodeIgniter\CodeIgniter->run()
#11 E:\Jobs\UK Jobs\BenGhana\smartInvests\system\Commands\Server\rewrite.php(47): require_once('E:\\Jobs\\UK Jobs...')
#12 {main}
CRITICAL - 2023-03-21 08:03:51 --> Unknown column 'productid' in 'where clause'
in SYSTEMPATH\Database\BaseConnection.php on line 645.
 1 SYSTEMPATH\Database\BaseBuilder.php(2777): CodeIgniter\Database\BaseConnection->query('DELETE FROM `producttable`
WHERE `productid` = :productid:
AND `id` IN :id:', [...], false)
 2 SYSTEMPATH\Model.php(455): CodeIgniter\Database\BaseBuilder->delete()
 3 SYSTEMPATH\BaseModel.php(1065): CodeIgniter\Model->doDelete([...], false)
 4 APPPATH\Controllers\ProductController.php(61): CodeIgniter\BaseModel->delete([...])
 5 SYSTEMPATH\CodeIgniter.php(934): App\Controllers\ProductController->delete('1')
 6 SYSTEMPATH\CodeIgniter.php(499): CodeIgniter\CodeIgniter->runController(Object(App\Controllers\ProductController))
 7 SYSTEMPATH\CodeIgniter.php(368): CodeIgniter\CodeIgniter->handleRequest(null, Object(Config\Cache), false)
 8 FCPATH\index.php(67): CodeIgniter\CodeIgniter->run()
 9 SYSTEMPATH\Commands\Server\rewrite.php(47): require_once('FCPATH\\index.php')
INFO - 2023-03-21 08:04:11 --> Session: Class initialized using 'CodeIgniter\Session\Handlers\FileHandler' driver.
INFO - 2023-03-21 08:04:12 --> Session: Class initialized using 'CodeIgniter\Session\Handlers\FileHandler' driver.
ERROR - 2023-03-21 08:04:12 --> mysqli_sql_exception: Unknown column 'productid' in 'order clause' in E:\Jobs\UK Jobs\BenGhana\smartInvests\system\Database\MySQLi\Connection.php:295
Stack trace:
#0 E:\Jobs\UK Jobs\BenGhana\smartInvests\system\Database\MySQLi\Connection.php(295): mysqli->query('SELECT *\nFROM `...', 0)
#1 E:\Jobs\UK Jobs\BenGhana\smartInvests\system\Database\BaseConnection.php(691): CodeIgniter\Database\MySQLi\Connection->execute('SELECT *\nFROM `...')
#2 E:\Jobs\UK Jobs\BenGhana\smartInvests\system\Database\BaseConnection.php(605): CodeIgniter\Database\BaseConnection->simpleQuery('SELECT *\nFROM `...')
#3 E:\Jobs\UK Jobs\BenGhana\smartInvests\system\Database\BaseBuilder.php(1602): CodeIgniter\Database\BaseConnection->query('SELECT *\nFROM `...', Array, false)
#4 E:\Jobs\UK Jobs\BenGhana\smartInvests\system\Model.php(240): CodeIgniter\Database\BaseBuilder->get()
#5 E:\Jobs\UK Jobs\BenGhana\smartInvests\system\BaseModel.php(618): CodeIgniter\Model->doFindAll(0, 0)
#6 E:\Jobs\UK Jobs\BenGhana\smartInvests\app\Controllers\ProductController.php(20): CodeIgniter\BaseModel->findAll()
#7 E:\Jobs\UK Jobs\BenGhana\smartInvests\system\CodeIgniter.php(934): App\Controllers\ProductController->index()
#8 E:\Jobs\UK Jobs\BenGhana\smartInvests\system\CodeIgniter.php(499): CodeIgniter\CodeIgniter->runController(Object(App\Controllers\ProductController))
#9 E:\Jobs\UK Jobs\BenGhana\smartInvests\system\CodeIgniter.php(368): CodeIgniter\CodeIgniter->handleRequest(NULL, Object(Config\Cache), false)
#10 E:\Jobs\UK Jobs\BenGhana\smartInvests\public\index.php(67): CodeIgniter\CodeIgniter->run()
#11 E:\Jobs\UK Jobs\BenGhana\smartInvests\system\Commands\Server\rewrite.php(47): require_once('E:\\Jobs\\UK Jobs...')
#12 {main}
CRITICAL - 2023-03-21 08:04:12 --> Unknown column 'productid' in 'order clause'
in SYSTEMPATH\Database\BaseConnection.php on line 645.
 1 SYSTEMPATH\Database\BaseBuilder.php(1602): CodeIgniter\Database\BaseConnection->query('SELECT *
FROM `producttable`
ORDER BY `productid` ASC', [], false)
 2 SYSTEMPATH\Model.php(240): CodeIgniter\Database\BaseBuilder->get()
 3 SYSTEMPATH\BaseModel.php(618): CodeIgniter\Model->doFindAll(0, 0)
 4 APPPATH\Controllers\ProductController.php(20): CodeIgniter\BaseModel->findAll()
 5 SYSTEMPATH\CodeIgniter.php(934): App\Controllers\ProductController->index()
 6 SYSTEMPATH\CodeIgniter.php(499): CodeIgniter\CodeIgniter->runController(Object(App\Controllers\ProductController))
 7 SYSTEMPATH\CodeIgniter.php(368): CodeIgniter\CodeIgniter->handleRequest(null, Object(Config\Cache), false)
 8 FCPATH\index.php(67): CodeIgniter\CodeIgniter->run()
 9 SYSTEMPATH\Commands\Server\rewrite.php(47): require_once('FCPATH\\index.php')
INFO - 2023-03-21 08:04:34 --> Session: Class initialized using 'CodeIgniter\Session\Handlers\FileHandler' driver.
ERROR - 2023-03-21 08:04:34 --> mysqli_sql_exception: Unknown column 'productid' in 'order clause' in E:\Jobs\UK Jobs\BenGhana\smartInvests\system\Database\MySQLi\Connection.php:295
Stack trace:
#0 E:\Jobs\UK Jobs\BenGhana\smartInvests\system\Database\MySQLi\Connection.php(295): mysqli->query('SELECT *\nFROM `...', 0)
#1 E:\Jobs\UK Jobs\BenGhana\smartInvests\system\Database\BaseConnection.php(691): CodeIgniter\Database\MySQLi\Connection->execute('SELECT *\nFROM `...')
#2 E:\Jobs\UK Jobs\BenGhana\smartInvests\system\Database\BaseConnection.php(605): CodeIgniter\Database\BaseConnection->simpleQuery('SELECT *\nFROM `...')
#3 E:\Jobs\UK Jobs\BenGhana\smartInvests\system\Database\BaseBuilder.php(1602): CodeIgniter\Database\BaseConnection->query('SELECT *\nFROM `...', Array, false)
#4 E:\Jobs\UK Jobs\BenGhana\smartInvests\system\Model.php(240): CodeIgniter\Database\BaseBuilder->get()
#5 E:\Jobs\UK Jobs\BenGhana\smartInvests\system\BaseModel.php(618): CodeIgniter\Model->doFindAll(0, 0)
#6 E:\Jobs\UK Jobs\BenGhana\smartInvests\app\Controllers\ProductController.php(20): CodeIgniter\BaseModel->findAll()
#7 E:\Jobs\UK Jobs\BenGhana\smartInvests\system\CodeIgniter.php(934): App\Controllers\ProductController->index()
#8 E:\Jobs\UK Jobs\BenGhana\smartInvests\system\CodeIgniter.php(499): CodeIgniter\CodeIgniter->runController(Object(App\Controllers\ProductController))
#9 E:\Jobs\UK Jobs\BenGhana\smartInvests\system\CodeIgniter.php(368): CodeIgniter\CodeIgniter->handleRequest(NULL, Object(Config\Cache), false)
#10 E:\Jobs\UK Jobs\BenGhana\smartInvests\public\index.php(67): CodeIgniter\CodeIgniter->run()
#11 E:\Jobs\UK Jobs\BenGhana\smartInvests\system\Commands\Server\rewrite.php(47): require_once('E:\\Jobs\\UK Jobs...')
#12 {main}
CRITICAL - 2023-03-21 08:04:34 --> Unknown column 'productid' in 'order clause'
in SYSTEMPATH\Database\BaseConnection.php on line 645.
 1 SYSTEMPATH\Database\BaseBuilder.php(1602): CodeIgniter\Database\BaseConnection->query('SELECT *
FROM `producttable`
ORDER BY `productid` ASC', [], false)
 2 SYSTEMPATH\Model.php(240): CodeIgniter\Database\BaseBuilder->get()
 3 SYSTEMPATH\BaseModel.php(618): CodeIgniter\Model->doFindAll(0, 0)
 4 APPPATH\Controllers\ProductController.php(20): CodeIgniter\BaseModel->findAll()
 5 SYSTEMPATH\CodeIgniter.php(934): App\Controllers\ProductController->index()
 6 SYSTEMPATH\CodeIgniter.php(499): CodeIgniter\CodeIgniter->runController(Object(App\Controllers\ProductController))
 7 SYSTEMPATH\CodeIgniter.php(368): CodeIgniter\CodeIgniter->handleRequest(null, Object(Config\Cache), false)
 8 FCPATH\index.php(67): CodeIgniter\CodeIgniter->run()
 9 SYSTEMPATH\Commands\Server\rewrite.php(47): require_once('FCPATH\\index.php')
INFO - 2023-03-21 08:05:11 --> Session: Class initialized using 'CodeIgniter\Session\Handlers\FileHandler' driver.
CRITICAL - 2023-03-21 08:05:11 --> Undefined array key "productid"
in APPPATH\Views\products.php on line 28.
 1 APPPATH\Views\products.php(28): CodeIgniter\Debug\Exceptions->errorHandler(2, 'Undefined array key "productid"', 'APPPATH\\Views\\products.php', 28)
 2 SYSTEMPATH\View\View.php(213): include('APPPATH\\Views\\products.php')
 3 SYSTEMPATH\View\View.php(216): CodeIgniter\View\View->CodeIgniter\View\{closure}()
 4 SYSTEMPATH\Common.php(1177): CodeIgniter\View\View->render('products', [], true)
 5 APPPATH\Controllers\ProductController.php(21): view('products', [...])
 6 SYSTEMPATH\CodeIgniter.php(934): App\Controllers\ProductController->index()
 7 SYSTEMPATH\CodeIgniter.php(499): CodeIgniter\CodeIgniter->runController(Object(App\Controllers\ProductController))
 8 SYSTEMPATH\CodeIgniter.php(368): CodeIgniter\CodeIgniter->handleRequest(null, Object(Config\Cache), false)
 9 FCPATH\index.php(67): CodeIgniter\CodeIgniter->run()
10 SYSTEMPATH\Commands\Server\rewrite.php(47): require_once('FCPATH\\index.php')
INFO - 2023-03-21 08:05:13 --> Session: Class initialized using 'CodeIgniter\Session\Handlers\FileHandler' driver.
CRITICAL - 2023-03-21 08:05:14 --> Undefined array key "productid"
in APPPATH\Views\products.php on line 28.
 1 APPPATH\Views\products.php(28): CodeIgniter\Debug\Exceptions->errorHandler(2, 'Undefined array key "productid"', 'APPPATH\\Views\\products.php', 28)
 2 SYSTEMPATH\View\View.php(213): include('APPPATH\\Views\\products.php')
 3 SYSTEMPATH\View\View.php(216): CodeIgniter\View\View->CodeIgniter\View\{closure}()
 4 SYSTEMPATH\Common.php(1177): CodeIgniter\View\View->render('products', [], true)
 5 APPPATH\Controllers\ProductController.php(21): view('products', [...])
 6 SYSTEMPATH\CodeIgniter.php(934): App\Controllers\ProductController->index()
 7 SYSTEMPATH\CodeIgniter.php(499): CodeIgniter\CodeIgniter->runController(Object(App\Controllers\ProductController))
 8 SYSTEMPATH\CodeIgniter.php(368): CodeIgniter\CodeIgniter->handleRequest(null, Object(Config\Cache), false)
 9 FCPATH\index.php(67): CodeIgniter\CodeIgniter->run()
10 SYSTEMPATH\Commands\Server\rewrite.php(47): require_once('FCPATH\\index.php')
INFO - 2023-03-21 08:05:42 --> Session: Class initialized using 'CodeIgniter\Session\Handlers\FileHandler' driver.
CRITICAL - 2023-03-21 08:05:42 --> Undefined array key "productid"
in APPPATH\Views\products.php on line 28.
 1 APPPATH\Views\products.php(28): CodeIgniter\Debug\Exceptions->errorHandler(2, 'Undefined array key "productid"', 'APPPATH\\Views\\products.php', 28)
 2 SYSTEMPATH\View\View.php(213): include('APPPATH\\Views\\products.php')
 3 SYSTEMPATH\View\View.php(216): CodeIgniter\View\View->CodeIgniter\View\{closure}()
 4 SYSTEMPATH\Common.php(1177): CodeIgniter\View\View->render('products', [], true)
 5 APPPATH\Controllers\ProductController.php(21): view('products', [...])
 6 SYSTEMPATH\CodeIgniter.php(934): App\Controllers\ProductController->index()
 7 SYSTEMPATH\CodeIgniter.php(499): CodeIgniter\CodeIgniter->runController(Object(App\Controllers\ProductController))
 8 SYSTEMPATH\CodeIgniter.php(368): CodeIgniter\CodeIgniter->handleRequest(null, Object(Config\Cache), false)
 9 FCPATH\index.php(67): CodeIgniter\CodeIgniter->run()
10 SYSTEMPATH\Commands\Server\rewrite.php(47): require_once('FCPATH\\index.php')
INFO - 2023-03-21 08:05:44 --> Session: Class initialized using 'CodeIgniter\Session\Handlers\FileHandler' driver.
CRITICAL - 2023-03-21 08:05:44 --> Undefined array key "productid"
in APPPATH\Views\products.php on line 28.
 1 APPPATH\Views\products.php(28): CodeIgniter\Debug\Exceptions->errorHandler(2, 'Undefined array key "productid"', 'APPPATH\\Views\\products.php', 28)
 2 SYSTEMPATH\View\View.php(213): include('APPPATH\\Views\\products.php')
 3 SYSTEMPATH\View\View.php(216): CodeIgniter\View\View->CodeIgniter\View\{closure}()
 4 SYSTEMPATH\Common.php(1177): CodeIgniter\View\View->render('products', [], true)
 5 APPPATH\Controllers\ProductController.php(21): view('products', [...])
 6 SYSTEMPATH\CodeIgniter.php(934): App\Controllers\ProductController->index()
 7 SYSTEMPATH\CodeIgniter.php(499): CodeIgniter\CodeIgniter->runController(Object(App\Controllers\ProductController))
 8 SYSTEMPATH\CodeIgniter.php(368): CodeIgniter\CodeIgniter->handleRequest(null, Object(Config\Cache), false)
 9 FCPATH\index.php(67): CodeIgniter\CodeIgniter->run()
10 SYSTEMPATH\Commands\Server\rewrite.php(47): require_once('FCPATH\\index.php')
INFO - 2023-03-21 08:05:46 --> Session: Class initialized using 'CodeIgniter\Session\Handlers\FileHandler' driver.
CRITICAL - 2023-03-21 08:05:46 --> Undefined array key "productid"
in APPPATH\Views\products.php on line 28.
 1 APPPATH\Views\products.php(28): CodeIgniter\Debug\Exceptions->errorHandler(2, 'Undefined array key "productid"', 'APPPATH\\Views\\products.php', 28)
 2 SYSTEMPATH\View\View.php(213): include('APPPATH\\Views\\products.php')
 3 SYSTEMPATH\View\View.php(216): CodeIgniter\View\View->CodeIgniter\View\{closure}()
 4 SYSTEMPATH\Common.php(1177): CodeIgniter\View\View->render('products', [], true)
 5 APPPATH\Controllers\ProductController.php(21): view('products', [...])
 6 SYSTEMPATH\CodeIgniter.php(934): App\Controllers\ProductController->index()
 7 SYSTEMPATH\CodeIgniter.php(499): CodeIgniter\CodeIgniter->runController(Object(App\Controllers\ProductController))
 8 SYSTEMPATH\CodeIgniter.php(368): CodeIgniter\CodeIgniter->handleRequest(null, Object(Config\Cache), false)
 9 FCPATH\index.php(67): CodeIgniter\CodeIgniter->run()
10 SYSTEMPATH\Commands\Server\rewrite.php(47): require_once('FCPATH\\index.php')
INFO - 2023-03-21 08:06:05 --> Session: Class initialized using 'CodeIgniter\Session\Handlers\FileHandler' driver.
INFO - 2023-03-21 08:23:28 --> Session: Class initialized using 'CodeIgniter\Session\Handlers\FileHandler' driver.
INFO - 2023-03-21 08:23:31 --> Session: Class initialized using 'CodeIgniter\Session\Handlers\FileHandler' driver.
INFO - 2023-03-21 08:23:34 --> Session: Class initialized using 'CodeIgniter\Session\Handlers\FileHandler' driver.
INFO - 2023-03-21 08:28:19 --> Session: Class initialized using 'CodeIgniter\Session\Handlers\FileHandler' driver.
INFO - 2023-03-21 08:28:23 --> Session: Class initialized using 'CodeIgniter\Session\Handlers\FileHandler' driver.
INFO - 2023-03-21 08:29:14 --> Session: Class initialized using 'CodeIgniter\Session\Handlers\FileHandler' driver.
INFO - 2023-03-21 08:30:37 --> Session: Class initialized using 'CodeIgniter\Session\Handlers\FileHandler' driver.
INFO - 2023-03-21 08:31:02 --> Session: Class initialized using 'CodeIgniter\Session\Handlers\FileHandler' driver.
INFO - 2023-03-21 08:31:08 --> Session: Class initialized using 'CodeIgniter\Session\Handlers\FileHandler' driver.
INFO - 2023-03-21 08:31:08 --> Session: Class initialized using 'CodeIgniter\Session\Handlers\FileHandler' driver.
INFO - 2023-03-21 08:31:12 --> Session: Class initialized using 'CodeIgniter\Session\Handlers\FileHandler' driver.
INFO - 2023-03-21 08:31:15 --> Session: Class initialized using 'CodeIgniter\Session\Handlers\FileHandler' driver.
INFO - 2023-03-21 08:31:16 --> Session: Class initialized using 'CodeIgniter\Session\Handlers\FileHandler' driver.
INFO - 2023-03-21 08:33:08 --> Session: Class initialized using 'CodeIgniter\Session\Handlers\FileHandler' driver.
INFO - 2023-03-21 08:33:56 --> Session: Class initialized using 'CodeIgniter\Session\Handlers\FileHandler' driver.
INFO - 2023-03-21 08:33:56 --> Session: Class initialized using 'CodeIgniter\Session\Handlers\FileHandler' driver.
INFO - 2023-03-21 08:36:31 --> Session: Class initialized using 'CodeIgniter\Session\Handlers\FileHandler' driver.
INFO - 2023-03-21 08:38:55 --> Session: Class initialized using 'CodeIgniter\Session\Handlers\FileHandler' driver.
INFO - 2023-03-21 08:38:57 --> Session: Class initialized using 'CodeIgniter\Session\Handlers\FileHandler' driver.
INFO - 2023-03-21 08:46:29 --> Session: Class initialized using 'CodeIgniter\Session\Handlers\FileHandler' driver.
INFO - 2023-03-21 08:46:31 --> Session: Class initialized using 'CodeIgniter\Session\Handlers\FileHandler' driver.
INFO - 2023-03-21 08:47:28 --> Session: Class initialized using 'CodeIgniter\Session\Handlers\FileHandler' driver.
CRITICAL - 2023-03-21 08:47:28 --> Undefined variable $ideas
in APPPATH\Views\viewproduct.php on line 13.
 1 APPPATH\Views\viewproduct.php(13): CodeIgniter\Debug\Exceptions->errorHandler(2, 'Undefined variable $ideas', 'APPPATH\\Views\\viewproduct.php', 13)
 2 SYSTEMPATH\View\View.php(213): include('APPPATH\\Views\\viewproduct.php')
 3 SYSTEMPATH\View\View.php(216): CodeIgniter\View\View->CodeIgniter\View\{closure}()
 4 SYSTEMPATH\Common.php(1177): CodeIgniter\View\View->render('viewProduct', [], true)
 5 APPPATH\Controllers\ProductController.php(72): view('viewProduct', [...])
 6 SYSTEMPATH\CodeIgniter.php(934): App\Controllers\ProductController->viewProduct('2')
 7 SYSTEMPATH\CodeIgniter.php(499): CodeIgniter\CodeIgniter->runController(Object(App\Controllers\ProductController))
 8 SYSTEMPATH\CodeIgniter.php(368): CodeIgniter\CodeIgniter->handleRequest(null, Object(Config\Cache), false)
 9 FCPATH\index.php(67): CodeIgniter\CodeIgniter->run()
10 SYSTEMPATH\Commands\Server\rewrite.php(47): require_once('FCPATH\\index.php')
INFO - 2023-03-21 08:48:39 --> Session: Class initialized using 'CodeIgniter\Session\Handlers\FileHandler' driver.
CRITICAL - 2023-03-21 08:48:39 --> Undefined variable $product
in APPPATH\Views\viewproduct.php on line 13.
 1 APPPATH\Views\viewproduct.php(13): CodeIgniter\Debug\Exceptions->errorHandler(2, 'Undefined variable $product', 'APPPATH\\Views\\viewproduct.php', 13)
 2 SYSTEMPATH\View\View.php(213): include('APPPATH\\Views\\viewproduct.php')
 3 SYSTEMPATH\View\View.php(216): CodeIgniter\View\View->CodeIgniter\View\{closure}()
 4 SYSTEMPATH\Common.php(1177): CodeIgniter\View\View->render('viewProduct', [], true)
 5 APPPATH\Controllers\ProductController.php(72): view('viewProduct', [...])
 6 SYSTEMPATH\CodeIgniter.php(934): App\Controllers\ProductController->viewProduct('2')
 7 SYSTEMPATH\CodeIgniter.php(499): CodeIgniter\CodeIgniter->runController(Object(App\Controllers\ProductController))
 8 SYSTEMPATH\CodeIgniter.php(368): CodeIgniter\CodeIgniter->handleRequest(null, Object(Config\Cache), false)
 9 FCPATH\index.php(67): CodeIgniter\CodeIgniter->run()
10 SYSTEMPATH\Commands\Server\rewrite.php(47): require_once('FCPATH\\index.php')
INFO - 2023-03-21 08:51:07 --> Session: Class initialized using 'CodeIgniter\Session\Handlers\FileHandler' driver.
CRITICAL - 2023-03-21 08:51:07 --> Undefined variable $proproducttableuct
in APPPATH\Views\viewproduct.php on line 26.
 1 APPPATH\Views\viewproduct.php(26): CodeIgniter\Debug\Exceptions->errorHandler(2, 'Undefined variable $proproducttableuct', 'APPPATH\\Views\\viewproduct.php', 26)
 2 SYSTEMPATH\View\View.php(213): include('APPPATH\\Views\\viewproduct.php')
 3 SYSTEMPATH\View\View.php(216): CodeIgniter\View\View->CodeIgniter\View\{closure}()
 4 SYSTEMPATH\Common.php(1177): CodeIgniter\View\View->render('viewProduct', [], true)
 5 APPPATH\Controllers\ProductController.php(72): view('viewProduct', [...])
 6 SYSTEMPATH\CodeIgniter.php(934): App\Controllers\ProductController->viewProduct('2')
 7 SYSTEMPATH\CodeIgniter.php(499): CodeIgniter\CodeIgniter->runController(Object(App\Controllers\ProductController))
 8 SYSTEMPATH\CodeIgniter.php(368): CodeIgniter\CodeIgniter->handleRequest(null, Object(Config\Cache), false)
 9 FCPATH\index.php(67): CodeIgniter\CodeIgniter->run()
10 SYSTEMPATH\Commands\Server\rewrite.php(47): require_once('FCPATH\\index.php')
INFO - 2023-03-21 08:51:08 --> Session: Class initialized using 'CodeIgniter\Session\Handlers\FileHandler' driver.
CRITICAL - 2023-03-21 08:51:08 --> Undefined variable $proproducttableuct
in APPPATH\Views\viewproduct.php on line 26.
 1 APPPATH\Views\viewproduct.php(26): CodeIgniter\Debug\Exceptions->errorHandler(2, 'Undefined variable $proproducttableuct', 'APPPATH\\Views\\viewproduct.php', 26)
 2 SYSTEMPATH\View\View.php(213): include('APPPATH\\Views\\viewproduct.php')
 3 SYSTEMPATH\View\View.php(216): CodeIgniter\View\View->CodeIgniter\View\{closure}()
 4 SYSTEMPATH\Common.php(1177): CodeIgniter\View\View->render('viewProduct', [], true)
 5 APPPATH\Controllers\ProductController.php(72): view('viewProduct', [...])
 6 SYSTEMPATH\CodeIgniter.php(934): App\Controllers\ProductController->viewProduct('2')
 7 SYSTEMPATH\CodeIgniter.php(499): CodeIgniter\CodeIgniter->runController(Object(App\Controllers\ProductController))
 8 SYSTEMPATH\CodeIgniter.php(368): CodeIgniter\CodeIgniter->handleRequest(null, Object(Config\Cache), false)
 9 FCPATH\index.php(67): CodeIgniter\CodeIgniter->run()
10 SYSTEMPATH\Commands\Server\rewrite.php(47): require_once('FCPATH\\index.php')
INFO - 2023-03-21 08:51:26 --> Session: Class initialized using 'CodeIgniter\Session\Handlers\FileHandler' driver.
INFO - 2023-03-21 08:52:14 --> Session: Class initialized using 'CodeIgniter\Session\Handlers\FileHandler' driver.
INFO - 2023-03-21 08:54:14 --> Session: Class initialized using 'CodeIgniter\Session\Handlers\FileHandler' driver.
INFO - 2023-03-21 08:55:30 --> Session: Class initialized using 'CodeIgniter\Session\Handlers\FileHandler' driver.
INFO - 2023-03-21 08:56:13 --> Session: Class initialized using 'CodeIgniter\Session\Handlers\FileHandler' driver.
INFO - 2023-03-21 08:56:40 --> Session: Class initialized using 'CodeIgniter\Session\Handlers\FileHandler' driver.
INFO - 2023-03-21 08:57:06 --> Session: Class initialized using 'CodeIgniter\Session\Handlers\FileHandler' driver.
INFO - 2023-03-21 09:11:06 --> Session: Class initialized using 'CodeIgniter\Session\Handlers\FileHandler' driver.
INFO - 2023-03-21 09:11:44 --> Session: Class initialized using 'CodeIgniter\Session\Handlers\FileHandler' driver.
INFO - 2023-03-21 09:11:46 --> Session: Class initialized using 'CodeIgniter\Session\Handlers\FileHandler' driver.
INFO - 2023-03-21 09:15:33 --> Session: Class initialized using 'CodeIgniter\Session\Handlers\FileHandler' driver.
INFO - 2023-03-21 09:17:50 --> Session: Class initialized using 'CodeIgniter\Session\Handlers\FileHandler' driver.
INFO - 2023-03-21 09:17:51 --> Session: Class initialized using 'CodeIgniter\Session\Handlers\FileHandler' driver.
INFO - 2023-03-21 09:17:57 --> Session: Class initialized using 'CodeIgniter\Session\Handlers\FileHandler' driver.
INFO - 2023-03-21 09:18:28 --> Session: Class initialized using 'CodeIgniter\Session\Handlers\FileHandler' driver.
INFO - 2023-03-21 09:18:28 --> Session: Class initialized using 'CodeIgniter\Session\Handlers\FileHandler' driver.
INFO - 2023-03-21 09:18:35 --> Session: Class initialized using 'CodeIgniter\Session\Handlers\FileHandler' driver.
INFO - 2023-03-21 09:18:38 --> Session: Class initialized using 'CodeIgniter\Session\Handlers\FileHandler' driver.
INFO - 2023-03-21 09:18:40 --> Session: Class initialized using 'CodeIgniter\Session\Handlers\FileHandler' driver.
INFO - 2023-03-21 09:18:40 --> Session: Class initialized using 'CodeIgniter\Session\Handlers\FileHandler' driver.
INFO - 2023-03-21 09:18:46 --> Session: Class initialized using 'CodeIgniter\Session\Handlers\FileHandler' driver.
INFO - 2023-03-21 09:18:47 --> Session: Class initialized using 'CodeIgniter\Session\Handlers\FileHandler' driver.
INFO - 2023-03-21 09:19:10 --> Session: Class initialized using 'CodeIgniter\Session\Handlers\FileHandler' driver.
INFO - 2023-03-21 09:19:10 --> Session: Class initialized using 'CodeIgniter\Session\Handlers\FileHandler' driver.
INFO - 2023-03-21 09:19:16 --> Session: Class initialized using 'CodeIgniter\Session\Handlers\FileHandler' driver.
INFO - 2023-03-21 09:37:33 --> Session: Class initialized using 'CodeIgniter\Session\Handlers\FileHandler' driver.
INFO - 2023-03-21 09:37:43 --> Session: Class initialized using 'CodeIgniter\Session\Handlers\FileHandler' driver.
INFO - 2023-03-21 09:39:07 --> Session: Class initialized using 'CodeIgniter\Session\Handlers\FileHandler' driver.
INFO - 2023-03-21 09:39:28 --> Session: Class initialized using 'CodeIgniter\Session\Handlers\FileHandler' driver.
INFO - 2023-03-21 09:39:28 --> Session: Class initialized using 'CodeIgniter\Session\Handlers\FileHandler' driver.
INFO - 2023-03-21 09:39:34 --> Session: Class initialized using 'CodeIgniter\Session\Handlers\FileHandler' driver.
INFO - 2023-03-21 09:39:40 --> Session: Class initialized using 'CodeIgniter\Session\Handlers\FileHandler' driver.
INFO - 2023-03-21 09:39:40 --> Session: Class initialized using 'CodeIgniter\Session\Handlers\FileHandler' driver.
INFO - 2023-03-21 09:39:43 --> Session: Class initialized using 'CodeIgniter\Session\Handlers\FileHandler' driver.
INFO - 2023-03-21 09:40:07 --> Session: Class initialized using 'CodeIgniter\Session\Handlers\FileHandler' driver.
INFO - 2023-03-21 09:40:23 --> Session: Class initialized using 'CodeIgniter\Session\Handlers\FileHandler' driver.
INFO - 2023-03-21 09:40:23 --> Session: Class initialized using 'CodeIgniter\Session\Handlers\FileHandler' driver.
INFO - 2023-03-21 09:40:31 --> Session: Class initialized using 'CodeIgniter\Session\Handlers\FileHandler' driver.
INFO - 2023-03-21 09:40:31 --> Session: Class initialized using 'CodeIgniter\Session\Handlers\FileHandler' driver.
INFO - 2023-03-21 09:40:34 --> Session: Class initialized using 'CodeIgniter\Session\Handlers\FileHandler' driver.
INFO - 2023-03-21 09:40:36 --> Session: Class initialized using 'CodeIgniter\Session\Handlers\FileHandler' driver.
INFO - 2023-03-21 09:40:40 --> Session: Class initialized using 'CodeIgniter\Session\Handlers\FileHandler' driver.
INFO - 2023-03-21 09:41:01 --> Session: Class initialized using 'CodeIgniter\Session\Handlers\FileHandler' driver.
INFO - 2023-03-21 09:41:01 --> Session: Class initialized using 'CodeIgniter\Session\Handlers\FileHandler' driver.
INFO - 2023-03-21 09:41:10 --> Session: Class initialized using 'CodeIgniter\Session\Handlers\FileHandler' driver.
INFO - 2023-03-21 09:41:11 --> Session: Class initialized using 'CodeIgniter\Session\Handlers\FileHandler' driver.
INFO - 2023-03-21 09:41:13 --> Session: Class initialized using 'CodeIgniter\Session\Handlers\FileHandler' driver.
INFO - 2023-03-21 09:41:27 --> Session: Class initialized using 'CodeIgniter\Session\Handlers\FileHandler' driver.
INFO - 2023-03-21 14:06:00 --> Session: Class initialized using 'CodeIgniter\Session\Handlers\FileHandler' driver.
INFO - 2023-03-21 14:06:06 --> Session: Class initialized using 'CodeIgniter\Session\Handlers\FileHandler' driver.
INFO - 2023-03-21 14:06:07 --> Session: Class initialized using 'CodeIgniter\Session\Handlers\FileHandler' driver.
INFO - 2023-03-21 14:06:10 --> Session: Class initialized using 'CodeIgniter\Session\Handlers\FileHandler' driver.
INFO - 2023-03-21 14:06:34 --> Session: Class initialized using 'CodeIgniter\Session\Handlers\FileHandler' driver.
INFO - 2023-03-21 14:06:34 --> Session: Class initialized using 'CodeIgniter\Session\Handlers\FileHandler' driver.
INFO - 2023-03-21 14:06:38 --> Session: Class initialized using 'CodeIgniter\Session\Handlers\FileHandler' driver.
INFO - 2023-03-21 14:06:38 --> Session: Class initialized using 'CodeIgniter\Session\Handlers\FileHandler' driver.
INFO - 2023-03-21 14:06:44 --> Session: Class initialized using 'CodeIgniter\Session\Handlers\FileHandler' driver.
INFO - 2023-03-21 14:06:44 --> Session: Class initialized using 'CodeIgniter\Session\Handlers\FileHandler' driver.
INFO - 2023-03-21 14:16:15 --> Session: Class initialized using 'CodeIgniter\Session\Handlers\FileHandler' driver.
INFO - 2023-03-21 14:17:20 --> Session: Class initialized using 'CodeIgniter\Session\Handlers\FileHandler' driver.
INFO - 2023-03-21 14:17:38 --> Session: Class initialized using 'CodeIgniter\Session\Handlers\FileHandler' driver.
INFO - 2023-03-21 14:17:38 --> Session: Class initialized using 'CodeIgniter\Session\Handlers\FileHandler' driver.
INFO - 2023-03-21 14:17:43 --> Session: Class initialized using 'CodeIgniter\Session\Handlers\FileHandler' driver.
INFO - 2023-03-21 14:17:50 --> Session: Class initialized using 'CodeIgniter\Session\Handlers\FileHandler' driver.
INFO - 2023-03-21 14:17:53 --> Session: Class initialized using 'CodeIgniter\Session\Handlers\FileHandler' driver.
INFO - 2023-03-21 14:17:53 --> Session: Class initialized using 'CodeIgniter\Session\Handlers\FileHandler' driver.
INFO - 2023-03-21 14:17:59 --> Session: Class initialized using 'CodeIgniter\Session\Handlers\FileHandler' driver.
INFO - 2023-03-21 14:18:25 --> Session: Class initialized using 'CodeIgniter\Session\Handlers\FileHandler' driver.
INFO - 2023-03-21 14:18:25 --> Session: Class initialized using 'CodeIgniter\Session\Handlers\FileHandler' driver.
INFO - 2023-03-21 14:18:30 --> Session: Class initialized using 'CodeIgniter\Session\Handlers\FileHandler' driver.
INFO - 2023-03-21 14:18:30 --> Session: Class initialized using 'CodeIgniter\Session\Handlers\FileHandler' driver.
INFO - 2023-03-21 14:23:33 --> Session: Class initialized using 'CodeIgniter\Session\Handlers\FileHandler' driver.
INFO - 2023-03-21 14:23:41 --> Session: Class initialized using 'CodeIgniter\Session\Handlers\FileHandler' driver.
INFO - 2023-03-21 14:23:41 --> Session: Class initialized using 'CodeIgniter\Session\Handlers\FileHandler' driver.
INFO - 2023-03-21 14:23:46 --> Session: Class initialized using 'CodeIgniter\Session\Handlers\FileHandler' driver.
INFO - 2023-03-21 14:24:05 --> Session: Class initialized using 'CodeIgniter\Session\Handlers\FileHandler' driver.
INFO - 2023-03-21 14:24:06 --> Session: Class initialized using 'CodeIgniter\Session\Handlers\FileHandler' driver.
INFO - 2023-03-21 14:24:09 --> Session: Class initialized using 'CodeIgniter\Session\Handlers\FileHandler' driver.
INFO - 2023-03-21 14:24:09 --> Session: Class initialized using 'CodeIgniter\Session\Handlers\FileHandler' driver.
INFO - 2023-03-21 14:24:34 --> Session: Class initialized using 'CodeIgniter\Session\Handlers\FileHandler' driver.
INFO - 2023-03-21 14:24:40 --> Session: Class initialized using 'CodeIgniter\Session\Handlers\FileHandler' driver.
INFO - 2023-03-21 14:24:51 --> Session: Class initialized using 'CodeIgniter\Session\Handlers\FileHandler' driver.
INFO - 2023-03-21 14:25:11 --> Session: Class initialized using 'CodeIgniter\Session\Handlers\FileHandler' driver.
INFO - 2023-03-21 14:25:19 --> Session: Class initialized using 'CodeIgniter\Session\Handlers\FileHandler' driver.
INFO - 2023-03-21 14:26:22 --> Session: Class initialized using 'CodeIgniter\Session\Handlers\FileHandler' driver.
INFO - 2023-03-21 14:26:36 --> Session: Class initialized using 'CodeIgniter\Session\Handlers\FileHandler' driver.
INFO - 2023-03-21 14:26:36 --> Session: Class initialized using 'CodeIgniter\Session\Handlers\FileHandler' driver.
INFO - 2023-03-21 14:26:58 --> Session: Class initialized using 'CodeIgniter\Session\Handlers\FileHandler' driver.
INFO - 2023-03-21 14:27:28 --> Session: Class initialized using 'CodeIgniter\Session\Handlers\FileHandler' driver.
INFO - 2023-03-21 14:27:28 --> Session: Class initialized using 'CodeIgniter\Session\Handlers\FileHandler' driver.
INFO - 2023-03-21 14:27:40 --> Session: Class initialized using 'CodeIgniter\Session\Handlers\FileHandler' driver.
INFO - 2023-03-21 14:29:24 --> Session: Class initialized using 'CodeIgniter\Session\Handlers\FileHandler' driver.
INFO - 2023-03-21 14:29:26 --> Session: Class initialized using 'CodeIgniter\Session\Handlers\FileHandler' driver.
INFO - 2023-03-21 14:29:27 --> Session: Class initialized using 'CodeIgniter\Session\Handlers\FileHandler' driver.
INFO - 2023-03-21 14:29:35 --> Session: Class initialized using 'CodeIgniter\Session\Handlers\FileHandler' driver.
INFO - 2023-03-21 14:35:59 --> Session: Class initialized using 'CodeIgniter\Session\Handlers\FileHandler' driver.
INFO - 2023-03-21 14:36:01 --> Session: Class initialized using 'CodeIgniter\Session\Handlers\FileHandler' driver.
INFO - 2023-03-21 14:36:10 --> Session: Class initialized using 'CodeIgniter\Session\Handlers\FileHandler' driver.
INFO - 2023-03-21 14:36:11 --> Session: Class initialized using 'CodeIgniter\Session\Handlers\FileHandler' driver.
INFO - 2023-03-21 18:56:39 --> Session: Class initialized using 'CodeIgniter\Session\Handlers\FileHandler' driver.
INFO - 2023-03-21 18:56:52 --> Session: Class initialized using 'CodeIgniter\Session\Handlers\FileHandler' driver.
INFO - 2023-03-21 18:56:53 --> Session: Class initialized using 'CodeIgniter\Session\Handlers\FileHandler' driver.
INFO - 2023-03-21 18:56:57 --> Session: Class initialized using 'CodeIgniter\Session\Handlers\FileHandler' driver.
INFO - 2023-03-21 18:57:01 --> Session: Class initialized using 'CodeIgniter\Session\Handlers\FileHandler' driver.
INFO - 2023-03-21 18:57:14 --> Session: Class initialized using 'CodeIgniter\Session\Handlers\FileHandler' driver.
INFO - 2023-03-21 18:57:14 --> Session: Class initialized using 'CodeIgniter\Session\Handlers\FileHandler' driver.
INFO - 2023-03-21 18:57:17 --> Session: Class initialized using 'CodeIgniter\Session\Handlers\FileHandler' driver.
INFO - 2023-03-21 18:57:19 --> Session: Class initialized using 'CodeIgniter\Session\Handlers\FileHandler' driver.
INFO - 2023-03-21 18:57:25 --> Session: Class initialized using 'CodeIgniter\Session\Handlers\FileHandler' driver.
INFO - 2023-03-21 18:57:30 --> Session: Class initialized using 'CodeIgniter\Session\Handlers\FileHandler' driver.
INFO - 2023-03-21 18:57:33 --> Session: Class initialized using 'CodeIgniter\Session\Handlers\FileHandler' driver.
INFO - 2023-03-21 18:57:33 --> Session: Class initialized using 'CodeIgniter\Session\Handlers\FileHandler' driver.
INFO - 2023-03-21 18:57:37 --> Session: Class initialized using 'CodeIgniter\Session\Handlers\FileHandler' driver.
INFO - 2023-03-21 18:57:42 --> Session: Class initialized using 'CodeIgniter\Session\Handlers\FileHandler' driver.
INFO - 2023-03-21 18:57:42 --> Session: Class initialized using 'CodeIgniter\Session\Handlers\FileHandler' driver.
INFO - 2023-03-21 18:57:53 --> Session: Class initialized using 'CodeIgniter\Session\Handlers\FileHandler' driver.
INFO - 2023-03-21 18:58:55 --> Session: Class initialized using 'CodeIgniter\Session\Handlers\FileHandler' driver.
INFO - 2023-03-21 18:58:55 --> Session: Class initialized using 'CodeIgniter\Session\Handlers\FileHandler' driver.
INFO - 2023-03-21 19:01:12 --> Session: Class initialized using 'CodeIgniter\Session\Handlers\FileHandler' driver.
INFO - 2023-03-21 19:01:58 --> Session: Class initialized using 'CodeIgniter\Session\Handlers\FileHandler' driver.
